2023-11-16 16:14:48.035  INFO 12744 --- [restartedMain] .BoardFileUploaBootMybatisVueApplication : Starting BoardFileUploaBootMybatisVueApplication using Java 1.8.0_192 on DESKTOP-MDJG1NJ with PID 12744 (C:\SSAFY\SpringBoot\BoardFileUploaBootMybatisVue\bin\main started by SSAFY in C:\SSAFY\SpringBoot\BoardFileUploaBootMybatisVue)
2023-11-16 16:14:48.038  INFO 12744 --- [restartedMain] .BoardFileUploaBootMybatisVueApplication : No active profile set, falling back to 1 default profile: "default"
2023-11-16 16:14:48.069  INFO 12744 --- [restartedMain] .e.DevToolsPropertyDefaultsPostProcessor : Devtools property defaults active! Set 'spring.devtools.add-properties' to 'false' to disable
2023-11-16 16:14:48.070  INFO 12744 --- [restartedMain] .e.DevToolsPropertyDefaultsPostProcessor : For additional web related logging consider setting the 'logging.level.web' property to 'DEBUG'
2023-11-16 16:14:48.874  INFO 12744 --- [restartedMain] o.s.b.w.embedded.tomcat.TomcatWebServer  : Tomcat initialized with port(s): 8080 (http)
2023-11-16 16:14:48.880  INFO 12744 --- [restartedMain] o.apache.catalina.core.StandardService   : Starting service [Tomcat]
2023-11-16 16:14:48.880  INFO 12744 --- [restartedMain] org.apache.catalina.core.StandardEngine  : Starting Servlet engine: [Apache Tomcat/9.0.82]
2023-11-16 16:14:48.939  INFO 12744 --- [restartedMain] o.a.c.c.C.[Tomcat].[localhost].[/]       : Initializing Spring embedded WebApplicationContext
2023-11-16 16:14:48.939  INFO 12744 --- [restartedMain] w.s.c.ServletWebServerApplicationContext : Root WebApplicationContext: initialization completed in 863 ms
2023-11-16 16:14:49.454  INFO 12744 --- [restartedMain] o.s.b.d.a.OptionalLiveReloadServer       : LiveReload server is running on port 35729
2023-11-16 16:14:49.476  INFO 12744 --- [restartedMain] o.s.b.w.embedded.tomcat.TomcatWebServer  : Tomcat started on port(s): 8080 (http) with context path ''
2023-11-16 16:14:49.483  INFO 12744 --- [restartedMain] .BoardFileUploaBootMybatisVueApplication : Started BoardFileUploaBootMybatisVueApplication in 1.721 seconds (JVM running for 2.277)
2023-11-16 16:14:52.157  INFO 12744 --- [http-nio-8080-exec-1] o.a.c.c.C.[Tomcat].[localhost].[/]       : Initializing Spring DispatcherServlet 'dispatcherServlet'
2023-11-16 16:14:52.157  INFO 12744 --- [http-nio-8080-exec-1] o.s.web.servlet.DispatcherServlet        : Initializing Servlet 'dispatcherServlet'
2023-11-16 16:14:52.158  INFO 12744 --- [http-nio-8080-exec-1] o.s.web.servlet.DispatcherServlet        : Completed initialization in 0 ms
2023-11-16 16:14:52.215  INFO 12744 --- [http-nio-8080-exec-2] com.zaxxer.hikari.HikariDataSource       : HikariPool-1 - Starting...
2023-11-16 16:14:52.365  INFO 12744 --- [http-nio-8080-exec-2] com.zaxxer.hikari.HikariDataSource       : HikariPool-1 - Start completed.
2023-11-16 17:01:44.821  WARN 12744 --- [http-nio-8080-exec-5] .w.s.m.s.DefaultHandlerExceptionResolver : Resolved [org.springframework.web.HttpRequestMethodNotSupportedException: Request method 'POST' not supported]
2023-11-16 17:14:37.138  INFO 12744 --- [RMI TCP Connection(2)-127.0.0.1] inMXBeanRegistrar$SpringApplicationAdmin : Application shutdown requested.
2023-11-16 17:14:37.191  INFO 12744 --- [RMI TCP Connection(2)-127.0.0.1] o.apache.catalina.core.StandardService   : Stopping service [Tomcat]
2023-11-16 17:14:37.192  INFO 12744 --- [RMI TCP Connection(2)-127.0.0.1] o.a.c.c.C.[Tomcat].[localhost].[/]       : Destroying Spring FrameworkServlet 'dispatcherServlet'
2023-11-16 17:14:37.197  WARN 12744 --- [RMI TCP Connection(2)-127.0.0.1] o.a.c.loader.WebappClassLoaderBase       : The web application [ROOT] appears to have started a thread named [HikariPool-1 housekeeper] but has failed to stop it. This is very likely to create a memory leak. Stack trace of thread:
 sun.misc.Unsafe.park(Native Method)
 java.util.concurrent.locks.LockSupport.parkNanos(LockSupport.java:215)
 java.util.concurrent.locks.AbstractQueuedSynchronizer$ConditionObject.awaitNanos(AbstractQueuedSynchronizer.java:2078)
 java.util.concurrent.ScheduledThreadPoolExecutor$DelayedWorkQueue.take(ScheduledThreadPoolExecutor.java:1093)
 java.util.concurrent.ScheduledThreadPoolExecutor$DelayedWorkQueue.take(ScheduledThreadPoolExecutor.java:809)
 java.util.concurrent.ThreadPoolExecutor.getTask(ThreadPoolExecutor.java:1074)
 java.util.concurrent.ThreadPoolExecutor.runWorker(ThreadPoolExecutor.java:1134)
 java.util.concurrent.ThreadPoolExecutor$Worker.run(ThreadPoolExecutor.java:624)
 java.lang.Thread.run(Thread.java:748)
2023-11-16 17:14:37.201  INFO 12744 --- [RMI TCP Connection(2)-127.0.0.1] com.zaxxer.hikari.HikariDataSource       : HikariPool-1 - Shutdown initiated...
2023-11-16 17:14:37.209  INFO 12744 --- [RMI TCP Connection(2)-127.0.0.1] com.zaxxer.hikari.HikariDataSource       : HikariPool-1 - Shutdown completed.
2023-11-16 17:48:41.799  INFO 28392 --- [restartedMain] .BoardFileUploaBootMybatisVueApplication : Starting BoardFileUploaBootMybatisVueApplication using Java 1.8.0_192 on DESKTOP-MDJG1NJ with PID 28392 (C:\SSAFY\SpringBoot\BoardFileUploaBootMybatisVue\bin\main started by SSAFY in C:\SSAFY\SpringBoot\BoardFileUploaBootMybatisVue)
2023-11-16 17:48:41.800  INFO 28392 --- [restartedMain] .BoardFileUploaBootMybatisVueApplication : No active profile set, falling back to 1 default profile: "default"
2023-11-16 17:48:41.830  INFO 28392 --- [restartedMain] .e.DevToolsPropertyDefaultsPostProcessor : Devtools property defaults active! Set 'spring.devtools.add-properties' to 'false' to disable
2023-11-16 17:48:41.830  INFO 28392 --- [restartedMain] .e.DevToolsPropertyDefaultsPostProcessor : For additional web related logging consider setting the 'logging.level.web' property to 'DEBUG'
2023-11-16 17:48:42.586  INFO 28392 --- [restartedMain] o.s.b.w.embedded.tomcat.TomcatWebServer  : Tomcat initialized with port(s): 8080 (http)
2023-11-16 17:48:42.591  INFO 28392 --- [restartedMain] o.apache.catalina.core.StandardService   : Starting service [Tomcat]
2023-11-16 17:48:42.591  INFO 28392 --- [restartedMain] org.apache.catalina.core.StandardEngine  : Starting Servlet engine: [Apache Tomcat/9.0.82]
2023-11-16 17:48:42.648  INFO 28392 --- [restartedMain] o.a.c.c.C.[Tomcat].[localhost].[/]       : Initializing Spring embedded WebApplicationContext
2023-11-16 17:48:42.648  INFO 28392 --- [restartedMain] w.s.c.ServletWebServerApplicationContext : Root WebApplicationContext: initialization completed in 818 ms
2023-11-16 17:48:43.163  INFO 28392 --- [restartedMain] o.s.b.d.a.OptionalLiveReloadServer       : LiveReload server is running on port 35729
2023-11-16 17:48:43.185  INFO 28392 --- [restartedMain] o.s.b.w.embedded.tomcat.TomcatWebServer  : Tomcat started on port(s): 8080 (http) with context path ''
2023-11-16 17:48:43.193  INFO 28392 --- [restartedMain] .BoardFileUploaBootMybatisVueApplication : Started BoardFileUploaBootMybatisVueApplication in 1.665 seconds (JVM running for 2.183)
2023-11-16 17:48:45.356  INFO 28392 --- [http-nio-8080-exec-1] o.a.c.c.C.[Tomcat].[localhost].[/]       : Initializing Spring DispatcherServlet 'dispatcherServlet'
2023-11-16 17:48:45.356  INFO 28392 --- [http-nio-8080-exec-1] o.s.web.servlet.DispatcherServlet        : Initializing Servlet 'dispatcherServlet'
2023-11-16 17:48:45.357  INFO 28392 --- [http-nio-8080-exec-1] o.s.web.servlet.DispatcherServlet        : Completed initialization in 1 ms
2023-11-16 17:48:46.780  INFO 28392 --- [http-nio-8080-exec-3] com.zaxxer.hikari.HikariDataSource       : HikariPool-1 - Starting...
2023-11-16 17:48:46.932  INFO 28392 --- [http-nio-8080-exec-3] com.zaxxer.hikari.HikariDataSource       : HikariPool-1 - Start completed.
2023-11-16 17:51:42.652  INFO 28392 --- [File Watcher] rtingClassPathChangeChangedEventListener : Restarting due to 1 class path change (0 additions, 0 deletions, 1 modification)
2023-11-16 17:51:42.704  INFO 28392 --- [Thread-6] o.apache.catalina.core.StandardService   : Stopping service [Tomcat]
2023-11-16 17:51:42.705  INFO 28392 --- [Thread-6] o.a.c.c.C.[Tomcat].[localhost].[/]       : Destroying Spring FrameworkServlet 'dispatcherServlet'
2023-11-16 17:51:42.710  WARN 28392 --- [Thread-6] o.a.c.loader.WebappClassLoaderBase       : The web application [ROOT] appears to have started a thread named [HikariPool-1 housekeeper] but has failed to stop it. This is very likely to create a memory leak. Stack trace of thread:
 sun.misc.Unsafe.park(Native Method)
 java.util.concurrent.locks.LockSupport.parkNanos(LockSupport.java:215)
 java.util.concurrent.locks.AbstractQueuedSynchronizer$ConditionObject.awaitNanos(AbstractQueuedSynchronizer.java:2078)
 java.util.concurrent.ScheduledThreadPoolExecutor$DelayedWorkQueue.take(ScheduledThreadPoolExecutor.java:1093)
 java.util.concurrent.ScheduledThreadPoolExecutor$DelayedWorkQueue.take(ScheduledThreadPoolExecutor.java:809)
 java.util.concurrent.ThreadPoolExecutor.getTask(ThreadPoolExecutor.java:1074)
 java.util.concurrent.ThreadPoolExecutor.runWorker(ThreadPoolExecutor.java:1134)
 java.util.concurrent.ThreadPoolExecutor$Worker.run(ThreadPoolExecutor.java:624)
 java.lang.Thread.run(Thread.java:748)
2023-11-16 17:51:42.714  INFO 28392 --- [Thread-6] com.zaxxer.hikari.HikariDataSource       : HikariPool-1 - Shutdown initiated...
2023-11-16 17:51:42.723  INFO 28392 --- [Thread-6] com.zaxxer.hikari.HikariDataSource       : HikariPool-1 - Shutdown completed.
2023-11-16 17:51:42.826  INFO 28392 --- [restartedMain] .BoardFileUploaBootMybatisVueApplication : Starting BoardFileUploaBootMybatisVueApplication using Java 1.8.0_192 on DESKTOP-MDJG1NJ with PID 28392 (C:\SSAFY\SpringBoot\BoardFileUploaBootMybatisVue\bin\main started by SSAFY in C:\SSAFY\SpringBoot\BoardFileUploaBootMybatisVue)
2023-11-16 17:51:42.826  INFO 28392 --- [restartedMain] .BoardFileUploaBootMybatisVueApplication : No active profile set, falling back to 1 default profile: "default"
2023-11-16 17:51:43.074  INFO 28392 --- [restartedMain] o.s.b.w.embedded.tomcat.TomcatWebServer  : Tomcat initialized with port(s): 8080 (http)
2023-11-16 17:51:43.075  INFO 28392 --- [restartedMain] o.apache.catalina.core.StandardService   : Starting service [Tomcat]
2023-11-16 17:51:43.075  INFO 28392 --- [restartedMain] org.apache.catalina.core.StandardEngine  : Starting Servlet engine: [Apache Tomcat/9.0.82]
2023-11-16 17:51:43.090  INFO 28392 --- [restartedMain] o.a.c.c.C.[Tomcat].[localhost].[/]       : Initializing Spring embedded WebApplicationContext
2023-11-16 17:51:43.090  INFO 28392 --- [restartedMain] w.s.c.ServletWebServerApplicationContext : Root WebApplicationContext: initialization completed in 262 ms
2023-11-16 17:51:43.223  INFO 28392 --- [restartedMain] o.s.b.d.a.OptionalLiveReloadServer       : LiveReload server is running on port 35729
2023-11-16 17:51:43.230  INFO 28392 --- [restartedMain] o.s.b.w.embedded.tomcat.TomcatWebServer  : Tomcat started on port(s): 8080 (http) with context path ''
2023-11-16 17:51:43.233  INFO 28392 --- [restartedMain] .BoardFileUploaBootMybatisVueApplication : Started BoardFileUploaBootMybatisVueApplication in 0.433 seconds (JVM running for 182.253)
2023-11-16 17:51:43.236  INFO 28392 --- [restartedMain] .ConditionEvaluationDeltaLoggingListener : Condition evaluation unchanged
2023-11-16 17:51:45.186  INFO 28392 --- [RMI TCP Connection(2)-127.0.0.1] inMXBeanRegistrar$SpringApplicationAdmin : Application shutdown requested.
2023-11-16 17:51:45.235  INFO 28392 --- [RMI TCP Connection(2)-127.0.0.1] o.apache.catalina.core.StandardService   : Stopping service [Tomcat]
2023-11-16 17:51:48.293  INFO 31056 --- [restartedMain] .BoardFileUploaBootMybatisVueApplication : Starting BoardFileUploaBootMybatisVueApplication using Java 1.8.0_192 on DESKTOP-MDJG1NJ with PID 31056 (C:\SSAFY\SpringBoot\BoardFileUploaBootMybatisVue\bin\main started by SSAFY in C:\SSAFY\SpringBoot\BoardFileUploaBootMybatisVue)
2023-11-16 17:51:48.294  INFO 31056 --- [restartedMain] .BoardFileUploaBootMybatisVueApplication : No active profile set, falling back to 1 default profile: "default"
2023-11-16 17:51:48.323  INFO 31056 --- [restartedMain] .e.DevToolsPropertyDefaultsPostProcessor : Devtools property defaults active! Set 'spring.devtools.add-properties' to 'false' to disable
2023-11-16 17:51:48.323  INFO 31056 --- [restartedMain] .e.DevToolsPropertyDefaultsPostProcessor : For additional web related logging consider setting the 'logging.level.web' property to 'DEBUG'
2023-11-16 17:51:49.059  INFO 31056 --- [restartedMain] o.s.b.w.embedded.tomcat.TomcatWebServer  : Tomcat initialized with port(s): 8080 (http)
2023-11-16 17:51:49.064  INFO 31056 --- [restartedMain] o.apache.catalina.core.StandardService   : Starting service [Tomcat]
2023-11-16 17:51:49.064  INFO 31056 --- [restartedMain] org.apache.catalina.core.StandardEngine  : Starting Servlet engine: [Apache Tomcat/9.0.82]
2023-11-16 17:51:49.122  INFO 31056 --- [restartedMain] o.a.c.c.C.[Tomcat].[localhost].[/]       : Initializing Spring embedded WebApplicationContext
2023-11-16 17:51:49.123  INFO 31056 --- [restartedMain] w.s.c.ServletWebServerApplicationContext : Root WebApplicationContext: initialization completed in 800 ms
2023-11-16 17:51:49.647  INFO 31056 --- [restartedMain] o.s.b.d.a.OptionalLiveReloadServer       : LiveReload server is running on port 35729
2023-11-16 17:51:49.669  INFO 31056 --- [restartedMain] o.s.b.w.embedded.tomcat.TomcatWebServer  : Tomcat started on port(s): 8080 (http) with context path ''
2023-11-16 17:51:49.676  INFO 31056 --- [restartedMain] .BoardFileUploaBootMybatisVueApplication : Started BoardFileUploaBootMybatisVueApplication in 1.648 seconds (JVM running for 2.352)
2023-11-16 17:51:53.808  INFO 31056 --- [http-nio-8080-exec-1] o.a.c.c.C.[Tomcat].[localhost].[/]       : Initializing Spring DispatcherServlet 'dispatcherServlet'
2023-11-16 17:51:53.808  INFO 31056 --- [http-nio-8080-exec-1] o.s.web.servlet.DispatcherServlet        : Initializing Servlet 'dispatcherServlet'
2023-11-16 17:51:53.809  INFO 31056 --- [http-nio-8080-exec-1] o.s.web.servlet.DispatcherServlet        : Completed initialization in 0 ms
2023-11-16 17:51:54.932  INFO 31056 --- [http-nio-8080-exec-3] com.zaxxer.hikari.HikariDataSource       : HikariPool-1 - Starting...
2023-11-16 17:51:55.079  INFO 31056 --- [http-nio-8080-exec-3] com.zaxxer.hikari.HikariDataSource       : HikariPool-1 - Start completed.
2023-11-16 17:53:11.421  INFO 31056 --- [File Watcher] rtingClassPathChangeChangedEventListener : Restarting due to 1 class path change (0 additions, 0 deletions, 1 modification)
2023-11-16 17:53:11.473  INFO 31056 --- [Thread-6] o.apache.catalina.core.StandardService   : Stopping service [Tomcat]
2023-11-16 17:53:11.473  INFO 31056 --- [Thread-6] o.a.c.c.C.[Tomcat].[localhost].[/]       : Destroying Spring FrameworkServlet 'dispatcherServlet'
2023-11-16 17:53:11.478  WARN 31056 --- [Thread-6] o.a.c.loader.WebappClassLoaderBase       : The web application [ROOT] appears to have started a thread named [HikariPool-1 housekeeper] but has failed to stop it. This is very likely to create a memory leak. Stack trace of thread:
 sun.misc.Unsafe.park(Native Method)
 java.util.concurrent.locks.LockSupport.parkNanos(LockSupport.java:215)
 java.util.concurrent.locks.AbstractQueuedSynchronizer$ConditionObject.awaitNanos(AbstractQueuedSynchronizer.java:2078)
 java.util.concurrent.ScheduledThreadPoolExecutor$DelayedWorkQueue.take(ScheduledThreadPoolExecutor.java:1093)
 java.util.concurrent.ScheduledThreadPoolExecutor$DelayedWorkQueue.take(ScheduledThreadPoolExecutor.java:809)
 java.util.concurrent.ThreadPoolExecutor.getTask(ThreadPoolExecutor.java:1074)
 java.util.concurrent.ThreadPoolExecutor.runWorker(ThreadPoolExecutor.java:1134)
 java.util.concurrent.ThreadPoolExecutor$Worker.run(ThreadPoolExecutor.java:624)
 java.lang.Thread.run(Thread.java:748)
2023-11-16 17:53:11.483  INFO 31056 --- [Thread-6] com.zaxxer.hikari.HikariDataSource       : HikariPool-1 - Shutdown initiated...
2023-11-16 17:53:11.491  INFO 31056 --- [Thread-6] com.zaxxer.hikari.HikariDataSource       : HikariPool-1 - Shutdown completed.
2023-11-16 17:53:11.598  INFO 31056 --- [restartedMain] .BoardFileUploaBootMybatisVueApplication : Starting BoardFileUploaBootMybatisVueApplication using Java 1.8.0_192 on DESKTOP-MDJG1NJ with PID 31056 (C:\SSAFY\SpringBoot\BoardFileUploaBootMybatisVue\bin\main started by SSAFY in C:\SSAFY\SpringBoot\BoardFileUploaBootMybatisVue)
2023-11-16 17:53:11.598  INFO 31056 --- [restartedMain] .BoardFileUploaBootMybatisVueApplication : No active profile set, falling back to 1 default profile: "default"
2023-11-16 17:53:11.841  INFO 31056 --- [restartedMain] o.s.b.w.embedded.tomcat.TomcatWebServer  : Tomcat initialized with port(s): 8080 (http)
2023-11-16 17:53:11.842  INFO 31056 --- [restartedMain] o.apache.catalina.core.StandardService   : Starting service [Tomcat]
2023-11-16 17:53:11.842  INFO 31056 --- [restartedMain] org.apache.catalina.core.StandardEngine  : Starting Servlet engine: [Apache Tomcat/9.0.82]
2023-11-16 17:53:11.853  INFO 31056 --- [restartedMain] o.a.c.c.C.[Tomcat].[localhost].[/]       : Initializing Spring embedded WebApplicationContext
2023-11-16 17:53:11.853  INFO 31056 --- [restartedMain] w.s.c.ServletWebServerApplicationContext : Root WebApplicationContext: initialization completed in 253 ms
2023-11-16 17:53:11.972  INFO 31056 --- [restartedMain] o.s.b.d.a.OptionalLiveReloadServer       : LiveReload server is running on port 35729
2023-11-16 17:53:11.978  INFO 31056 --- [restartedMain] o.s.b.w.embedded.tomcat.TomcatWebServer  : Tomcat started on port(s): 8080 (http) with context path ''
2023-11-16 17:53:11.981  INFO 31056 --- [restartedMain] .BoardFileUploaBootMybatisVueApplication : Started BoardFileUploaBootMybatisVueApplication in 0.412 seconds (JVM running for 84.67)
2023-11-16 17:53:11.982  INFO 31056 --- [restartedMain] .ConditionEvaluationDeltaLoggingListener : Condition evaluation unchanged
2023-11-16 17:53:12.248  INFO 31056 --- [RMI TCP Connection(2)-127.0.0.1] inMXBeanRegistrar$SpringApplicationAdmin : Application shutdown requested.
2023-11-16 17:53:12.298  INFO 31056 --- [RMI TCP Connection(2)-127.0.0.1] o.apache.catalina.core.StandardService   : Stopping service [Tomcat]
2023-11-16 17:53:15.378  INFO 34328 --- [restartedMain] .BoardFileUploaBootMybatisVueApplication : Starting BoardFileUploaBootMybatisVueApplication using Java 1.8.0_192 on DESKTOP-MDJG1NJ with PID 34328 (C:\SSAFY\SpringBoot\BoardFileUploaBootMybatisVue\bin\main started by SSAFY in C:\SSAFY\SpringBoot\BoardFileUploaBootMybatisVue)
2023-11-16 17:53:15.379  INFO 34328 --- [restartedMain] .BoardFileUploaBootMybatisVueApplication : No active profile set, falling back to 1 default profile: "default"
2023-11-16 17:53:15.408  INFO 34328 --- [restartedMain] .e.DevToolsPropertyDefaultsPostProcessor : Devtools property defaults active! Set 'spring.devtools.add-properties' to 'false' to disable
2023-11-16 17:53:15.409  INFO 34328 --- [restartedMain] .e.DevToolsPropertyDefaultsPostProcessor : For additional web related logging consider setting the 'logging.level.web' property to 'DEBUG'
2023-11-16 17:53:16.130  INFO 34328 --- [restartedMain] o.s.b.w.embedded.tomcat.TomcatWebServer  : Tomcat initialized with port(s): 8080 (http)
2023-11-16 17:53:16.136  INFO 34328 --- [restartedMain] o.apache.catalina.core.StandardService   : Starting service [Tomcat]
2023-11-16 17:53:16.136  INFO 34328 --- [restartedMain] org.apache.catalina.core.StandardEngine  : Starting Servlet engine: [Apache Tomcat/9.0.82]
2023-11-16 17:53:16.195  INFO 34328 --- [restartedMain] o.a.c.c.C.[Tomcat].[localhost].[/]       : Initializing Spring embedded WebApplicationContext
2023-11-16 17:53:16.196  INFO 34328 --- [restartedMain] w.s.c.ServletWebServerApplicationContext : Root WebApplicationContext: initialization completed in 787 ms
2023-11-16 17:53:16.705  INFO 34328 --- [restartedMain] o.s.b.d.a.OptionalLiveReloadServer       : LiveReload server is running on port 35729
2023-11-16 17:53:16.727  INFO 34328 --- [restartedMain] o.s.b.w.embedded.tomcat.TomcatWebServer  : Tomcat started on port(s): 8080 (http) with context path ''
2023-11-16 17:53:16.734  INFO 34328 --- [restartedMain] .BoardFileUploaBootMybatisVueApplication : Started BoardFileUploaBootMybatisVueApplication in 1.614 seconds (JVM running for 2.112)
2023-11-16 17:53:23.196  INFO 34328 --- [http-nio-8080-exec-1] o.a.c.c.C.[Tomcat].[localhost].[/]       : Initializing Spring DispatcherServlet 'dispatcherServlet'
2023-11-16 17:53:23.196  INFO 34328 --- [http-nio-8080-exec-1] o.s.web.servlet.DispatcherServlet        : Initializing Servlet 'dispatcherServlet'
2023-11-16 17:53:23.197  INFO 34328 --- [http-nio-8080-exec-1] o.s.web.servlet.DispatcherServlet        : Completed initialization in 1 ms
2023-11-16 17:53:27.548  INFO 34328 --- [http-nio-8080-exec-4] com.zaxxer.hikari.HikariDataSource       : HikariPool-1 - Starting...
2023-11-16 17:53:27.703  INFO 34328 --- [http-nio-8080-exec-4] com.zaxxer.hikari.HikariDataSource       : HikariPool-1 - Start completed.
2023-11-16 17:54:47.286  INFO 34328 --- [File Watcher] rtingClassPathChangeChangedEventListener : Restarting due to 1 class path change (0 additions, 0 deletions, 1 modification)
2023-11-16 17:54:47.341  INFO 34328 --- [Thread-6] o.apache.catalina.core.StandardService   : Stopping service [Tomcat]
2023-11-16 17:54:47.342  INFO 34328 --- [Thread-6] o.a.c.c.C.[Tomcat].[localhost].[/]       : Destroying Spring FrameworkServlet 'dispatcherServlet'
2023-11-16 17:54:47.346  WARN 34328 --- [Thread-6] o.a.c.loader.WebappClassLoaderBase       : The web application [ROOT] appears to have started a thread named [HikariPool-1 housekeeper] but has failed to stop it. This is very likely to create a memory leak. Stack trace of thread:
 sun.misc.Unsafe.park(Native Method)
 java.util.concurrent.locks.LockSupport.parkNanos(LockSupport.java:215)
 java.util.concurrent.locks.AbstractQueuedSynchronizer$ConditionObject.awaitNanos(AbstractQueuedSynchronizer.java:2078)
 java.util.concurrent.ScheduledThreadPoolExecutor$DelayedWorkQueue.take(ScheduledThreadPoolExecutor.java:1093)
 java.util.concurrent.ScheduledThreadPoolExecutor$DelayedWorkQueue.take(ScheduledThreadPoolExecutor.java:809)
 java.util.concurrent.ThreadPoolExecutor.getTask(ThreadPoolExecutor.java:1074)
 java.util.concurrent.ThreadPoolExecutor.runWorker(ThreadPoolExecutor.java:1134)
 java.util.concurrent.ThreadPoolExecutor$Worker.run(ThreadPoolExecutor.java:624)
 java.lang.Thread.run(Thread.java:748)
2023-11-16 17:54:47.350  INFO 34328 --- [Thread-6] com.zaxxer.hikari.HikariDataSource       : HikariPool-1 - Shutdown initiated...
2023-11-16 17:54:47.358  INFO 34328 --- [Thread-6] com.zaxxer.hikari.HikariDataSource       : HikariPool-1 - Shutdown completed.
2023-11-16 17:54:47.459  INFO 34328 --- [restartedMain] .BoardFileUploaBootMybatisVueApplication : Starting BoardFileUploaBootMybatisVueApplication using Java 1.8.0_192 on DESKTOP-MDJG1NJ with PID 34328 (C:\SSAFY\SpringBoot\BoardFileUploaBootMybatisVue\bin\main started by SSAFY in C:\SSAFY\SpringBoot\BoardFileUploaBootMybatisVue)
2023-11-16 17:54:47.460  INFO 34328 --- [restartedMain] .BoardFileUploaBootMybatisVueApplication : No active profile set, falling back to 1 default profile: "default"
2023-11-16 17:54:47.700  INFO 34328 --- [restartedMain] o.s.b.w.embedded.tomcat.TomcatWebServer  : Tomcat initialized with port(s): 8080 (http)
2023-11-16 17:54:47.700  INFO 34328 --- [restartedMain] o.apache.catalina.core.StandardService   : Starting service [Tomcat]
2023-11-16 17:54:47.700  INFO 34328 --- [restartedMain] org.apache.catalina.core.StandardEngine  : Starting Servlet engine: [Apache Tomcat/9.0.82]
2023-11-16 17:54:47.719  INFO 34328 --- [restartedMain] o.a.c.c.C.[Tomcat].[localhost].[/]       : Initializing Spring embedded WebApplicationContext
2023-11-16 17:54:47.719  INFO 34328 --- [restartedMain] w.s.c.ServletWebServerApplicationContext : Root WebApplicationContext: initialization completed in 257 ms
2023-11-16 17:54:47.838  INFO 34328 --- [restartedMain] o.s.b.d.a.OptionalLiveReloadServer       : LiveReload server is running on port 35729
2023-11-16 17:54:47.845  INFO 34328 --- [restartedMain] o.s.b.w.embedded.tomcat.TomcatWebServer  : Tomcat started on port(s): 8080 (http) with context path ''
2023-11-16 17:54:47.848  INFO 34328 --- [restartedMain] .BoardFileUploaBootMybatisVueApplication : Started BoardFileUploaBootMybatisVueApplication in 0.414 seconds (JVM running for 93.241)
2023-11-16 17:54:47.851  INFO 34328 --- [restartedMain] .ConditionEvaluationDeltaLoggingListener : Condition evaluation unchanged
2023-11-16 17:54:48.446  INFO 34328 --- [RMI TCP Connection(2)-127.0.0.1] inMXBeanRegistrar$SpringApplicationAdmin : Application shutdown requested.
2023-11-16 17:54:48.499  INFO 34328 --- [RMI TCP Connection(2)-127.0.0.1] o.apache.catalina.core.StandardService   : Stopping service [Tomcat]
2023-11-16 17:55:05.863  INFO 33428 --- [restartedMain] .BoardFileUploaBootMybatisVueApplication : Starting BoardFileUploaBootMybatisVueApplication using Java 1.8.0_192 on DESKTOP-MDJG1NJ with PID 33428 (C:\SSAFY\SpringBoot\BoardFileUploaBootMybatisVue\bin\main started by SSAFY in C:\SSAFY\SpringBoot\BoardFileUploaBootMybatisVue)
2023-11-16 17:55:05.864  INFO 33428 --- [restartedMain] .BoardFileUploaBootMybatisVueApplication : No active profile set, falling back to 1 default profile: "default"
2023-11-16 17:55:05.894  INFO 33428 --- [restartedMain] .e.DevToolsPropertyDefaultsPostProcessor : Devtools property defaults active! Set 'spring.devtools.add-properties' to 'false' to disable
2023-11-16 17:55:05.894  INFO 33428 --- [restartedMain] .e.DevToolsPropertyDefaultsPostProcessor : For additional web related logging consider setting the 'logging.level.web' property to 'DEBUG'
2023-11-16 17:55:06.615  INFO 33428 --- [restartedMain] o.s.b.w.embedded.tomcat.TomcatWebServer  : Tomcat initialized with port(s): 8080 (http)
2023-11-16 17:55:06.620  INFO 33428 --- [restartedMain] o.apache.catalina.core.StandardService   : Starting service [Tomcat]
2023-11-16 17:55:06.621  INFO 33428 --- [restartedMain] org.apache.catalina.core.StandardEngine  : Starting Servlet engine: [Apache Tomcat/9.0.82]
2023-11-16 17:55:06.683  INFO 33428 --- [restartedMain] o.a.c.c.C.[Tomcat].[localhost].[/]       : Initializing Spring embedded WebApplicationContext
2023-11-16 17:55:06.683  INFO 33428 --- [restartedMain] w.s.c.ServletWebServerApplicationContext : Root WebApplicationContext: initialization completed in 789 ms
2023-11-16 17:55:07.190  INFO 33428 --- [restartedMain] o.s.b.d.a.OptionalLiveReloadServer       : LiveReload server is running on port 35729
2023-11-16 17:55:07.212  INFO 33428 --- [restartedMain] o.s.b.w.embedded.tomcat.TomcatWebServer  : Tomcat started on port(s): 8080 (http) with context path ''
2023-11-16 17:55:07.219  INFO 33428 --- [restartedMain] .BoardFileUploaBootMybatisVueApplication : Started BoardFileUploaBootMybatisVueApplication in 1.619 seconds (JVM running for 2.118)
2023-11-16 17:55:10.140  INFO 33428 --- [http-nio-8080-exec-1] o.a.c.c.C.[Tomcat].[localhost].[/]       : Initializing Spring DispatcherServlet 'dispatcherServlet'
2023-11-16 17:55:10.140  INFO 33428 --- [http-nio-8080-exec-1] o.s.web.servlet.DispatcherServlet        : Initializing Servlet 'dispatcherServlet'
2023-11-16 17:55:10.141  INFO 33428 --- [http-nio-8080-exec-1] o.s.web.servlet.DispatcherServlet        : Completed initialization in 1 ms
2023-11-16 17:55:11.221  INFO 33428 --- [http-nio-8080-exec-3] com.zaxxer.hikari.HikariDataSource       : HikariPool-1 - Starting...
2023-11-16 17:55:11.374  INFO 33428 --- [http-nio-8080-exec-3] com.zaxxer.hikari.HikariDataSource       : HikariPool-1 - Start completed.
2023-11-16 17:55:49.245  INFO 33428 --- [RMI TCP Connection(2)-127.0.0.1] inMXBeanRegistrar$SpringApplicationAdmin : Application shutdown requested.
2023-11-16 17:55:49.300  INFO 33428 --- [RMI TCP Connection(2)-127.0.0.1] o.apache.catalina.core.StandardService   : Stopping service [Tomcat]
2023-11-16 17:55:49.301  INFO 33428 --- [RMI TCP Connection(2)-127.0.0.1] o.a.c.c.C.[Tomcat].[localhost].[/]       : Destroying Spring FrameworkServlet 'dispatcherServlet'
2023-11-16 17:55:49.306  WARN 33428 --- [RMI TCP Connection(2)-127.0.0.1] o.a.c.loader.WebappClassLoaderBase       : The web application [ROOT] appears to have started a thread named [HikariPool-1 housekeeper] but has failed to stop it. This is very likely to create a memory leak. Stack trace of thread:
 sun.misc.Unsafe.park(Native Method)
 java.util.concurrent.locks.LockSupport.parkNanos(LockSupport.java:215)
 java.util.concurrent.locks.AbstractQueuedSynchronizer$ConditionObject.awaitNanos(AbstractQueuedSynchronizer.java:2078)
 java.util.concurrent.ScheduledThreadPoolExecutor$DelayedWorkQueue.take(ScheduledThreadPoolExecutor.java:1093)
 java.util.concurrent.ScheduledThreadPoolExecutor$DelayedWorkQueue.take(ScheduledThreadPoolExecutor.java:809)
 java.util.concurrent.ThreadPoolExecutor.getTask(ThreadPoolExecutor.java:1074)
 java.util.concurrent.ThreadPoolExecutor.runWorker(ThreadPoolExecutor.java:1134)
 java.util.concurrent.ThreadPoolExecutor$Worker.run(ThreadPoolExecutor.java:624)
 java.lang.Thread.run(Thread.java:748)
2023-11-16 17:55:49.310  INFO 33428 --- [RMI TCP Connection(2)-127.0.0.1] com.zaxxer.hikari.HikariDataSource       : HikariPool-1 - Shutdown initiated...
2023-11-16 17:55:49.320  INFO 33428 --- [RMI TCP Connection(2)-127.0.0.1] com.zaxxer.hikari.HikariDataSource       : HikariPool-1 - Shutdown completed.
