2023-11-24 13:57:28.783  INFO 6788 --- [restartedMain] .BoardFileUploaBootMybatisVueApplication : Starting BoardFileUploaBootMybatisVueApplication using Java 1.8.0_192 on DESKTOP-MDJG1NJ with PID 6788 (C:\SSAFY\SpringBoot\BoardFileUploaBootMybatisVue\bin\main started by SSAFY in C:\SSAFY\SpringBoot\BoardFileUploaBootMybatisVue)
2023-11-24 13:57:28.787  INFO 6788 --- [restartedMain] .BoardFileUploaBootMybatisVueApplication : No active profile set, falling back to 1 default profile: "default"
2023-11-24 13:57:28.816  INFO 6788 --- [restartedMain] .e.DevToolsPropertyDefaultsPostProcessor : Devtools property defaults active! Set 'spring.devtools.add-properties' to 'false' to disable
2023-11-24 13:57:28.816  INFO 6788 --- [restartedMain] .e.DevToolsPropertyDefaultsPostProcessor : For additional web related logging consider setting the 'logging.level.web' property to 'DEBUG'
2023-11-24 13:57:29.554  INFO 6788 --- [restartedMain] o.s.b.w.embedded.tomcat.TomcatWebServer  : Tomcat initialized with port(s): 8080 (http)
2023-11-24 13:57:29.560  INFO 6788 --- [restartedMain] o.apache.catalina.core.StandardService   : Starting service [Tomcat]
2023-11-24 13:57:29.560  INFO 6788 --- [restartedMain] org.apache.catalina.core.StandardEngine  : Starting Servlet engine: [Apache Tomcat/9.0.82]
2023-11-24 13:57:29.614  INFO 6788 --- [restartedMain] o.a.c.c.C.[Tomcat].[localhost].[/]       : Initializing Spring embedded WebApplicationContext
2023-11-24 13:57:29.614  INFO 6788 --- [restartedMain] w.s.c.ServletWebServerApplicationContext : Root WebApplicationContext: initialization completed in 797 ms
2023-11-24 13:57:30.142  INFO 6788 --- [restartedMain] o.s.b.d.a.OptionalLiveReloadServer       : LiveReload server is running on port 35729
2023-11-24 13:57:30.164  INFO 6788 --- [restartedMain] o.s.b.w.embedded.tomcat.TomcatWebServer  : Tomcat started on port(s): 8080 (http) with context path ''
2023-11-24 13:57:30.171  INFO 6788 --- [restartedMain] .BoardFileUploaBootMybatisVueApplication : Started BoardFileUploaBootMybatisVueApplication in 1.646 seconds (JVM running for 2.13)
2023-11-24 13:58:07.265  INFO 6788 --- [http-nio-8080-exec-1] o.a.c.c.C.[Tomcat].[localhost].[/]       : Initializing Spring DispatcherServlet 'dispatcherServlet'
2023-11-24 13:58:07.266  INFO 6788 --- [http-nio-8080-exec-1] o.s.web.servlet.DispatcherServlet        : Initializing Servlet 'dispatcherServlet'
2023-11-24 13:58:07.266  INFO 6788 --- [http-nio-8080-exec-1] o.s.web.servlet.DispatcherServlet        : Completed initialization in 0 ms
2023-11-24 13:58:07.321  INFO 6788 --- [http-nio-8080-exec-2] com.zaxxer.hikari.HikariDataSource       : HikariPool-1 - Starting...
2023-11-24 13:58:07.465  INFO 6788 --- [http-nio-8080-exec-2] com.zaxxer.hikari.HikariDataSource       : HikariPool-1 - Start completed.
2023-11-24 14:01:42.670  INFO 6788 --- [RMI TCP Connection(2)-127.0.0.1] inMXBeanRegistrar$SpringApplicationAdmin : Application shutdown requested.
2023-11-24 14:01:42.723  INFO 6788 --- [RMI TCP Connection(2)-127.0.0.1] o.apache.catalina.core.StandardService   : Stopping service [Tomcat]
2023-11-24 14:01:42.724  INFO 6788 --- [RMI TCP Connection(2)-127.0.0.1] o.a.c.c.C.[Tomcat].[localhost].[/]       : Destroying Spring FrameworkServlet 'dispatcherServlet'
2023-11-24 14:01:42.729  WARN 6788 --- [RMI TCP Connection(2)-127.0.0.1] o.a.c.loader.WebappClassLoaderBase       : The web application [ROOT] appears to have started a thread named [HikariPool-1 housekeeper] but has failed to stop it. This is very likely to create a memory leak. Stack trace of thread:
 sun.misc.Unsafe.park(Native Method)
 java.util.concurrent.locks.LockSupport.parkNanos(LockSupport.java:215)
 java.util.concurrent.locks.AbstractQueuedSynchronizer$ConditionObject.awaitNanos(AbstractQueuedSynchronizer.java:2078)
 java.util.concurrent.ScheduledThreadPoolExecutor$DelayedWorkQueue.take(ScheduledThreadPoolExecutor.java:1093)
 java.util.concurrent.ScheduledThreadPoolExecutor$DelayedWorkQueue.take(ScheduledThreadPoolExecutor.java:809)
 java.util.concurrent.ThreadPoolExecutor.getTask(ThreadPoolExecutor.java:1074)
 java.util.concurrent.ThreadPoolExecutor.runWorker(ThreadPoolExecutor.java:1134)
 java.util.concurrent.ThreadPoolExecutor$Worker.run(ThreadPoolExecutor.java:624)
 java.lang.Thread.run(Thread.java:748)
2023-11-24 14:01:42.735  INFO 6788 --- [RMI TCP Connection(2)-127.0.0.1] com.zaxxer.hikari.HikariDataSource       : HikariPool-1 - Shutdown initiated...
2023-11-24 14:01:42.746  INFO 6788 --- [RMI TCP Connection(2)-127.0.0.1] com.zaxxer.hikari.HikariDataSource       : HikariPool-1 - Shutdown completed.
