2023-11-08 16:05:29.058  INFO 14416 --- [restartedMain] c.mycom.more.SpringBootMoreApplication   : Starting SpringBootMoreApplication using Java 1.8.0_192 on DESKTOP-MDJG1NJ with PID 14416 (C:\SSAFY\SpringBoot\SpringBootMore\bin\main started by SSAFY in C:\SSAFY\SpringBoot\SpringBootMore)
2023-11-08 16:05:29.061  INFO 14416 --- [restartedMain] c.mycom.more.SpringBootMoreApplication   : No active profile set, falling back to 1 default profile: "default"
2023-11-08 16:05:29.091  INFO 14416 --- [restartedMain] .e.DevToolsPropertyDefaultsPostProcessor : Devtools property defaults active! Set 'spring.devtools.add-properties' to 'false' to disable
2023-11-08 16:05:29.091  INFO 14416 --- [restartedMain] .e.DevToolsPropertyDefaultsPostProcessor : For additional web related logging consider setting the 'logging.level.web' property to 'DEBUG'
2023-11-08 16:05:29.809  INFO 14416 --- [restartedMain] o.s.b.w.embedded.tomcat.TomcatWebServer  : Tomcat initialized with port(s): 8080 (http)
2023-11-08 16:05:29.815  INFO 14416 --- [restartedMain] o.apache.catalina.core.StandardService   : Starting service [Tomcat]
2023-11-08 16:05:29.815  INFO 14416 --- [restartedMain] org.apache.catalina.core.StandardEngine  : Starting Servlet engine: [Apache Tomcat/9.0.82]
2023-11-08 16:05:29.866  INFO 14416 --- [restartedMain] o.a.c.c.C.[Tomcat].[localhost].[/]       : Initializing Spring embedded WebApplicationContext
2023-11-08 16:05:29.867  INFO 14416 --- [restartedMain] w.s.c.ServletWebServerApplicationContext : Root WebApplicationContext: initialization completed in 776 ms
2023-11-08 16:05:30.264  INFO 14416 --- [restartedMain] o.s.b.d.a.OptionalLiveReloadServer       : LiveReload server is running on port 35729
2023-11-08 16:05:30.321  INFO 14416 --- [restartedMain] o.s.b.w.embedded.tomcat.TomcatWebServer  : Tomcat started on port(s): 8080 (http) with context path ''
2023-11-08 16:05:30.329  INFO 14416 --- [restartedMain] c.mycom.more.SpringBootMoreApplication   : Started SpringBootMoreApplication in 1.53 seconds (JVM running for 2.013)
2023-11-08 16:05:51.087  INFO 14416 --- [http-nio-8080-exec-1] o.a.c.c.C.[Tomcat].[localhost].[/]       : Initializing Spring DispatcherServlet 'dispatcherServlet'
2023-11-08 16:05:51.087  INFO 14416 --- [http-nio-8080-exec-1] o.s.web.servlet.DispatcherServlet        : Initializing Servlet 'dispatcherServlet'
2023-11-08 16:05:51.088  INFO 14416 --- [http-nio-8080-exec-1] o.s.web.servlet.DispatcherServlet        : Completed initialization in 1 ms
2023-11-08 16:05:51.125  WARN 14416 --- [http-nio-8080-exec-1] .w.s.m.s.DefaultHandlerExceptionResolver : Resolved [org.springframework.web.method.annotation.MethodArgumentTypeMismatchException: Failed to convert value of type 'java.lang.String' to required type 'int'; nested exception is java.lang.NumberFormatException: For input string: "undefined"]
2023-11-08 16:05:51.131  INFO 14416 --- [http-nio-8080-exec-2] com.zaxxer.hikari.HikariDataSource       : HikariPool-1 - Starting...
2023-11-08 16:05:51.307  INFO 14416 --- [http-nio-8080-exec-2] com.zaxxer.hikari.HikariDataSource       : HikariPool-1 - Start completed.
2023-11-08 16:05:51.312 DEBUG 14416 --- [http-nio-8080-exec-2] com.mycom.more.dao.StudentDao.list       : ==>  Preparing: select student_id,student_nm, email, phone, views from student
2023-11-08 16:05:51.329 DEBUG 14416 --- [http-nio-8080-exec-2] com.mycom.more.dao.StudentDao.list       : ==> Parameters: 
2023-11-08 16:05:51.345 DEBUG 14416 --- [http-nio-8080-exec-2] com.mycom.more.dao.StudentDao.list       : <==      Total: 11
2023-11-08 16:05:51.438 DEBUG 14416 --- [http-nio-8080-exec-3] com.mycom.more.dao.StudentDao.list       : ==>  Preparing: select student_id,student_nm, email, phone, views from student
2023-11-08 16:05:51.439  WARN 14416 --- [http-nio-8080-exec-5] .w.s.m.s.DefaultHandlerExceptionResolver : Resolved [org.springframework.web.method.annotation.MethodArgumentTypeMismatchException: Failed to convert value of type 'java.lang.String' to required type 'int'; nested exception is java.lang.NumberFormatException: For input string: "undefined"]
2023-11-08 16:05:51.439 DEBUG 14416 --- [http-nio-8080-exec-3] com.mycom.more.dao.StudentDao.list       : ==> Parameters: 
2023-11-08 16:05:51.445 DEBUG 14416 --- [http-nio-8080-exec-3] com.mycom.more.dao.StudentDao.list       : <==      Total: 11
2023-11-08 16:05:52.054  WARN 14416 --- [http-nio-8080-exec-6] .w.s.m.s.DefaultHandlerExceptionResolver : Resolved [org.springframework.web.method.annotation.MethodArgumentTypeMismatchException: Failed to convert value of type 'java.lang.String' to required type 'int'; nested exception is java.lang.NumberFormatException: For input string: "undefined"]
2023-11-08 16:05:52.054 DEBUG 14416 --- [http-nio-8080-exec-4] com.mycom.more.dao.StudentDao.list       : ==>  Preparing: select student_id,student_nm, email, phone, views from student
2023-11-08 16:05:52.055 DEBUG 14416 --- [http-nio-8080-exec-4] com.mycom.more.dao.StudentDao.list       : ==> Parameters: 
2023-11-08 16:05:52.056 DEBUG 14416 --- [http-nio-8080-exec-4] com.mycom.more.dao.StudentDao.list       : <==      Total: 11
2023-11-08 16:07:24.319 DEBUG 14416 --- [http-nio-8080-exec-8] com.mycom.more.dao.StudentDao.list       : ==>  Preparing: select student_id,student_nm, email, phone, views from student
2023-11-08 16:07:24.319 DEBUG 14416 --- [http-nio-8080-exec-8] com.mycom.more.dao.StudentDao.list       : ==> Parameters: 
2023-11-08 16:07:24.319  WARN 14416 --- [http-nio-8080-exec-9] .w.s.m.s.DefaultHandlerExceptionResolver : Resolved [org.springframework.web.method.annotation.MethodArgumentTypeMismatchException: Failed to convert value of type 'java.lang.String' to required type 'int'; nested exception is java.lang.NumberFormatException: For input string: "undefined"]
2023-11-08 16:07:24.321 DEBUG 14416 --- [http-nio-8080-exec-8] com.mycom.more.dao.StudentDao.list       : <==      Total: 11
2023-11-08 16:07:25.860 DEBUG 14416 --- [http-nio-8080-exec-1] com.mycom.more.dao.StudentDao.insert     : ==>  Preparing: insert into student (student_nm, email, phone) values(?,?,?)
2023-11-08 16:07:25.861 DEBUG 14416 --- [http-nio-8080-exec-1] com.mycom.more.dao.StudentDao.insert     : ==> Parameters: null, null, null
2023-11-08 16:07:25.863 DEBUG 14416 --- [http-nio-8080-exec-1] com.mycom.more.dao.StudentDao.insert     : <==    Updates: 1
2023-11-08 16:07:25.874 DEBUG 14416 --- [http-nio-8080-exec-2] com.mycom.more.dao.StudentDao.list       : ==>  Preparing: select student_id,student_nm, email, phone, views from student
2023-11-08 16:07:25.875 DEBUG 14416 --- [http-nio-8080-exec-2] com.mycom.more.dao.StudentDao.list       : ==> Parameters: 
2023-11-08 16:07:25.876 DEBUG 14416 --- [http-nio-8080-exec-2] com.mycom.more.dao.StudentDao.list       : <==      Total: 12
2023-11-08 16:07:26.605 DEBUG 14416 --- [http-nio-8080-exec-5] com.mycom.more.dao.StudentDao.list       : ==>  Preparing: select student_id,student_nm, email, phone, views from student
2023-11-08 16:07:26.606 DEBUG 14416 --- [http-nio-8080-exec-5] com.mycom.more.dao.StudentDao.list       : ==> Parameters: 
2023-11-08 16:07:26.607  WARN 14416 --- [http-nio-8080-exec-3] .w.s.m.s.DefaultHandlerExceptionResolver : Resolved [org.springframework.web.method.annotation.MethodArgumentTypeMismatchException: Failed to convert value of type 'java.lang.String' to required type 'int'; nested exception is java.lang.NumberFormatException: For input string: "undefined"]
2023-11-08 16:07:26.608 DEBUG 14416 --- [http-nio-8080-exec-5] com.mycom.more.dao.StudentDao.list       : <==      Total: 12
2023-11-08 16:07:26.937 DEBUG 14416 --- [http-nio-8080-exec-6] com.mycom.more.dao.StudentDao.list       : ==>  Preparing: select student_id,student_nm, email, phone, views from student
2023-11-08 16:07:26.937 DEBUG 14416 --- [http-nio-8080-exec-6] com.mycom.more.dao.StudentDao.list       : ==> Parameters: 
2023-11-08 16:07:26.938  WARN 14416 --- [http-nio-8080-exec-4] .w.s.m.s.DefaultHandlerExceptionResolver : Resolved [org.springframework.web.method.annotation.MethodArgumentTypeMismatchException: Failed to convert value of type 'java.lang.String' to required type 'int'; nested exception is java.lang.NumberFormatException: For input string: "undefined"]
2023-11-08 16:07:26.938 DEBUG 14416 --- [http-nio-8080-exec-6] com.mycom.more.dao.StudentDao.list       : <==      Total: 12
2023-11-08 16:07:27.213 DEBUG 14416 --- [http-nio-8080-exec-7] com.mycom.more.dao.StudentDao.list       : ==>  Preparing: select student_id,student_nm, email, phone, views from student
2023-11-08 16:07:27.213 DEBUG 14416 --- [http-nio-8080-exec-7] com.mycom.more.dao.StudentDao.list       : ==> Parameters: 
2023-11-08 16:07:27.214  WARN 14416 --- [http-nio-8080-exec-9] .w.s.m.s.DefaultHandlerExceptionResolver : Resolved [org.springframework.web.method.annotation.MethodArgumentTypeMismatchException: Failed to convert value of type 'java.lang.String' to required type 'int'; nested exception is java.lang.NumberFormatException: For input string: "undefined"]
2023-11-08 16:07:27.215 DEBUG 14416 --- [http-nio-8080-exec-7] com.mycom.more.dao.StudentDao.list       : <==      Total: 12
2023-11-08 16:07:27.505 DEBUG 14416 --- [http-nio-8080-exec-8] com.mycom.more.dao.StudentDao.list       : ==>  Preparing: select student_id,student_nm, email, phone, views from student
2023-11-08 16:07:27.505 DEBUG 14416 --- [http-nio-8080-exec-8] com.mycom.more.dao.StudentDao.list       : ==> Parameters: 
2023-11-08 16:07:27.506  WARN 14416 --- [http-nio-8080-exec-10] .w.s.m.s.DefaultHandlerExceptionResolver : Resolved [org.springframework.web.method.annotation.MethodArgumentTypeMismatchException: Failed to convert value of type 'java.lang.String' to required type 'int'; nested exception is java.lang.NumberFormatException: For input string: "undefined"]
2023-11-08 16:07:27.507 DEBUG 14416 --- [http-nio-8080-exec-8] com.mycom.more.dao.StudentDao.list       : <==      Total: 12
2023-11-08 16:08:07.747 DEBUG 14416 --- [http-nio-8080-exec-1] com.mycom.more.dao.StudentDao.list       : ==>  Preparing: select student_id,student_nm, email, phone, views from student
2023-11-08 16:08:07.747 DEBUG 14416 --- [http-nio-8080-exec-1] com.mycom.more.dao.StudentDao.list       : ==> Parameters: 
2023-11-08 16:08:07.748  WARN 14416 --- [http-nio-8080-exec-2] .w.s.m.s.DefaultHandlerExceptionResolver : Resolved [org.springframework.web.method.annotation.MethodArgumentTypeMismatchException: Failed to convert value of type 'java.lang.String' to required type 'int'; nested exception is java.lang.NumberFormatException: For input string: "undefined"]
2023-11-08 16:08:07.750 DEBUG 14416 --- [http-nio-8080-exec-1] com.mycom.more.dao.StudentDao.list       : <==      Total: 12
2023-11-08 16:08:48.580  WARN 14416 --- [http-nio-8080-exec-5] .w.s.m.s.DefaultHandlerExceptionResolver : Resolved [org.springframework.web.method.annotation.MethodArgumentTypeMismatchException: Failed to convert value of type 'java.lang.String' to required type 'int'; nested exception is java.lang.NumberFormatException: For input string: "undefined"]
2023-11-08 16:08:55.739  WARN 14416 --- [http-nio-8080-exec-3] .w.s.m.s.DefaultHandlerExceptionResolver : Resolved [org.springframework.web.method.annotation.MethodArgumentTypeMismatchException: Failed to convert value of type 'java.lang.String' to required type 'int'; nested exception is java.lang.NumberFormatException: For input string: "undefined"]
2023-11-08 16:09:03.935  WARN 14416 --- [http-nio-8080-exec-4] .w.s.m.s.DefaultHandlerExceptionResolver : Resolved [org.springframework.web.method.annotation.MethodArgumentTypeMismatchException: Failed to convert value of type 'java.lang.String' to required type 'int'; nested exception is java.lang.NumberFormatException: For input string: "undefined"]
2023-11-08 16:09:22.264 DEBUG 14416 --- [http-nio-8080-exec-6] com.mycom.more.dao.StudentDao.list       : ==>  Preparing: select student_id,student_nm, email, phone, views from student
2023-11-08 16:09:22.265 DEBUG 14416 --- [http-nio-8080-exec-6] com.mycom.more.dao.StudentDao.list       : ==> Parameters: 
2023-11-08 16:09:22.265  WARN 14416 --- [http-nio-8080-exec-7] .w.s.m.s.DefaultHandlerExceptionResolver : Resolved [org.springframework.web.method.annotation.MethodArgumentTypeMismatchException: Failed to convert value of type 'java.lang.String' to required type 'int'; nested exception is java.lang.NumberFormatException: For input string: "undefined"]
2023-11-08 16:09:22.267 DEBUG 14416 --- [http-nio-8080-exec-6] com.mycom.more.dao.StudentDao.list       : <==      Total: 12
2023-11-08 16:10:02.375  WARN 14416 --- [http-nio-8080-exec-9] .w.s.m.s.DefaultHandlerExceptionResolver : Resolved [org.springframework.web.method.annotation.MethodArgumentTypeMismatchException: Failed to convert value of type 'java.lang.String' to required type 'int'; nested exception is java.lang.NumberFormatException: For input string: "undefined"]
2023-11-08 16:38:59.278 DEBUG 14416 --- [http-nio-8080-exec-10] com.mycom.more.dao.StudentDao.list       : ==>  Preparing: select student_id,student_nm, email, phone, views from student
2023-11-08 16:38:59.278 DEBUG 14416 --- [http-nio-8080-exec-10] com.mycom.more.dao.StudentDao.list       : ==> Parameters: 
2023-11-08 16:38:59.280 DEBUG 14416 --- [http-nio-8080-exec-10] com.mycom.more.dao.StudentDao.list       : <==      Total: 12
2023-11-08 16:39:14.282 DEBUG 14416 --- [http-nio-8080-exec-2] com.mycom.more.dao.StudentDao.list       : ==>  Preparing: select student_id,student_nm, email, phone, views from student
2023-11-08 16:39:14.283 DEBUG 14416 --- [http-nio-8080-exec-2] com.mycom.more.dao.StudentDao.list       : ==> Parameters: 
2023-11-08 16:39:14.284 DEBUG 14416 --- [http-nio-8080-exec-2] com.mycom.more.dao.StudentDao.list       : <==      Total: 12
2023-11-08 16:39:15.404 DEBUG 14416 --- [http-nio-8080-exec-1] com.mycom.more.dao.StudentDao.list       : ==>  Preparing: select student_id,student_nm, email, phone, views from student
2023-11-08 16:39:15.405 DEBUG 14416 --- [http-nio-8080-exec-1] com.mycom.more.dao.StudentDao.list       : ==> Parameters: 
2023-11-08 16:39:15.406 DEBUG 14416 --- [http-nio-8080-exec-1] com.mycom.more.dao.StudentDao.list       : <==      Total: 12
2023-11-08 16:39:24.611 DEBUG 14416 --- [http-nio-8080-exec-5] com.mycom.more.dao.StudentDao.detail     : ==>  Preparing: select student_id, student_nm, email, phone, views from student where student_id = ?
2023-11-08 16:39:24.612 DEBUG 14416 --- [http-nio-8080-exec-5] com.mycom.more.dao.StudentDao.detail     : ==> Parameters: 43(Integer)
2023-11-08 16:39:24.613 DEBUG 14416 --- [http-nio-8080-exec-5] com.mycom.more.dao.StudentDao.detail     : <==      Total: 1
2023-11-08 16:39:24.884 DEBUG 14416 --- [http-nio-8080-exec-3] com.mycom.more.dao.StudentDao.list       : ==>  Preparing: select student_id,student_nm, email, phone, views from student
2023-11-08 16:39:24.884 DEBUG 14416 --- [http-nio-8080-exec-3] com.mycom.more.dao.StudentDao.list       : ==> Parameters: 
2023-11-08 16:39:24.886 DEBUG 14416 --- [http-nio-8080-exec-3] com.mycom.more.dao.StudentDao.list       : <==      Total: 12
2023-11-08 16:39:47.897 DEBUG 14416 --- [http-nio-8080-exec-4] com.mycom.more.dao.StudentDao.detail     : ==>  Preparing: select student_id, student_nm, email, phone, views from student where student_id = ?
2023-11-08 16:39:47.897 DEBUG 14416 --- [http-nio-8080-exec-4] com.mycom.more.dao.StudentDao.detail     : ==> Parameters: 15(Integer)
2023-11-08 16:39:47.898 DEBUG 14416 --- [http-nio-8080-exec-4] com.mycom.more.dao.StudentDao.detail     : <==      Total: 1
2023-11-08 16:39:48.303 DEBUG 14416 --- [http-nio-8080-exec-7] com.mycom.more.dao.StudentDao.detail     : ==>  Preparing: select student_id, student_nm, email, phone, views from student where student_id = ?
2023-11-08 16:39:48.304 DEBUG 14416 --- [http-nio-8080-exec-7] com.mycom.more.dao.StudentDao.detail     : ==> Parameters: 35(Integer)
2023-11-08 16:39:48.304 DEBUG 14416 --- [http-nio-8080-exec-7] com.mycom.more.dao.StudentDao.detail     : <==      Total: 1
2023-11-08 16:41:23.005 DEBUG 14416 --- [http-nio-8080-exec-9] com.mycom.more.dao.StudentDao.list       : ==>  Preparing: select student_id,student_nm, email, phone, views from student
2023-11-08 16:41:23.006 DEBUG 14416 --- [http-nio-8080-exec-9] com.mycom.more.dao.StudentDao.list       : ==> Parameters: 
2023-11-08 16:41:23.008 DEBUG 14416 --- [http-nio-8080-exec-9] com.mycom.more.dao.StudentDao.list       : <==      Total: 12
2023-11-08 16:41:26.409 DEBUG 14416 --- [http-nio-8080-exec-8] com.mycom.more.dao.StudentDao.detail     : ==>  Preparing: select student_id, student_nm, email, phone, views from student where student_id = ?
2023-11-08 16:41:26.410 DEBUG 14416 --- [http-nio-8080-exec-8] com.mycom.more.dao.StudentDao.detail     : ==> Parameters: 19(Integer)
2023-11-08 16:41:26.410 DEBUG 14416 --- [http-nio-8080-exec-8] com.mycom.more.dao.StudentDao.detail     : <==      Total: 1
2023-11-08 16:41:27.527 DEBUG 14416 --- [http-nio-8080-exec-10] com.mycom.more.dao.StudentDao.detail     : ==>  Preparing: select student_id, student_nm, email, phone, views from student where student_id = ?
2023-11-08 16:41:27.528 DEBUG 14416 --- [http-nio-8080-exec-10] com.mycom.more.dao.StudentDao.detail     : ==> Parameters: 45(Integer)
2023-11-08 16:41:27.528 DEBUG 14416 --- [http-nio-8080-exec-10] com.mycom.more.dao.StudentDao.detail     : <==      Total: 1
2023-11-08 16:41:27.830 DEBUG 14416 --- [http-nio-8080-exec-2] com.mycom.more.dao.StudentDao.detail     : ==>  Preparing: select student_id, student_nm, email, phone, views from student where student_id = ?
2023-11-08 16:41:27.831 DEBUG 14416 --- [http-nio-8080-exec-2] com.mycom.more.dao.StudentDao.detail     : ==> Parameters: 48(Integer)
2023-11-08 16:41:27.831 DEBUG 14416 --- [http-nio-8080-exec-2] com.mycom.more.dao.StudentDao.detail     : <==      Total: 1
2023-11-08 16:41:29.351 DEBUG 14416 --- [http-nio-8080-exec-1] com.mycom.more.dao.StudentDao.list       : ==>  Preparing: select student_id,student_nm, email, phone, views from student
2023-11-08 16:41:29.351 DEBUG 14416 --- [http-nio-8080-exec-1] com.mycom.more.dao.StudentDao.list       : ==> Parameters: 
2023-11-08 16:41:29.352 DEBUG 14416 --- [http-nio-8080-exec-1] com.mycom.more.dao.StudentDao.list       : <==      Total: 12
2023-11-08 16:42:21.855 DEBUG 14416 --- [http-nio-8080-exec-5] com.mycom.more.dao.StudentDao.list       : ==>  Preparing: select student_id,student_nm, email, phone, views from student
2023-11-08 16:42:21.856 DEBUG 14416 --- [http-nio-8080-exec-5] com.mycom.more.dao.StudentDao.list       : ==> Parameters: 
2023-11-08 16:42:21.857 DEBUG 14416 --- [http-nio-8080-exec-5] com.mycom.more.dao.StudentDao.list       : <==      Total: 12
2023-11-08 16:42:48.139 DEBUG 14416 --- [http-nio-8080-exec-3] com.mycom.more.dao.StudentDao.list       : ==>  Preparing: select student_id,student_nm, email, phone, views from student
2023-11-08 16:42:48.139 DEBUG 14416 --- [http-nio-8080-exec-3] com.mycom.more.dao.StudentDao.list       : ==> Parameters: 
2023-11-08 16:42:48.141 DEBUG 14416 --- [http-nio-8080-exec-3] com.mycom.more.dao.StudentDao.list       : <==      Total: 12
2023-11-08 16:42:49.530 DEBUG 14416 --- [http-nio-8080-exec-4] com.mycom.more.dao.StudentDao.detail     : ==>  Preparing: select student_id, student_nm, email, phone, views from student where student_id = ?
2023-11-08 16:42:49.530 DEBUG 14416 --- [http-nio-8080-exec-4] com.mycom.more.dao.StudentDao.detail     : ==> Parameters: 42(Integer)
2023-11-08 16:42:49.531 DEBUG 14416 --- [http-nio-8080-exec-4] com.mycom.more.dao.StudentDao.detail     : <==      Total: 1
2023-11-08 16:42:50.601 DEBUG 14416 --- [http-nio-8080-exec-7] com.mycom.more.dao.StudentDao.detail     : ==>  Preparing: select student_id, student_nm, email, phone, views from student where student_id = ?
2023-11-08 16:42:50.601 DEBUG 14416 --- [http-nio-8080-exec-7] com.mycom.more.dao.StudentDao.detail     : ==> Parameters: 43(Integer)
2023-11-08 16:42:50.602 DEBUG 14416 --- [http-nio-8080-exec-7] com.mycom.more.dao.StudentDao.detail     : <==      Total: 1
2023-11-08 16:42:56.778 DEBUG 14416 --- [http-nio-8080-exec-6] com.mycom.more.dao.StudentDao.detail     : ==>  Preparing: select student_id, student_nm, email, phone, views from student where student_id = ?
2023-11-08 16:42:56.778 DEBUG 14416 --- [http-nio-8080-exec-6] com.mycom.more.dao.StudentDao.detail     : ==> Parameters: 52(Integer)
2023-11-08 16:42:56.779 DEBUG 14416 --- [http-nio-8080-exec-6] com.mycom.more.dao.StudentDao.detail     : <==      Total: 1
2023-11-08 16:42:57.547 DEBUG 14416 --- [http-nio-8080-exec-8] com.mycom.more.dao.StudentDao.delete     : ==>  Preparing: delete from student where student_id = ?
2023-11-08 16:42:57.548 DEBUG 14416 --- [http-nio-8080-exec-8] com.mycom.more.dao.StudentDao.delete     : ==> Parameters: 52(Integer)
2023-11-08 16:42:57.552 DEBUG 14416 --- [http-nio-8080-exec-8] com.mycom.more.dao.StudentDao.delete     : <==    Updates: 1
2023-11-08 16:42:57.556 DEBUG 14416 --- [http-nio-8080-exec-10] com.mycom.more.dao.StudentDao.list       : ==>  Preparing: select student_id,student_nm, email, phone, views from student
2023-11-08 16:42:57.557 DEBUG 14416 --- [http-nio-8080-exec-10] com.mycom.more.dao.StudentDao.list       : ==> Parameters: 
2023-11-08 16:42:57.557 DEBUG 14416 --- [http-nio-8080-exec-10] com.mycom.more.dao.StudentDao.list       : <==      Total: 11
2023-11-08 16:44:00.192 DEBUG 14416 --- [http-nio-8080-exec-1] com.mycom.more.dao.StudentDao.detail     : ==>  Preparing: select student_id, student_nm, email, phone, views from student where student_id = ?
2023-11-08 16:44:00.192 DEBUG 14416 --- [http-nio-8080-exec-1] com.mycom.more.dao.StudentDao.detail     : ==> Parameters: 43(Integer)
2023-11-08 16:44:00.193 DEBUG 14416 --- [http-nio-8080-exec-1] com.mycom.more.dao.StudentDao.detail     : <==      Total: 1
