2023-10-31 16:26:01.657  INFO 16260 --- [restartedMain] c.mycom.more.SpringBootMoreApplication   : Starting SpringBootMoreApplication using Java 1.8.0_192 on DESKTOP-MDJG1NJ with PID 16260 (C:\SSAFY\SpringBoot\SpringBootMore\bin\main started by SSAFY in C:\SSAFY\SpringBoot\SpringBootMore)
2023-10-31 16:26:01.658  INFO 16260 --- [restartedMain] c.mycom.more.SpringBootMoreApplication   : No active profile set, falling back to 1 default profile: "default"
2023-10-31 16:26:01.686  INFO 16260 --- [restartedMain] .e.DevToolsPropertyDefaultsPostProcessor : Devtools property defaults active! Set 'spring.devtools.add-properties' to 'false' to disable
2023-10-31 16:26:01.686  INFO 16260 --- [restartedMain] .e.DevToolsPropertyDefaultsPostProcessor : For additional web related logging consider setting the 'logging.level.web' property to 'DEBUG'
2023-10-31 16:26:02.347  INFO 16260 --- [restartedMain] o.s.b.w.embedded.tomcat.TomcatWebServer  : Tomcat initialized with port(s): 8080 (http)
2023-10-31 16:26:02.353  INFO 16260 --- [restartedMain] o.apache.catalina.core.StandardService   : Starting service [Tomcat]
2023-10-31 16:26:02.353  INFO 16260 --- [restartedMain] org.apache.catalina.core.StandardEngine  : Starting Servlet engine: [Apache Tomcat/9.0.82]
2023-10-31 16:26:02.403  INFO 16260 --- [restartedMain] o.a.c.c.C.[Tomcat].[localhost].[/]       : Initializing Spring embedded WebApplicationContext
2023-10-31 16:26:02.403  INFO 16260 --- [restartedMain] w.s.c.ServletWebServerApplicationContext : Root WebApplicationContext: initialization completed in 716 ms
2023-10-31 16:26:02.770  INFO 16260 --- [restartedMain] o.s.b.d.a.OptionalLiveReloadServer       : LiveReload server is running on port 35729
2023-10-31 16:26:02.823  INFO 16260 --- [restartedMain] o.s.b.w.embedded.tomcat.TomcatWebServer  : Tomcat started on port(s): 8080 (http) with context path ''
2023-10-31 16:26:02.830  INFO 16260 --- [restartedMain] c.mycom.more.SpringBootMoreApplication   : Started SpringBootMoreApplication in 1.427 seconds (JVM running for 1.902)
2023-10-31 16:27:03.579  INFO 16260 --- [http-nio-8080-exec-1] o.a.c.c.C.[Tomcat].[localhost].[/]       : Initializing Spring DispatcherServlet 'dispatcherServlet'
2023-10-31 16:27:03.579  INFO 16260 --- [http-nio-8080-exec-1] o.s.web.servlet.DispatcherServlet        : Initializing Servlet 'dispatcherServlet'
2023-10-31 16:27:03.580  INFO 16260 --- [http-nio-8080-exec-1] o.s.web.servlet.DispatcherServlet        : Completed initialization in 0 ms
2023-10-31 16:27:03.637  INFO 16260 --- [http-nio-8080-exec-2] com.zaxxer.hikari.HikariDataSource       : HikariPool-1 - Starting...
2023-10-31 16:27:03.786  INFO 16260 --- [http-nio-8080-exec-2] com.zaxxer.hikari.HikariDataSource       : HikariPool-1 - Start completed.
2023-10-31 16:27:03.791 DEBUG 16260 --- [http-nio-8080-exec-2] com.mycom.more.dao.StudentDao.list       : ==>  Preparing: select student_id,student_nm, email, phone from student
2023-10-31 16:27:03.804 DEBUG 16260 --- [http-nio-8080-exec-2] com.mycom.more.dao.StudentDao.list       : ==> Parameters: 
2023-10-31 16:27:03.820 DEBUG 16260 --- [http-nio-8080-exec-2] com.mycom.more.dao.StudentDao.list       : <==      Total: 22
2023-10-31 16:28:08.096  INFO 16260 --- [File Watcher] rtingClassPathChangeChangedEventListener : Restarting due to 1 class path change (0 additions, 0 deletions, 1 modification)
2023-10-31 16:28:08.147  INFO 16260 --- [Thread-6] o.apache.catalina.core.StandardService   : Stopping service [Tomcat]
2023-10-31 16:28:08.148  INFO 16260 --- [Thread-6] o.a.c.c.C.[Tomcat].[localhost].[/]       : Destroying Spring FrameworkServlet 'dispatcherServlet'
2023-10-31 16:28:08.151  WARN 16260 --- [Thread-6] o.a.c.loader.WebappClassLoaderBase       : The web application [ROOT] appears to have started a thread named [HikariPool-1 housekeeper] but has failed to stop it. This is very likely to create a memory leak. Stack trace of thread:
 sun.misc.Unsafe.park(Native Method)
 java.util.concurrent.locks.LockSupport.parkNanos(LockSupport.java:215)
 java.util.concurrent.locks.AbstractQueuedSynchronizer$ConditionObject.awaitNanos(AbstractQueuedSynchronizer.java:2078)
 java.util.concurrent.ScheduledThreadPoolExecutor$DelayedWorkQueue.take(ScheduledThreadPoolExecutor.java:1093)
 java.util.concurrent.ScheduledThreadPoolExecutor$DelayedWorkQueue.take(ScheduledThreadPoolExecutor.java:809)
 java.util.concurrent.ThreadPoolExecutor.getTask(ThreadPoolExecutor.java:1074)
 java.util.concurrent.ThreadPoolExecutor.runWorker(ThreadPoolExecutor.java:1134)
 java.util.concurrent.ThreadPoolExecutor$Worker.run(ThreadPoolExecutor.java:624)
 java.lang.Thread.run(Thread.java:748)
2023-10-31 16:28:08.155  INFO 16260 --- [Thread-6] com.zaxxer.hikari.HikariDataSource       : HikariPool-1 - Shutdown initiated...
2023-10-31 16:28:08.162  INFO 16260 --- [Thread-6] com.zaxxer.hikari.HikariDataSource       : HikariPool-1 - Shutdown completed.
2023-10-31 16:28:08.268  INFO 16260 --- [restartedMain] c.mycom.more.SpringBootMoreApplication   : Starting SpringBootMoreApplication using Java 1.8.0_192 on DESKTOP-MDJG1NJ with PID 16260 (C:\SSAFY\SpringBoot\SpringBootMore\bin\main started by SSAFY in C:\SSAFY\SpringBoot\SpringBootMore)
2023-10-31 16:28:08.268  INFO 16260 --- [restartedMain] c.mycom.more.SpringBootMoreApplication   : No active profile set, falling back to 1 default profile: "default"
2023-10-31 16:28:08.474  INFO 16260 --- [restartedMain] o.s.b.w.embedded.tomcat.TomcatWebServer  : Tomcat initialized with port(s): 8080 (http)
2023-10-31 16:28:08.474  INFO 16260 --- [restartedMain] o.apache.catalina.core.StandardService   : Starting service [Tomcat]
2023-10-31 16:28:08.475  INFO 16260 --- [restartedMain] org.apache.catalina.core.StandardEngine  : Starting Servlet engine: [Apache Tomcat/9.0.82]
2023-10-31 16:28:08.484  INFO 16260 --- [restartedMain] o.a.c.c.C.[Tomcat].[localhost].[/]       : Initializing Spring embedded WebApplicationContext
2023-10-31 16:28:08.484  INFO 16260 --- [restartedMain] w.s.c.ServletWebServerApplicationContext : Root WebApplicationContext: initialization completed in 214 ms
2023-10-31 16:28:08.574  INFO 16260 --- [restartedMain] o.s.b.d.a.OptionalLiveReloadServer       : LiveReload server is running on port 35729
2023-10-31 16:28:08.580  INFO 16260 --- [restartedMain] o.s.b.w.embedded.tomcat.TomcatWebServer  : Tomcat started on port(s): 8080 (http) with context path ''
2023-10-31 16:28:08.583  INFO 16260 --- [restartedMain] c.mycom.more.SpringBootMoreApplication   : Started SpringBootMoreApplication in 0.342 seconds (JVM running for 127.656)
2023-10-31 16:28:08.585  INFO 16260 --- [restartedMain] .ConditionEvaluationDeltaLoggingListener : Condition evaluation unchanged
2023-10-31 16:28:55.994  INFO 16260 --- [File Watcher] rtingClassPathChangeChangedEventListener : Restarting due to 1 class path change (0 additions, 0 deletions, 1 modification)
2023-10-31 16:28:56.045  INFO 16260 --- [Thread-8] o.apache.catalina.core.StandardService   : Stopping service [Tomcat]
2023-10-31 16:28:56.164  INFO 16260 --- [restartedMain] c.mycom.more.SpringBootMoreApplication   : Starting SpringBootMoreApplication using Java 1.8.0_192 on DESKTOP-MDJG1NJ with PID 16260 (C:\SSAFY\SpringBoot\SpringBootMore\bin\main started by SSAFY in C:\SSAFY\SpringBoot\SpringBootMore)
2023-10-31 16:28:56.164  INFO 16260 --- [restartedMain] c.mycom.more.SpringBootMoreApplication   : No active profile set, falling back to 1 default profile: "default"
2023-10-31 16:28:56.360  INFO 16260 --- [restartedMain] o.s.b.w.embedded.tomcat.TomcatWebServer  : Tomcat initialized with port(s): 8080 (http)
2023-10-31 16:28:56.361  INFO 16260 --- [restartedMain] o.apache.catalina.core.StandardService   : Starting service [Tomcat]
2023-10-31 16:28:56.361  INFO 16260 --- [restartedMain] org.apache.catalina.core.StandardEngine  : Starting Servlet engine: [Apache Tomcat/9.0.82]
2023-10-31 16:28:56.370  INFO 16260 --- [restartedMain] o.a.c.c.C.[Tomcat].[localhost].[/]       : Initializing Spring embedded WebApplicationContext
2023-10-31 16:28:56.370  INFO 16260 --- [restartedMain] w.s.c.ServletWebServerApplicationContext : Root WebApplicationContext: initialization completed in 204 ms
2023-10-31 16:28:56.458  INFO 16260 --- [restartedMain] o.s.b.d.a.OptionalLiveReloadServer       : LiveReload server is running on port 35729
2023-10-31 16:28:56.464  INFO 16260 --- [restartedMain] o.s.b.w.embedded.tomcat.TomcatWebServer  : Tomcat started on port(s): 8080 (http) with context path ''
2023-10-31 16:28:56.467  INFO 16260 --- [restartedMain] c.mycom.more.SpringBootMoreApplication   : Started SpringBootMoreApplication in 0.327 seconds (JVM running for 175.539)
2023-10-31 16:28:56.468  INFO 16260 --- [restartedMain] .ConditionEvaluationDeltaLoggingListener : Condition evaluation unchanged
2023-10-31 16:29:00.581  INFO 16260 --- [http-nio-8080-exec-1] o.a.c.c.C.[Tomcat].[localhost].[/]       : Initializing Spring DispatcherServlet 'dispatcherServlet'
2023-10-31 16:29:00.582  INFO 16260 --- [http-nio-8080-exec-1] o.s.web.servlet.DispatcherServlet        : Initializing Servlet 'dispatcherServlet'
2023-10-31 16:29:00.582  INFO 16260 --- [http-nio-8080-exec-1] o.s.web.servlet.DispatcherServlet        : Completed initialization in 0 ms
2023-10-31 16:29:00.605  INFO 16260 --- [http-nio-8080-exec-2] com.zaxxer.hikari.HikariDataSource       : HikariPool-2 - Starting...
2023-10-31 16:29:00.616  INFO 16260 --- [http-nio-8080-exec-2] com.zaxxer.hikari.HikariDataSource       : HikariPool-2 - Start completed.
2023-10-31 16:29:00.616 DEBUG 16260 --- [http-nio-8080-exec-2] com.mycom.more.dao.StudentDao.list       : ==>  Preparing: select student_id,student_nm, email, phone from student
2023-10-31 16:29:00.617 DEBUG 16260 --- [http-nio-8080-exec-2] com.mycom.more.dao.StudentDao.list       : ==> Parameters: 
2023-10-31 16:29:00.620 DEBUG 16260 --- [http-nio-8080-exec-2] com.mycom.more.dao.StudentDao.list       : <==      Total: 22
2023-10-31 16:29:01.584 DEBUG 16260 --- [http-nio-8080-exec-3] com.mycom.more.dao.StudentDao.detail     : ==>  Preparing: select student_id, student_nm, email, phone from student where student_id = ?
2023-10-31 16:29:01.584 DEBUG 16260 --- [http-nio-8080-exec-3] com.mycom.more.dao.StudentDao.detail     : ==> Parameters: 30(Integer)
2023-10-31 16:29:01.586 DEBUG 16260 --- [http-nio-8080-exec-3] com.mycom.more.dao.StudentDao.detail     : <==      Total: 1
2023-10-31 16:29:06.458 DEBUG 16260 --- [http-nio-8080-exec-4] com.mycom.more.dao.StudentDao.insert     : ==>  Preparing: insert into student (student_nm, email, phone) values(?,?,?)
2023-10-31 16:29:06.459 DEBUG 16260 --- [http-nio-8080-exec-4] com.mycom.more.dao.StudentDao.insert     : ==> Parameters: 박종국국구(String), 종국@네이버닷컴(String), 010-0000-0000(String)
2023-10-31 16:29:06.466 DEBUG 16260 --- [http-nio-8080-exec-4] com.mycom.more.dao.StudentDao.insert     : <==    Updates: 1
2023-10-31 16:29:06.466 DEBUG 16260 --- [http-nio-8080-exec-4] com.mycom.more.dao.StudentDao.insert     : ==>  Preparing: insert into student (student_nm, email, phone) values(?,?,?)
2023-10-31 16:29:06.467 DEBUG 16260 --- [http-nio-8080-exec-4] com.mycom.more.dao.StudentDao.insert     : ==> Parameters: 박종국국구(String), 종국@네이버닷컴(String), 010-0000-0000(String)
2023-10-31 16:29:06.469 DEBUG 16260 --- [http-nio-8080-exec-4] com.mycom.more.dao.StudentDao.insert     : <==    Updates: 1
2023-10-31 16:29:06.473 DEBUG 16260 --- [http-nio-8080-exec-5] com.mycom.more.dao.StudentDao.list       : ==>  Preparing: select student_id,student_nm, email, phone from student
2023-10-31 16:29:06.474 DEBUG 16260 --- [http-nio-8080-exec-5] com.mycom.more.dao.StudentDao.list       : ==> Parameters: 
2023-10-31 16:29:06.476 DEBUG 16260 --- [http-nio-8080-exec-5] com.mycom.more.dao.StudentDao.list       : <==      Total: 24
2023-10-31 16:29:15.658 DEBUG 16260 --- [http-nio-8080-exec-6] com.mycom.more.dao.StudentDao.detail     : ==>  Preparing: select student_id, student_nm, email, phone from student where student_id = ?
2023-10-31 16:29:15.658 DEBUG 16260 --- [http-nio-8080-exec-6] com.mycom.more.dao.StudentDao.detail     : ==> Parameters: 32(Integer)
2023-10-31 16:29:15.659 DEBUG 16260 --- [http-nio-8080-exec-6] com.mycom.more.dao.StudentDao.detail     : <==      Total: 1
2023-10-31 16:29:16.835 DEBUG 16260 --- [http-nio-8080-exec-7] com.mycom.more.dao.StudentDao.delete     : ==>  Preparing: delete from student where student_id = ?
2023-10-31 16:29:16.835 DEBUG 16260 --- [http-nio-8080-exec-7] com.mycom.more.dao.StudentDao.delete     : ==> Parameters: 32(Integer)
2023-10-31 16:29:16.841 DEBUG 16260 --- [http-nio-8080-exec-7] com.mycom.more.dao.StudentDao.delete     : <==    Updates: 1
2023-10-31 16:29:16.845 DEBUG 16260 --- [http-nio-8080-exec-8] com.mycom.more.dao.StudentDao.list       : ==>  Preparing: select student_id,student_nm, email, phone from student
2023-10-31 16:29:16.846 DEBUG 16260 --- [http-nio-8080-exec-8] com.mycom.more.dao.StudentDao.list       : ==> Parameters: 
2023-10-31 16:29:16.847 DEBUG 16260 --- [http-nio-8080-exec-8] com.mycom.more.dao.StudentDao.list       : <==      Total: 23
2023-10-31 16:29:22.538 DEBUG 16260 --- [http-nio-8080-exec-9] com.mycom.more.dao.StudentDao.detail     : ==>  Preparing: select student_id, student_nm, email, phone from student where student_id = ?
2023-10-31 16:29:22.538 DEBUG 16260 --- [http-nio-8080-exec-9] com.mycom.more.dao.StudentDao.detail     : ==> Parameters: 30(Integer)
2023-10-31 16:29:22.539 DEBUG 16260 --- [http-nio-8080-exec-9] com.mycom.more.dao.StudentDao.detail     : <==      Total: 1
2023-10-31 16:29:24.474 DEBUG 16260 --- [http-nio-8080-exec-10] com.mycom.more.dao.StudentDao.delete     : ==>  Preparing: delete from student where student_id = ?
2023-10-31 16:29:24.475 DEBUG 16260 --- [http-nio-8080-exec-10] com.mycom.more.dao.StudentDao.delete     : ==> Parameters: 30(Integer)
2023-10-31 16:29:24.479 DEBUG 16260 --- [http-nio-8080-exec-10] com.mycom.more.dao.StudentDao.delete     : <==    Updates: 1
2023-10-31 16:29:24.483 DEBUG 16260 --- [http-nio-8080-exec-1] com.mycom.more.dao.StudentDao.list       : ==>  Preparing: select student_id,student_nm, email, phone from student
2023-10-31 16:29:24.483 DEBUG 16260 --- [http-nio-8080-exec-1] com.mycom.more.dao.StudentDao.list       : ==> Parameters: 
2023-10-31 16:29:24.484 DEBUG 16260 --- [http-nio-8080-exec-1] com.mycom.more.dao.StudentDao.list       : <==      Total: 22
2023-10-31 16:29:39.821  INFO 16260 --- [File Watcher] rtingClassPathChangeChangedEventListener : Restarting due to 1 class path change (0 additions, 0 deletions, 1 modification)
2023-10-31 16:29:39.872  INFO 16260 --- [Thread-12] o.apache.catalina.core.StandardService   : Stopping service [Tomcat]
2023-10-31 16:29:39.872  INFO 16260 --- [Thread-12] o.a.c.c.C.[Tomcat].[localhost].[/]       : Destroying Spring FrameworkServlet 'dispatcherServlet'
2023-10-31 16:29:39.875  WARN 16260 --- [Thread-12] o.a.c.loader.WebappClassLoaderBase       : The web application [ROOT] appears to have started a thread named [HikariPool-2 housekeeper] but has failed to stop it. This is very likely to create a memory leak. Stack trace of thread:
 sun.misc.Unsafe.park(Native Method)
 java.util.concurrent.locks.LockSupport.parkNanos(LockSupport.java:215)
 java.util.concurrent.locks.AbstractQueuedSynchronizer$ConditionObject.awaitNanos(AbstractQueuedSynchronizer.java:2078)
 java.util.concurrent.ScheduledThreadPoolExecutor$DelayedWorkQueue.take(ScheduledThreadPoolExecutor.java:1093)
 java.util.concurrent.ScheduledThreadPoolExecutor$DelayedWorkQueue.take(ScheduledThreadPoolExecutor.java:809)
 java.util.concurrent.ThreadPoolExecutor.getTask(ThreadPoolExecutor.java:1074)
 java.util.concurrent.ThreadPoolExecutor.runWorker(ThreadPoolExecutor.java:1134)
 java.util.concurrent.ThreadPoolExecutor$Worker.run(ThreadPoolExecutor.java:624)
 java.lang.Thread.run(Thread.java:748)
2023-10-31 16:29:39.880  INFO 16260 --- [Thread-12] com.zaxxer.hikari.HikariDataSource       : HikariPool-2 - Shutdown initiated...
2023-10-31 16:29:39.886  INFO 16260 --- [Thread-12] com.zaxxer.hikari.HikariDataSource       : HikariPool-2 - Shutdown completed.
2023-10-31 16:29:39.995  INFO 16260 --- [restartedMain] c.mycom.more.SpringBootMoreApplication   : Starting SpringBootMoreApplication using Java 1.8.0_192 on DESKTOP-MDJG1NJ with PID 16260 (C:\SSAFY\SpringBoot\SpringBootMore\bin\main started by SSAFY in C:\SSAFY\SpringBoot\SpringBootMore)
2023-10-31 16:29:39.995  INFO 16260 --- [restartedMain] c.mycom.more.SpringBootMoreApplication   : No active profile set, falling back to 1 default profile: "default"
2023-10-31 16:29:40.185  INFO 16260 --- [restartedMain] o.s.b.w.embedded.tomcat.TomcatWebServer  : Tomcat initialized with port(s): 8080 (http)
2023-10-31 16:29:40.185  INFO 16260 --- [restartedMain] o.apache.catalina.core.StandardService   : Starting service [Tomcat]
2023-10-31 16:29:40.185  INFO 16260 --- [restartedMain] org.apache.catalina.core.StandardEngine  : Starting Servlet engine: [Apache Tomcat/9.0.82]
2023-10-31 16:29:40.197  INFO 16260 --- [restartedMain] o.a.c.c.C.[Tomcat].[localhost].[/]       : Initializing Spring embedded WebApplicationContext
2023-10-31 16:29:40.197  INFO 16260 --- [restartedMain] w.s.c.ServletWebServerApplicationContext : Root WebApplicationContext: initialization completed in 201 ms
2023-10-31 16:29:40.280  INFO 16260 --- [restartedMain] o.s.b.d.a.OptionalLiveReloadServer       : LiveReload server is running on port 35729
2023-10-31 16:29:40.285  INFO 16260 --- [restartedMain] o.s.b.w.embedded.tomcat.TomcatWebServer  : Tomcat started on port(s): 8080 (http) with context path ''
2023-10-31 16:29:40.289  INFO 16260 --- [restartedMain] c.mycom.more.SpringBootMoreApplication   : Started SpringBootMoreApplication in 0.316 seconds (JVM running for 219.36)
2023-10-31 16:29:40.289  INFO 16260 --- [restartedMain] .ConditionEvaluationDeltaLoggingListener : Condition evaluation unchanged
2023-10-31 16:29:45.836  INFO 16260 --- [http-nio-8080-exec-1] o.a.c.c.C.[Tomcat].[localhost].[/]       : Initializing Spring DispatcherServlet 'dispatcherServlet'
2023-10-31 16:29:45.837  INFO 16260 --- [http-nio-8080-exec-1] o.s.web.servlet.DispatcherServlet        : Initializing Servlet 'dispatcherServlet'
2023-10-31 16:29:45.838  INFO 16260 --- [http-nio-8080-exec-1] o.s.web.servlet.DispatcherServlet        : Completed initialization in 1 ms
2023-10-31 16:29:45.861  INFO 16260 --- [http-nio-8080-exec-2] com.zaxxer.hikari.HikariDataSource       : HikariPool-3 - Starting...
2023-10-31 16:29:45.871  INFO 16260 --- [http-nio-8080-exec-2] com.zaxxer.hikari.HikariDataSource       : HikariPool-3 - Start completed.
2023-10-31 16:29:45.871 DEBUG 16260 --- [http-nio-8080-exec-2] com.mycom.more.dao.StudentDao.list       : ==>  Preparing: select student_id,student_nm, email, phone from student
2023-10-31 16:29:45.872 DEBUG 16260 --- [http-nio-8080-exec-2] com.mycom.more.dao.StudentDao.list       : ==> Parameters: 
2023-10-31 16:29:45.874 DEBUG 16260 --- [http-nio-8080-exec-2] com.mycom.more.dao.StudentDao.list       : <==      Total: 22
2023-10-31 16:29:46.451 DEBUG 16260 --- [http-nio-8080-exec-3] com.mycom.more.dao.StudentDao.detail     : ==>  Preparing: select student_id, student_nm, email, phone from student where student_id = ?
2023-10-31 16:29:46.451 DEBUG 16260 --- [http-nio-8080-exec-3] com.mycom.more.dao.StudentDao.detail     : ==> Parameters: 31(Integer)
2023-10-31 16:29:46.452 DEBUG 16260 --- [http-nio-8080-exec-3] com.mycom.more.dao.StudentDao.detail     : <==      Total: 1
2023-10-31 16:29:48.163 DEBUG 16260 --- [http-nio-8080-exec-4] com.mycom.more.dao.StudentDao.insert     : ==>  Preparing: insert into student (student_nm, email, phone) values(?,?,?)
2023-10-31 16:29:48.163 DEBUG 16260 --- [http-nio-8080-exec-4] com.mycom.more.dao.StudentDao.insert     : ==> Parameters: 박종국국구ㄱㄱㅂ(String), 종국@네이버닷컴(String), 010-0000-0000(String)
2023-10-31 16:29:48.169 DEBUG 16260 --- [http-nio-8080-exec-4] com.mycom.more.dao.StudentDao.insert     : <==    Updates: 1
2023-10-31 16:29:48.177 ERROR 16260 --- [http-nio-8080-exec-4] o.a.c.c.C.[.[.[/].[dispatcherServlet]    : Servlet.service() for servlet [dispatcherServlet] in context with path [] threw exception [Request processing failed; nested exception is java.lang.NullPointerException] with root cause

java.lang.NullPointerException: null
	at com.mycom.more.service.StudentServiceImpl.insert(StudentServiceImpl.java:31) ~[main/:na]
	at com.mycom.more.controller.StudentController.insert(StudentController.java:34) ~[main/:na]
	at sun.reflect.NativeMethodAccessorImpl.invoke0(Native Method) ~[na:1.8.0_192]
	at sun.reflect.NativeMethodAccessorImpl.invoke(NativeMethodAccessorImpl.java:62) ~[na:1.8.0_192]
	at sun.reflect.DelegatingMethodAccessorImpl.invoke(DelegatingMethodAccessorImpl.java:43) ~[na:1.8.0_192]
	at java.lang.reflect.Method.invoke(Method.java:498) ~[na:1.8.0_192]
	at org.springframework.web.method.support.InvocableHandlerMethod.doInvoke(InvocableHandlerMethod.java:205) ~[spring-web-5.3.30.jar:5.3.30]
	at org.springframework.web.method.support.InvocableHandlerMethod.invokeForRequest(InvocableHandlerMethod.java:150) ~[spring-web-5.3.30.jar:5.3.30]
	at org.springframework.web.servlet.mvc.method.annotation.ServletInvocableHandlerMethod.invokeAndHandle(ServletInvocableHandlerMethod.java:117) ~[spring-webmvc-5.3.30.jar:5.3.30]
	at org.springframework.web.servlet.mvc.method.annotation.RequestMappingHandlerAdapter.invokeHandlerMethod(RequestMappingHandlerAdapter.java:895) ~[spring-webmvc-5.3.30.jar:5.3.30]
	at org.springframework.web.servlet.mvc.method.annotation.RequestMappingHandlerAdapter.handleInternal(RequestMappingHandlerAdapter.java:808) ~[spring-webmvc-5.3.30.jar:5.3.30]
	at org.springframework.web.servlet.mvc.method.AbstractHandlerMethodAdapter.handle(AbstractHandlerMethodAdapter.java:87) ~[spring-webmvc-5.3.30.jar:5.3.30]
	at org.springframework.web.servlet.DispatcherServlet.doDispatch(DispatcherServlet.java:1072) ~[spring-webmvc-5.3.30.jar:5.3.30]
	at org.springframework.web.servlet.DispatcherServlet.doService(DispatcherServlet.java:965) ~[spring-webmvc-5.3.30.jar:5.3.30]
	at org.springframework.web.servlet.FrameworkServlet.processRequest(FrameworkServlet.java:1006) ~[spring-webmvc-5.3.30.jar:5.3.30]
	at org.springframework.web.servlet.FrameworkServlet.doPost(FrameworkServlet.java:909) ~[spring-webmvc-5.3.30.jar:5.3.30]
	at javax.servlet.http.HttpServlet.service(HttpServlet.java:555) ~[tomcat-embed-core-9.0.82.jar:4.0.FR]
	at org.springframework.web.servlet.FrameworkServlet.service(FrameworkServlet.java:883) ~[spring-webmvc-5.3.30.jar:5.3.30]
	at javax.servlet.http.HttpServlet.service(HttpServlet.java:623) ~[tomcat-embed-core-9.0.82.jar:4.0.FR]
	at org.apache.catalina.core.ApplicationFilterChain.internalDoFilter(ApplicationFilterChain.java:209) ~[tomcat-embed-core-9.0.82.jar:9.0.82]
	at org.apache.catalina.core.ApplicationFilterChain.doFilter(ApplicationFilterChain.java:153) ~[tomcat-embed-core-9.0.82.jar:9.0.82]
	at org.apache.tomcat.websocket.server.WsFilter.doFilter(WsFilter.java:51) ~[tomcat-embed-websocket-9.0.82.jar:9.0.82]
	at org.apache.catalina.core.ApplicationFilterChain.internalDoFilter(ApplicationFilterChain.java:178) ~[tomcat-embed-core-9.0.82.jar:9.0.82]
	at org.apache.catalina.core.ApplicationFilterChain.doFilter(ApplicationFilterChain.java:153) ~[tomcat-embed-core-9.0.82.jar:9.0.82]
	at org.springframework.web.filter.RequestContextFilter.doFilterInternal(RequestContextFilter.java:100) ~[spring-web-5.3.30.jar:5.3.30]
	at org.springframework.web.filter.OncePerRequestFilter.doFilter(OncePerRequestFilter.java:117) ~[spring-web-5.3.30.jar:5.3.30]
	at org.apache.catalina.core.ApplicationFilterChain.internalDoFilter(ApplicationFilterChain.java:178) ~[tomcat-embed-core-9.0.82.jar:9.0.82]
	at org.apache.catalina.core.ApplicationFilterChain.doFilter(ApplicationFilterChain.java:153) ~[tomcat-embed-core-9.0.82.jar:9.0.82]
	at org.springframework.web.filter.FormContentFilter.doFilterInternal(FormContentFilter.java:93) ~[spring-web-5.3.30.jar:5.3.30]
	at org.springframework.web.filter.OncePerRequestFilter.doFilter(OncePerRequestFilter.java:117) ~[spring-web-5.3.30.jar:5.3.30]
	at org.apache.catalina.core.ApplicationFilterChain.internalDoFilter(ApplicationFilterChain.java:178) ~[tomcat-embed-core-9.0.82.jar:9.0.82]
	at org.apache.catalina.core.ApplicationFilterChain.doFilter(ApplicationFilterChain.java:153) ~[tomcat-embed-core-9.0.82.jar:9.0.82]
	at org.springframework.web.filter.CharacterEncodingFilter.doFilterInternal(CharacterEncodingFilter.java:201) ~[spring-web-5.3.30.jar:5.3.30]
	at org.springframework.web.filter.OncePerRequestFilter.doFilter(OncePerRequestFilter.java:117) ~[spring-web-5.3.30.jar:5.3.30]
	at org.apache.catalina.core.ApplicationFilterChain.internalDoFilter(ApplicationFilterChain.java:178) ~[tomcat-embed-core-9.0.82.jar:9.0.82]
	at org.apache.catalina.core.ApplicationFilterChain.doFilter(ApplicationFilterChain.java:153) ~[tomcat-embed-core-9.0.82.jar:9.0.82]
	at org.apache.catalina.core.StandardWrapperValve.invoke(StandardWrapperValve.java:168) ~[tomcat-embed-core-9.0.82.jar:9.0.82]
	at org.apache.catalina.core.StandardContextValve.invoke(StandardContextValve.java:90) [tomcat-embed-core-9.0.82.jar:9.0.82]
	at org.apache.catalina.authenticator.AuthenticatorBase.invoke(AuthenticatorBase.java:481) [tomcat-embed-core-9.0.82.jar:9.0.82]
	at org.apache.catalina.core.StandardHostValve.invoke(StandardHostValve.java:130) [tomcat-embed-core-9.0.82.jar:9.0.82]
	at org.apache.catalina.valves.ErrorReportValve.invoke(ErrorReportValve.java:93) [tomcat-embed-core-9.0.82.jar:9.0.82]
	at org.apache.catalina.core.StandardEngineValve.invoke(StandardEngineValve.java:74) [tomcat-embed-core-9.0.82.jar:9.0.82]
	at org.apache.catalina.connector.CoyoteAdapter.service(CoyoteAdapter.java:342) [tomcat-embed-core-9.0.82.jar:9.0.82]
	at org.apache.coyote.http11.Http11Processor.service(Http11Processor.java:390) [tomcat-embed-core-9.0.82.jar:9.0.82]
	at org.apache.coyote.AbstractProcessorLight.process(AbstractProcessorLight.java:63) [tomcat-embed-core-9.0.82.jar:9.0.82]
	at org.apache.coyote.AbstractProtocol$ConnectionHandler.process(AbstractProtocol.java:928) [tomcat-embed-core-9.0.82.jar:9.0.82]
	at org.apache.tomcat.util.net.NioEndpoint$SocketProcessor.doRun(NioEndpoint.java:1794) [tomcat-embed-core-9.0.82.jar:9.0.82]
	at org.apache.tomcat.util.net.SocketProcessorBase.run(SocketProcessorBase.java:52) [tomcat-embed-core-9.0.82.jar:9.0.82]
	at org.apache.tomcat.util.threads.ThreadPoolExecutor.runWorker(ThreadPoolExecutor.java:1191) [tomcat-embed-core-9.0.82.jar:9.0.82]
	at org.apache.tomcat.util.threads.ThreadPoolExecutor$Worker.run(ThreadPoolExecutor.java:659) [tomcat-embed-core-9.0.82.jar:9.0.82]
	at org.apache.tomcat.util.threads.TaskThread$WrappingRunnable.run(TaskThread.java:61) [tomcat-embed-core-9.0.82.jar:9.0.82]
	at java.lang.Thread.run(Thread.java:748) [na:1.8.0_192]

2023-10-31 16:29:48.191 DEBUG 16260 --- [http-nio-8080-exec-5] com.mycom.more.dao.StudentDao.list       : ==>  Preparing: select student_id,student_nm, email, phone from student
2023-10-31 16:29:48.192 DEBUG 16260 --- [http-nio-8080-exec-5] com.mycom.more.dao.StudentDao.list       : ==> Parameters: 
2023-10-31 16:29:48.193 DEBUG 16260 --- [http-nio-8080-exec-5] com.mycom.more.dao.StudentDao.list       : <==      Total: 23
2023-10-31 16:31:34.231  INFO 16260 --- [File Watcher] rtingClassPathChangeChangedEventListener : Restarting due to 1 class path change (0 additions, 0 deletions, 1 modification)
2023-10-31 16:31:34.281  INFO 16260 --- [Thread-16] o.apache.catalina.core.StandardService   : Stopping service [Tomcat]
2023-10-31 16:31:34.282  INFO 16260 --- [Thread-16] o.a.c.c.C.[Tomcat].[localhost].[/]       : Destroying Spring FrameworkServlet 'dispatcherServlet'
2023-10-31 16:31:34.285  WARN 16260 --- [Thread-16] o.a.c.loader.WebappClassLoaderBase       : The web application [ROOT] appears to have started a thread named [HikariPool-3 housekeeper] but has failed to stop it. This is very likely to create a memory leak. Stack trace of thread:
 sun.misc.Unsafe.park(Native Method)
 java.util.concurrent.locks.LockSupport.parkNanos(LockSupport.java:215)
 java.util.concurrent.locks.AbstractQueuedSynchronizer$ConditionObject.awaitNanos(AbstractQueuedSynchronizer.java:2078)
 java.util.concurrent.ScheduledThreadPoolExecutor$DelayedWorkQueue.take(ScheduledThreadPoolExecutor.java:1093)
 java.util.concurrent.ScheduledThreadPoolExecutor$DelayedWorkQueue.take(ScheduledThreadPoolExecutor.java:809)
 java.util.concurrent.ThreadPoolExecutor.getTask(ThreadPoolExecutor.java:1074)
 java.util.concurrent.ThreadPoolExecutor.runWorker(ThreadPoolExecutor.java:1134)
 java.util.concurrent.ThreadPoolExecutor$Worker.run(ThreadPoolExecutor.java:624)
 java.lang.Thread.run(Thread.java:748)
2023-10-31 16:31:34.289  INFO 16260 --- [Thread-16] com.zaxxer.hikari.HikariDataSource       : HikariPool-3 - Shutdown initiated...
2023-10-31 16:31:34.295  INFO 16260 --- [Thread-16] com.zaxxer.hikari.HikariDataSource       : HikariPool-3 - Shutdown completed.
2023-10-31 16:31:34.385  INFO 16260 --- [restartedMain] c.mycom.more.SpringBootMoreApplication   : Starting SpringBootMoreApplication using Java 1.8.0_192 on DESKTOP-MDJG1NJ with PID 16260 (C:\SSAFY\SpringBoot\SpringBootMore\bin\main started by SSAFY in C:\SSAFY\SpringBoot\SpringBootMore)
2023-10-31 16:31:34.385  INFO 16260 --- [restartedMain] c.mycom.more.SpringBootMoreApplication   : No active profile set, falling back to 1 default profile: "default"
2023-10-31 16:31:34.581  INFO 16260 --- [restartedMain] o.s.b.w.embedded.tomcat.TomcatWebServer  : Tomcat initialized with port(s): 8080 (http)
2023-10-31 16:31:34.581  INFO 16260 --- [restartedMain] o.apache.catalina.core.StandardService   : Starting service [Tomcat]
2023-10-31 16:31:34.581  INFO 16260 --- [restartedMain] org.apache.catalina.core.StandardEngine  : Starting Servlet engine: [Apache Tomcat/9.0.82]
2023-10-31 16:31:34.591  INFO 16260 --- [restartedMain] o.a.c.c.C.[Tomcat].[localhost].[/]       : Initializing Spring embedded WebApplicationContext
2023-10-31 16:31:34.591  INFO 16260 --- [restartedMain] w.s.c.ServletWebServerApplicationContext : Root WebApplicationContext: initialization completed in 204 ms
2023-10-31 16:31:34.684  INFO 16260 --- [restartedMain] o.s.b.d.a.OptionalLiveReloadServer       : LiveReload server is running on port 35729
2023-10-31 16:31:34.689  INFO 16260 --- [restartedMain] o.s.b.w.embedded.tomcat.TomcatWebServer  : Tomcat started on port(s): 8080 (http) with context path ''
2023-10-31 16:31:34.693  INFO 16260 --- [restartedMain] c.mycom.more.SpringBootMoreApplication   : Started SpringBootMoreApplication in 0.329 seconds (JVM running for 333.765)
2023-10-31 16:31:34.693  INFO 16260 --- [restartedMain] .ConditionEvaluationDeltaLoggingListener : Condition evaluation unchanged
2023-10-31 16:31:36.184  INFO 16260 --- [http-nio-8080-exec-1] o.a.c.c.C.[Tomcat].[localhost].[/]       : Initializing Spring DispatcherServlet 'dispatcherServlet'
2023-10-31 16:31:36.185  INFO 16260 --- [http-nio-8080-exec-1] o.s.web.servlet.DispatcherServlet        : Initializing Servlet 'dispatcherServlet'
2023-10-31 16:31:36.186  INFO 16260 --- [http-nio-8080-exec-1] o.s.web.servlet.DispatcherServlet        : Completed initialization in 1 ms
2023-10-31 16:31:36.300  INFO 16260 --- [http-nio-8080-exec-2] com.zaxxer.hikari.HikariDataSource       : HikariPool-4 - Starting...
2023-10-31 16:31:36.309  INFO 16260 --- [http-nio-8080-exec-2] com.zaxxer.hikari.HikariDataSource       : HikariPool-4 - Start completed.
2023-10-31 16:31:36.309 DEBUG 16260 --- [http-nio-8080-exec-2] com.mycom.more.dao.StudentDao.list       : ==>  Preparing: select student_id,student_nm, email, phone from student
2023-10-31 16:31:36.309 DEBUG 16260 --- [http-nio-8080-exec-2] com.mycom.more.dao.StudentDao.list       : ==> Parameters: 
2023-10-31 16:31:36.311 DEBUG 16260 --- [http-nio-8080-exec-2] com.mycom.more.dao.StudentDao.list       : <==      Total: 23
2023-10-31 16:31:36.865 DEBUG 16260 --- [http-nio-8080-exec-3] com.mycom.more.dao.StudentDao.detail     : ==>  Preparing: select student_id, student_nm, email, phone from student where student_id = ?
2023-10-31 16:31:36.865 DEBUG 16260 --- [http-nio-8080-exec-3] com.mycom.more.dao.StudentDao.detail     : ==> Parameters: 33(Integer)
2023-10-31 16:31:36.866 DEBUG 16260 --- [http-nio-8080-exec-3] com.mycom.more.dao.StudentDao.detail     : <==      Total: 1
2023-10-31 16:31:38.489 DEBUG 16260 --- [http-nio-8080-exec-4] com.mycom.more.dao.StudentDao.insert     : ==>  Preparing: insert into student (student_nm, email, phone) values(?,?,?)
2023-10-31 16:31:38.489 DEBUG 16260 --- [http-nio-8080-exec-4] com.mycom.more.dao.StudentDao.insert     : ==> Parameters: 박종국국구ㄱㄱㅂㅂㄷㄷ(String), 종국@네이버닷컴(String), 010-0000-0000(String)
2023-10-31 16:31:38.490 DEBUG 16260 --- [http-nio-8080-exec-4] com.mycom.more.dao.StudentDao.insert     : <==    Updates: 1
2023-10-31 16:31:38.498 ERROR 16260 --- [http-nio-8080-exec-4] o.a.c.c.C.[.[.[/].[dispatcherServlet]    : Servlet.service() for servlet [dispatcherServlet] in context with path [] threw exception [Request processing failed; nested exception is java.lang.NullPointerException] with root cause

java.lang.NullPointerException: null
	at com.mycom.more.service.StudentServiceImpl.insert(StudentServiceImpl.java:33) ~[main/:na]
	at com.mycom.more.service.StudentServiceImpl$$FastClassBySpringCGLIB$$f54d726.invoke(<generated>) ~[main/:na]
	at org.springframework.cglib.proxy.MethodProxy.invoke(MethodProxy.java:218) ~[spring-core-5.3.30.jar:5.3.30]
	at org.springframework.aop.framework.CglibAopProxy$CglibMethodInvocation.invokeJoinpoint(CglibAopProxy.java:792) ~[spring-aop-5.3.30.jar:5.3.30]
	at org.springframework.aop.framework.ReflectiveMethodInvocation.proceed(ReflectiveMethodInvocation.java:163) ~[spring-aop-5.3.30.jar:5.3.30]
	at org.springframework.aop.framework.CglibAopProxy$CglibMethodInvocation.proceed(CglibAopProxy.java:762) ~[spring-aop-5.3.30.jar:5.3.30]
	at org.springframework.transaction.interceptor.TransactionInterceptor$1.proceedWithInvocation(TransactionInterceptor.java:123) ~[spring-tx-5.3.30.jar:5.3.30]
	at org.springframework.transaction.interceptor.TransactionAspectSupport.invokeWithinTransaction(TransactionAspectSupport.java:388) ~[spring-tx-5.3.30.jar:5.3.30]
	at org.springframework.transaction.interceptor.TransactionInterceptor.invoke(TransactionInterceptor.java:119) ~[spring-tx-5.3.30.jar:5.3.30]
	at org.springframework.aop.framework.ReflectiveMethodInvocation.proceed(ReflectiveMethodInvocation.java:186) ~[spring-aop-5.3.30.jar:5.3.30]
	at org.springframework.aop.framework.CglibAopProxy$CglibMethodInvocation.proceed(CglibAopProxy.java:762) ~[spring-aop-5.3.30.jar:5.3.30]
	at org.springframework.aop.framework.CglibAopProxy$DynamicAdvisedInterceptor.intercept(CglibAopProxy.java:707) ~[spring-aop-5.3.30.jar:5.3.30]
	at com.mycom.more.service.StudentServiceImpl$$EnhancerBySpringCGLIB$$f0399df6.insert(<generated>) ~[main/:na]
	at com.mycom.more.controller.StudentController.insert(StudentController.java:34) ~[main/:na]
	at sun.reflect.NativeMethodAccessorImpl.invoke0(Native Method) ~[na:1.8.0_192]
	at sun.reflect.NativeMethodAccessorImpl.invoke(NativeMethodAccessorImpl.java:62) ~[na:1.8.0_192]
	at sun.reflect.DelegatingMethodAccessorImpl.invoke(DelegatingMethodAccessorImpl.java:43) ~[na:1.8.0_192]
	at java.lang.reflect.Method.invoke(Method.java:498) ~[na:1.8.0_192]
	at org.springframework.web.method.support.InvocableHandlerMethod.doInvoke(InvocableHandlerMethod.java:205) ~[spring-web-5.3.30.jar:5.3.30]
	at org.springframework.web.method.support.InvocableHandlerMethod.invokeForRequest(InvocableHandlerMethod.java:150) ~[spring-web-5.3.30.jar:5.3.30]
	at org.springframework.web.servlet.mvc.method.annotation.ServletInvocableHandlerMethod.invokeAndHandle(ServletInvocableHandlerMethod.java:117) ~[spring-webmvc-5.3.30.jar:5.3.30]
	at org.springframework.web.servlet.mvc.method.annotation.RequestMappingHandlerAdapter.invokeHandlerMethod(RequestMappingHandlerAdapter.java:895) ~[spring-webmvc-5.3.30.jar:5.3.30]
	at org.springframework.web.servlet.mvc.method.annotation.RequestMappingHandlerAdapter.handleInternal(RequestMappingHandlerAdapter.java:808) ~[spring-webmvc-5.3.30.jar:5.3.30]
	at org.springframework.web.servlet.mvc.method.AbstractHandlerMethodAdapter.handle(AbstractHandlerMethodAdapter.java:87) ~[spring-webmvc-5.3.30.jar:5.3.30]
	at org.springframework.web.servlet.DispatcherServlet.doDispatch(DispatcherServlet.java:1072) ~[spring-webmvc-5.3.30.jar:5.3.30]
	at org.springframework.web.servlet.DispatcherServlet.doService(DispatcherServlet.java:965) ~[spring-webmvc-5.3.30.jar:5.3.30]
	at org.springframework.web.servlet.FrameworkServlet.processRequest(FrameworkServlet.java:1006) ~[spring-webmvc-5.3.30.jar:5.3.30]
	at org.springframework.web.servlet.FrameworkServlet.doPost(FrameworkServlet.java:909) ~[spring-webmvc-5.3.30.jar:5.3.30]
	at javax.servlet.http.HttpServlet.service(HttpServlet.java:555) ~[tomcat-embed-core-9.0.82.jar:4.0.FR]
	at org.springframework.web.servlet.FrameworkServlet.service(FrameworkServlet.java:883) ~[spring-webmvc-5.3.30.jar:5.3.30]
	at javax.servlet.http.HttpServlet.service(HttpServlet.java:623) ~[tomcat-embed-core-9.0.82.jar:4.0.FR]
	at org.apache.catalina.core.ApplicationFilterChain.internalDoFilter(ApplicationFilterChain.java:209) ~[tomcat-embed-core-9.0.82.jar:9.0.82]
	at org.apache.catalina.core.ApplicationFilterChain.doFilter(ApplicationFilterChain.java:153) ~[tomcat-embed-core-9.0.82.jar:9.0.82]
	at org.apache.tomcat.websocket.server.WsFilter.doFilter(WsFilter.java:51) ~[tomcat-embed-websocket-9.0.82.jar:9.0.82]
	at org.apache.catalina.core.ApplicationFilterChain.internalDoFilter(ApplicationFilterChain.java:178) ~[tomcat-embed-core-9.0.82.jar:9.0.82]
	at org.apache.catalina.core.ApplicationFilterChain.doFilter(ApplicationFilterChain.java:153) ~[tomcat-embed-core-9.0.82.jar:9.0.82]
	at org.springframework.web.filter.RequestContextFilter.doFilterInternal(RequestContextFilter.java:100) ~[spring-web-5.3.30.jar:5.3.30]
	at org.springframework.web.filter.OncePerRequestFilter.doFilter(OncePerRequestFilter.java:117) ~[spring-web-5.3.30.jar:5.3.30]
	at org.apache.catalina.core.ApplicationFilterChain.internalDoFilter(ApplicationFilterChain.java:178) ~[tomcat-embed-core-9.0.82.jar:9.0.82]
	at org.apache.catalina.core.ApplicationFilterChain.doFilter(ApplicationFilterChain.java:153) ~[tomcat-embed-core-9.0.82.jar:9.0.82]
	at org.springframework.web.filter.FormContentFilter.doFilterInternal(FormContentFilter.java:93) ~[spring-web-5.3.30.jar:5.3.30]
	at org.springframework.web.filter.OncePerRequestFilter.doFilter(OncePerRequestFilter.java:117) ~[spring-web-5.3.30.jar:5.3.30]
	at org.apache.catalina.core.ApplicationFilterChain.internalDoFilter(ApplicationFilterChain.java:178) ~[tomcat-embed-core-9.0.82.jar:9.0.82]
	at org.apache.catalina.core.ApplicationFilterChain.doFilter(ApplicationFilterChain.java:153) ~[tomcat-embed-core-9.0.82.jar:9.0.82]
	at org.springframework.web.filter.CharacterEncodingFilter.doFilterInternal(CharacterEncodingFilter.java:201) ~[spring-web-5.3.30.jar:5.3.30]
	at org.springframework.web.filter.OncePerRequestFilter.doFilter(OncePerRequestFilter.java:117) ~[spring-web-5.3.30.jar:5.3.30]
	at org.apache.catalina.core.ApplicationFilterChain.internalDoFilter(ApplicationFilterChain.java:178) ~[tomcat-embed-core-9.0.82.jar:9.0.82]
	at org.apache.catalina.core.ApplicationFilterChain.doFilter(ApplicationFilterChain.java:153) ~[tomcat-embed-core-9.0.82.jar:9.0.82]
	at org.apache.catalina.core.StandardWrapperValve.invoke(StandardWrapperValve.java:168) ~[tomcat-embed-core-9.0.82.jar:9.0.82]
	at org.apache.catalina.core.StandardContextValve.invoke(StandardContextValve.java:90) [tomcat-embed-core-9.0.82.jar:9.0.82]
	at org.apache.catalina.authenticator.AuthenticatorBase.invoke(AuthenticatorBase.java:481) [tomcat-embed-core-9.0.82.jar:9.0.82]
	at org.apache.catalina.core.StandardHostValve.invoke(StandardHostValve.java:130) [tomcat-embed-core-9.0.82.jar:9.0.82]
	at org.apache.catalina.valves.ErrorReportValve.invoke(ErrorReportValve.java:93) [tomcat-embed-core-9.0.82.jar:9.0.82]
	at org.apache.catalina.core.StandardEngineValve.invoke(StandardEngineValve.java:74) [tomcat-embed-core-9.0.82.jar:9.0.82]
	at org.apache.catalina.connector.CoyoteAdapter.service(CoyoteAdapter.java:342) [tomcat-embed-core-9.0.82.jar:9.0.82]
	at org.apache.coyote.http11.Http11Processor.service(Http11Processor.java:390) [tomcat-embed-core-9.0.82.jar:9.0.82]
	at org.apache.coyote.AbstractProcessorLight.process(AbstractProcessorLight.java:63) [tomcat-embed-core-9.0.82.jar:9.0.82]
	at org.apache.coyote.AbstractProtocol$ConnectionHandler.process(AbstractProtocol.java:928) [tomcat-embed-core-9.0.82.jar:9.0.82]
	at org.apache.tomcat.util.net.NioEndpoint$SocketProcessor.doRun(NioEndpoint.java:1794) [tomcat-embed-core-9.0.82.jar:9.0.82]
	at org.apache.tomcat.util.net.SocketProcessorBase.run(SocketProcessorBase.java:52) [tomcat-embed-core-9.0.82.jar:9.0.82]
	at org.apache.tomcat.util.threads.ThreadPoolExecutor.runWorker(ThreadPoolExecutor.java:1191) [tomcat-embed-core-9.0.82.jar:9.0.82]
	at org.apache.tomcat.util.threads.ThreadPoolExecutor$Worker.run(ThreadPoolExecutor.java:659) [tomcat-embed-core-9.0.82.jar:9.0.82]
	at org.apache.tomcat.util.threads.TaskThread$WrappingRunnable.run(TaskThread.java:61) [tomcat-embed-core-9.0.82.jar:9.0.82]
	at java.lang.Thread.run(Thread.java:748) [na:1.8.0_192]

2023-10-31 16:31:38.507 DEBUG 16260 --- [http-nio-8080-exec-5] com.mycom.more.dao.StudentDao.list       : ==>  Preparing: select student_id,student_nm, email, phone from student
2023-10-31 16:31:38.507 DEBUG 16260 --- [http-nio-8080-exec-5] com.mycom.more.dao.StudentDao.list       : ==> Parameters: 
2023-10-31 16:31:38.508 DEBUG 16260 --- [http-nio-8080-exec-5] com.mycom.more.dao.StudentDao.list       : <==      Total: 23
2023-10-31 16:31:45.946 DEBUG 16260 --- [http-nio-8080-exec-6] com.mycom.more.dao.StudentDao.detail     : ==>  Preparing: select student_id, student_nm, email, phone from student where student_id = ?
2023-10-31 16:31:45.946 DEBUG 16260 --- [http-nio-8080-exec-6] com.mycom.more.dao.StudentDao.detail     : ==> Parameters: 33(Integer)
2023-10-31 16:31:45.947 DEBUG 16260 --- [http-nio-8080-exec-6] com.mycom.more.dao.StudentDao.detail     : <==      Total: 1
2023-10-31 16:31:46.563 DEBUG 16260 --- [http-nio-8080-exec-7] com.mycom.more.dao.StudentDao.delete     : ==>  Preparing: delete from student where student_id = ?
2023-10-31 16:31:46.563 DEBUG 16260 --- [http-nio-8080-exec-7] com.mycom.more.dao.StudentDao.delete     : ==> Parameters: 33(Integer)
2023-10-31 16:31:46.569 DEBUG 16260 --- [http-nio-8080-exec-7] com.mycom.more.dao.StudentDao.delete     : <==    Updates: 1
2023-10-31 16:31:46.574 DEBUG 16260 --- [http-nio-8080-exec-8] com.mycom.more.dao.StudentDao.list       : ==>  Preparing: select student_id,student_nm, email, phone from student
2023-10-31 16:31:46.574 DEBUG 16260 --- [http-nio-8080-exec-8] com.mycom.more.dao.StudentDao.list       : ==> Parameters: 
2023-10-31 16:31:46.576 DEBUG 16260 --- [http-nio-8080-exec-8] com.mycom.more.dao.StudentDao.list       : <==      Total: 22
2023-10-31 16:31:47.067 DEBUG 16260 --- [http-nio-8080-exec-9] com.mycom.more.dao.StudentDao.detail     : ==>  Preparing: select student_id, student_nm, email, phone from student where student_id = ?
2023-10-31 16:31:47.067 DEBUG 16260 --- [http-nio-8080-exec-9] com.mycom.more.dao.StudentDao.detail     : ==> Parameters: 29(Integer)
2023-10-31 16:31:47.068 DEBUG 16260 --- [http-nio-8080-exec-9] com.mycom.more.dao.StudentDao.detail     : <==      Total: 1
2023-10-31 16:31:47.787 DEBUG 16260 --- [http-nio-8080-exec-10] com.mycom.more.dao.StudentDao.delete     : ==>  Preparing: delete from student where student_id = ?
2023-10-31 16:31:47.787 DEBUG 16260 --- [http-nio-8080-exec-10] com.mycom.more.dao.StudentDao.delete     : ==> Parameters: 29(Integer)
2023-10-31 16:31:47.792 DEBUG 16260 --- [http-nio-8080-exec-10] com.mycom.more.dao.StudentDao.delete     : <==    Updates: 1
2023-10-31 16:31:47.796 DEBUG 16260 --- [http-nio-8080-exec-1] com.mycom.more.dao.StudentDao.list       : ==>  Preparing: select student_id,student_nm, email, phone from student
2023-10-31 16:31:47.797 DEBUG 16260 --- [http-nio-8080-exec-1] com.mycom.more.dao.StudentDao.list       : ==> Parameters: 
2023-10-31 16:31:47.798 DEBUG 16260 --- [http-nio-8080-exec-1] com.mycom.more.dao.StudentDao.list       : <==      Total: 21
2023-10-31 16:31:48.383 DEBUG 16260 --- [http-nio-8080-exec-2] com.mycom.more.dao.StudentDao.detail     : ==>  Preparing: select student_id, student_nm, email, phone from student where student_id = ?
2023-10-31 16:31:48.383 DEBUG 16260 --- [http-nio-8080-exec-2] com.mycom.more.dao.StudentDao.detail     : ==> Parameters: 31(Integer)
2023-10-31 16:31:48.384 DEBUG 16260 --- [http-nio-8080-exec-2] com.mycom.more.dao.StudentDao.detail     : <==      Total: 1
2023-10-31 16:31:48.984 DEBUG 16260 --- [http-nio-8080-exec-3] com.mycom.more.dao.StudentDao.delete     : ==>  Preparing: delete from student where student_id = ?
2023-10-31 16:31:48.984 DEBUG 16260 --- [http-nio-8080-exec-3] com.mycom.more.dao.StudentDao.delete     : ==> Parameters: 31(Integer)
2023-10-31 16:31:48.989 DEBUG 16260 --- [http-nio-8080-exec-3] com.mycom.more.dao.StudentDao.delete     : <==    Updates: 1
2023-10-31 16:31:48.992 DEBUG 16260 --- [http-nio-8080-exec-4] com.mycom.more.dao.StudentDao.list       : ==>  Preparing: select student_id,student_nm, email, phone from student
2023-10-31 16:31:48.992 DEBUG 16260 --- [http-nio-8080-exec-4] com.mycom.more.dao.StudentDao.list       : ==> Parameters: 
2023-10-31 16:31:48.994 DEBUG 16260 --- [http-nio-8080-exec-4] com.mycom.more.dao.StudentDao.list       : <==      Total: 20
2023-10-31 16:31:49.591 DEBUG 16260 --- [http-nio-8080-exec-5] com.mycom.more.dao.StudentDao.detail     : ==>  Preparing: select student_id, student_nm, email, phone from student where student_id = ?
2023-10-31 16:31:49.591 DEBUG 16260 --- [http-nio-8080-exec-5] com.mycom.more.dao.StudentDao.detail     : ==> Parameters: 28(Integer)
2023-10-31 16:31:49.592 DEBUG 16260 --- [http-nio-8080-exec-5] com.mycom.more.dao.StudentDao.detail     : <==      Total: 1
2023-10-31 16:31:50.377 DEBUG 16260 --- [http-nio-8080-exec-6] com.mycom.more.dao.StudentDao.delete     : ==>  Preparing: delete from student where student_id = ?
2023-10-31 16:31:50.377 DEBUG 16260 --- [http-nio-8080-exec-6] com.mycom.more.dao.StudentDao.delete     : ==> Parameters: 28(Integer)
2023-10-31 16:31:50.382 DEBUG 16260 --- [http-nio-8080-exec-6] com.mycom.more.dao.StudentDao.delete     : <==    Updates: 1
2023-10-31 16:31:50.387 DEBUG 16260 --- [http-nio-8080-exec-7] com.mycom.more.dao.StudentDao.list       : ==>  Preparing: select student_id,student_nm, email, phone from student
2023-10-31 16:31:50.387 DEBUG 16260 --- [http-nio-8080-exec-7] com.mycom.more.dao.StudentDao.list       : ==> Parameters: 
2023-10-31 16:31:50.387 DEBUG 16260 --- [http-nio-8080-exec-7] com.mycom.more.dao.StudentDao.list       : <==      Total: 19
2023-10-31 16:31:50.799 DEBUG 16260 --- [http-nio-8080-exec-8] com.mycom.more.dao.StudentDao.detail     : ==>  Preparing: select student_id, student_nm, email, phone from student where student_id = ?
2023-10-31 16:31:50.799 DEBUG 16260 --- [http-nio-8080-exec-8] com.mycom.more.dao.StudentDao.detail     : ==> Parameters: 27(Integer)
2023-10-31 16:31:50.800 DEBUG 16260 --- [http-nio-8080-exec-8] com.mycom.more.dao.StudentDao.detail     : <==      Total: 1
2023-10-31 16:31:51.974 DEBUG 16260 --- [http-nio-8080-exec-9] com.mycom.more.dao.StudentDao.delete     : ==>  Preparing: delete from student where student_id = ?
2023-10-31 16:31:51.974 DEBUG 16260 --- [http-nio-8080-exec-9] com.mycom.more.dao.StudentDao.delete     : ==> Parameters: 27(Integer)
2023-10-31 16:31:51.979 DEBUG 16260 --- [http-nio-8080-exec-9] com.mycom.more.dao.StudentDao.delete     : <==    Updates: 1
2023-10-31 16:31:51.982 DEBUG 16260 --- [http-nio-8080-exec-10] com.mycom.more.dao.StudentDao.list       : ==>  Preparing: select student_id,student_nm, email, phone from student
2023-10-31 16:31:51.983 DEBUG 16260 --- [http-nio-8080-exec-10] com.mycom.more.dao.StudentDao.list       : ==> Parameters: 
2023-10-31 16:31:51.984 DEBUG 16260 --- [http-nio-8080-exec-10] com.mycom.more.dao.StudentDao.list       : <==      Total: 18
2023-10-31 16:31:52.550 DEBUG 16260 --- [http-nio-8080-exec-1] com.mycom.more.dao.StudentDao.detail     : ==>  Preparing: select student_id, student_nm, email, phone from student where student_id = ?
2023-10-31 16:31:52.551 DEBUG 16260 --- [http-nio-8080-exec-1] com.mycom.more.dao.StudentDao.detail     : ==> Parameters: 14(Integer)
2023-10-31 16:31:52.551 DEBUG 16260 --- [http-nio-8080-exec-1] com.mycom.more.dao.StudentDao.detail     : <==      Total: 1
2023-10-31 16:31:53.488 DEBUG 16260 --- [http-nio-8080-exec-2] com.mycom.more.dao.StudentDao.delete     : ==>  Preparing: delete from student where student_id = ?
2023-10-31 16:31:53.488 DEBUG 16260 --- [http-nio-8080-exec-2] com.mycom.more.dao.StudentDao.delete     : ==> Parameters: 14(Integer)
2023-10-31 16:31:53.493 DEBUG 16260 --- [http-nio-8080-exec-2] com.mycom.more.dao.StudentDao.delete     : <==    Updates: 1
2023-10-31 16:31:53.497 DEBUG 16260 --- [http-nio-8080-exec-3] com.mycom.more.dao.StudentDao.list       : ==>  Preparing: select student_id,student_nm, email, phone from student
2023-10-31 16:31:53.497 DEBUG 16260 --- [http-nio-8080-exec-3] com.mycom.more.dao.StudentDao.list       : ==> Parameters: 
2023-10-31 16:31:53.498 DEBUG 16260 --- [http-nio-8080-exec-3] com.mycom.more.dao.StudentDao.list       : <==      Total: 17
2023-10-31 16:31:54.033 DEBUG 16260 --- [http-nio-8080-exec-4] com.mycom.more.dao.StudentDao.detail     : ==>  Preparing: select student_id, student_nm, email, phone from student where student_id = ?
2023-10-31 16:31:54.034 DEBUG 16260 --- [http-nio-8080-exec-4] com.mycom.more.dao.StudentDao.detail     : ==> Parameters: 26(Integer)
2023-10-31 16:31:54.034 DEBUG 16260 --- [http-nio-8080-exec-4] com.mycom.more.dao.StudentDao.detail     : <==      Total: 1
2023-10-31 16:31:54.664 DEBUG 16260 --- [http-nio-8080-exec-5] com.mycom.more.dao.StudentDao.delete     : ==>  Preparing: delete from student where student_id = ?
2023-10-31 16:31:54.664 DEBUG 16260 --- [http-nio-8080-exec-5] com.mycom.more.dao.StudentDao.delete     : ==> Parameters: 26(Integer)
2023-10-31 16:31:54.667 DEBUG 16260 --- [http-nio-8080-exec-5] com.mycom.more.dao.StudentDao.delete     : <==    Updates: 1
2023-10-31 16:31:54.672 DEBUG 16260 --- [http-nio-8080-exec-6] com.mycom.more.dao.StudentDao.list       : ==>  Preparing: select student_id,student_nm, email, phone from student
2023-10-31 16:31:54.673 DEBUG 16260 --- [http-nio-8080-exec-6] com.mycom.more.dao.StudentDao.list       : ==> Parameters: 
2023-10-31 16:31:54.674 DEBUG 16260 --- [http-nio-8080-exec-6] com.mycom.more.dao.StudentDao.list       : <==      Total: 16
2023-10-31 16:31:55.192 DEBUG 16260 --- [http-nio-8080-exec-7] com.mycom.more.dao.StudentDao.detail     : ==>  Preparing: select student_id, student_nm, email, phone from student where student_id = ?
2023-10-31 16:31:55.192 DEBUG 16260 --- [http-nio-8080-exec-7] com.mycom.more.dao.StudentDao.detail     : ==> Parameters: 8(Integer)
2023-10-31 16:31:55.193 DEBUG 16260 --- [http-nio-8080-exec-7] com.mycom.more.dao.StudentDao.detail     : <==      Total: 1
2023-10-31 16:31:55.936 DEBUG 16260 --- [http-nio-8080-exec-8] com.mycom.more.dao.StudentDao.delete     : ==>  Preparing: delete from student where student_id = ?
2023-10-31 16:31:55.936 DEBUG 16260 --- [http-nio-8080-exec-8] com.mycom.more.dao.StudentDao.delete     : ==> Parameters: 8(Integer)
2023-10-31 16:31:55.941 DEBUG 16260 --- [http-nio-8080-exec-8] com.mycom.more.dao.StudentDao.delete     : <==    Updates: 1
2023-10-31 16:31:55.945 DEBUG 16260 --- [http-nio-8080-exec-9] com.mycom.more.dao.StudentDao.list       : ==>  Preparing: select student_id,student_nm, email, phone from student
2023-10-31 16:31:55.946 DEBUG 16260 --- [http-nio-8080-exec-9] com.mycom.more.dao.StudentDao.list       : ==> Parameters: 
2023-10-31 16:31:55.947 DEBUG 16260 --- [http-nio-8080-exec-9] com.mycom.more.dao.StudentDao.list       : <==      Total: 15
2023-10-31 16:31:57.617 DEBUG 16260 --- [http-nio-8080-exec-10] com.mycom.more.dao.StudentDao.detail     : ==>  Preparing: select student_id, student_nm, email, phone from student where student_id = ?
2023-10-31 16:31:57.617 DEBUG 16260 --- [http-nio-8080-exec-10] com.mycom.more.dao.StudentDao.detail     : ==> Parameters: 9(Integer)
2023-10-31 16:31:57.618 DEBUG 16260 --- [http-nio-8080-exec-10] com.mycom.more.dao.StudentDao.detail     : <==      Total: 1
2023-10-31 16:31:58.408 DEBUG 16260 --- [http-nio-8080-exec-1] com.mycom.more.dao.StudentDao.delete     : ==>  Preparing: delete from student where student_id = ?
2023-10-31 16:31:58.408 DEBUG 16260 --- [http-nio-8080-exec-1] com.mycom.more.dao.StudentDao.delete     : ==> Parameters: 9(Integer)
2023-10-31 16:31:58.412 DEBUG 16260 --- [http-nio-8080-exec-1] com.mycom.more.dao.StudentDao.delete     : <==    Updates: 1
2023-10-31 16:31:58.417 DEBUG 16260 --- [http-nio-8080-exec-2] com.mycom.more.dao.StudentDao.list       : ==>  Preparing: select student_id,student_nm, email, phone from student
2023-10-31 16:31:58.417 DEBUG 16260 --- [http-nio-8080-exec-2] com.mycom.more.dao.StudentDao.list       : ==> Parameters: 
2023-10-31 16:31:58.418 DEBUG 16260 --- [http-nio-8080-exec-2] com.mycom.more.dao.StudentDao.list       : <==      Total: 14
2023-10-31 16:31:59.305 DEBUG 16260 --- [http-nio-8080-exec-3] com.mycom.more.dao.StudentDao.detail     : ==>  Preparing: select student_id, student_nm, email, phone from student where student_id = ?
2023-10-31 16:31:59.305 DEBUG 16260 --- [http-nio-8080-exec-3] com.mycom.more.dao.StudentDao.detail     : ==> Parameters: 10(Integer)
2023-10-31 16:31:59.306 DEBUG 16260 --- [http-nio-8080-exec-3] com.mycom.more.dao.StudentDao.detail     : <==      Total: 1
2023-10-31 16:32:00.200 DEBUG 16260 --- [http-nio-8080-exec-4] com.mycom.more.dao.StudentDao.delete     : ==>  Preparing: delete from student where student_id = ?
2023-10-31 16:32:00.200 DEBUG 16260 --- [http-nio-8080-exec-4] com.mycom.more.dao.StudentDao.delete     : ==> Parameters: 10(Integer)
2023-10-31 16:32:00.204 DEBUG 16260 --- [http-nio-8080-exec-4] com.mycom.more.dao.StudentDao.delete     : <==    Updates: 1
2023-10-31 16:32:00.208 DEBUG 16260 --- [http-nio-8080-exec-5] com.mycom.more.dao.StudentDao.list       : ==>  Preparing: select student_id,student_nm, email, phone from student
2023-10-31 16:32:00.208 DEBUG 16260 --- [http-nio-8080-exec-5] com.mycom.more.dao.StudentDao.list       : ==> Parameters: 
2023-10-31 16:32:00.209 DEBUG 16260 --- [http-nio-8080-exec-5] com.mycom.more.dao.StudentDao.list       : <==      Total: 13
2023-10-31 16:39:48.898  INFO 16260 --- [File Watcher] rtingClassPathChangeChangedEventListener : Restarting due to 1 class path change (0 additions, 0 deletions, 1 modification)
2023-10-31 16:39:48.949  INFO 16260 --- [Thread-20] o.apache.catalina.core.StandardService   : Stopping service [Tomcat]
2023-10-31 16:39:48.950  INFO 16260 --- [Thread-20] o.a.c.c.C.[Tomcat].[localhost].[/]       : Destroying Spring FrameworkServlet 'dispatcherServlet'
2023-10-31 16:39:48.955  WARN 16260 --- [Thread-20] o.a.c.loader.WebappClassLoaderBase       : The web application [ROOT] appears to have started a thread named [HikariPool-4 housekeeper] but has failed to stop it. This is very likely to create a memory leak. Stack trace of thread:
 sun.misc.Unsafe.park(Native Method)
 java.util.concurrent.locks.LockSupport.parkNanos(LockSupport.java:215)
 java.util.concurrent.locks.AbstractQueuedSynchronizer$ConditionObject.awaitNanos(AbstractQueuedSynchronizer.java:2078)
 java.util.concurrent.ScheduledThreadPoolExecutor$DelayedWorkQueue.take(ScheduledThreadPoolExecutor.java:1093)
 java.util.concurrent.ScheduledThreadPoolExecutor$DelayedWorkQueue.take(ScheduledThreadPoolExecutor.java:809)
 java.util.concurrent.ThreadPoolExecutor.getTask(ThreadPoolExecutor.java:1074)
 java.util.concurrent.ThreadPoolExecutor.runWorker(ThreadPoolExecutor.java:1134)
 java.util.concurrent.ThreadPoolExecutor$Worker.run(ThreadPoolExecutor.java:624)
 java.lang.Thread.run(Thread.java:748)
2023-10-31 16:39:48.960  INFO 16260 --- [Thread-20] com.zaxxer.hikari.HikariDataSource       : HikariPool-4 - Shutdown initiated...
2023-10-31 16:39:48.965  INFO 16260 --- [Thread-20] com.zaxxer.hikari.HikariDataSource       : HikariPool-4 - Shutdown completed.
2023-10-31 16:39:49.053  INFO 16260 --- [restartedMain] c.mycom.more.SpringBootMoreApplication   : Starting SpringBootMoreApplication using Java 1.8.0_192 on DESKTOP-MDJG1NJ with PID 16260 (C:\SSAFY\SpringBoot\SpringBootMore\bin\main started by SSAFY in C:\SSAFY\SpringBoot\SpringBootMore)
2023-10-31 16:39:49.054  INFO 16260 --- [restartedMain] c.mycom.more.SpringBootMoreApplication   : No active profile set, falling back to 1 default profile: "default"
2023-10-31 16:39:49.240  INFO 16260 --- [restartedMain] o.s.b.w.embedded.tomcat.TomcatWebServer  : Tomcat initialized with port(s): 8080 (http)
2023-10-31 16:39:49.241  INFO 16260 --- [restartedMain] o.apache.catalina.core.StandardService   : Starting service [Tomcat]
2023-10-31 16:39:49.241  INFO 16260 --- [restartedMain] org.apache.catalina.core.StandardEngine  : Starting Servlet engine: [Apache Tomcat/9.0.82]
2023-10-31 16:39:49.250  INFO 16260 --- [restartedMain] o.a.c.c.C.[Tomcat].[localhost].[/]       : Initializing Spring embedded WebApplicationContext
2023-10-31 16:39:49.250  INFO 16260 --- [restartedMain] w.s.c.ServletWebServerApplicationContext : Root WebApplicationContext: initialization completed in 195 ms
2023-10-31 16:39:49.327  INFO 16260 --- [restartedMain] o.s.b.d.a.OptionalLiveReloadServer       : LiveReload server is running on port 35729
2023-10-31 16:39:49.332  INFO 16260 --- [restartedMain] o.s.b.w.embedded.tomcat.TomcatWebServer  : Tomcat started on port(s): 8080 (http) with context path ''
2023-10-31 16:39:49.335  INFO 16260 --- [restartedMain] c.mycom.more.SpringBootMoreApplication   : Started SpringBootMoreApplication in 0.302 seconds (JVM running for 828.408)
2023-10-31 16:39:49.336  INFO 16260 --- [restartedMain] .ConditionEvaluationDeltaLoggingListener : Condition evaluation unchanged
2023-10-31 16:40:20.647  INFO 16260 --- [http-nio-8080-exec-1] o.apache.coyote.http11.Http11Processor   : Error parsing HTTP request header
 Note: further occurrences of HTTP request parsing errors will be logged at DEBUG level.

java.lang.IllegalArgumentException: Invalid character found in method name [0x160x030x010x00{0x010x000x00w0x030x030xe6]0x840xc10xe50xaf\0x890xaf.r0x17=0x090x160xa4S0xdd0x8e0x80Hn*0x1d0xa1y\0x960xd4I0x9ck0x000x000x1a0xc0/0xc0+0xc00x110xc00x070xc00x130xc00x090xc00x140xc00x0a0x000x050x00/0x0050xc00x120x000x0a0x010x000x0040x000x050x000x050x010x000x000x000x000x000x0a0x000x080x000x060x000x170x000x180x000x190x000x0b0x000x020x010x000x000x0d0x000x100x000x0e0x040x010x040x030x020x010x020x030x040x010x050x010x060x010xff0x010x000x010x00...]. HTTP method names must be tokens
	at org.apache.coyote.http11.Http11InputBuffer.parseRequestLine(Http11InputBuffer.java:407) ~[tomcat-embed-core-9.0.82.jar:9.0.82]
	at org.apache.coyote.http11.Http11Processor.service(Http11Processor.java:263) ~[tomcat-embed-core-9.0.82.jar:9.0.82]
	at org.apache.coyote.AbstractProcessorLight.process(AbstractProcessorLight.java:63) [tomcat-embed-core-9.0.82.jar:9.0.82]
	at org.apache.coyote.AbstractProtocol$ConnectionHandler.process(AbstractProtocol.java:928) [tomcat-embed-core-9.0.82.jar:9.0.82]
	at org.apache.tomcat.util.net.NioEndpoint$SocketProcessor.doRun(NioEndpoint.java:1794) [tomcat-embed-core-9.0.82.jar:9.0.82]
	at org.apache.tomcat.util.net.SocketProcessorBase.run(SocketProcessorBase.java:52) [tomcat-embed-core-9.0.82.jar:9.0.82]
	at org.apache.tomcat.util.threads.ThreadPoolExecutor.runWorker(ThreadPoolExecutor.java:1191) [tomcat-embed-core-9.0.82.jar:9.0.82]
	at org.apache.tomcat.util.threads.ThreadPoolExecutor$Worker.run(ThreadPoolExecutor.java:659) [tomcat-embed-core-9.0.82.jar:9.0.82]
	at org.apache.tomcat.util.threads.TaskThread$WrappingRunnable.run(TaskThread.java:61) [tomcat-embed-core-9.0.82.jar:9.0.82]
	at java.lang.Thread.run(Thread.java:748) [na:1.8.0_192]

2023-10-31 16:41:09.418  INFO 16260 --- [File Watcher] rtingClassPathChangeChangedEventListener : Restarting due to 1 class path change (1 addition, 0 deletions, 0 modifications)
2023-10-31 16:41:09.466  INFO 16260 --- [Thread-24] o.apache.catalina.core.StandardService   : Stopping service [Tomcat]
2023-10-31 16:41:09.562  INFO 16260 --- [restartedMain] c.mycom.more.SpringBootMoreApplication   : Starting SpringBootMoreApplication using Java 1.8.0_192 on DESKTOP-MDJG1NJ with PID 16260 (C:\SSAFY\SpringBoot\SpringBootMore\bin\main started by SSAFY in C:\SSAFY\SpringBoot\SpringBootMore)
2023-10-31 16:41:09.562  INFO 16260 --- [restartedMain] c.mycom.more.SpringBootMoreApplication   : No active profile set, falling back to 1 default profile: "default"
2023-10-31 16:41:09.750  INFO 16260 --- [restartedMain] o.s.b.w.embedded.tomcat.TomcatWebServer  : Tomcat initialized with port(s): 8080 (http)
2023-10-31 16:41:09.750  INFO 16260 --- [restartedMain] o.apache.catalina.core.StandardService   : Starting service [Tomcat]
2023-10-31 16:41:09.751  INFO 16260 --- [restartedMain] org.apache.catalina.core.StandardEngine  : Starting Servlet engine: [Apache Tomcat/9.0.82]
2023-10-31 16:41:09.760  INFO 16260 --- [restartedMain] o.a.c.c.C.[Tomcat].[localhost].[/]       : Initializing Spring embedded WebApplicationContext
2023-10-31 16:41:09.760  INFO 16260 --- [restartedMain] w.s.c.ServletWebServerApplicationContext : Root WebApplicationContext: initialization completed in 197 ms
2023-10-31 16:41:09.841  INFO 16260 --- [restartedMain] o.s.b.d.a.OptionalLiveReloadServer       : LiveReload server is running on port 35729
2023-10-31 16:41:09.846  INFO 16260 --- [restartedMain] o.s.b.w.embedded.tomcat.TomcatWebServer  : Tomcat started on port(s): 8080 (http) with context path ''
2023-10-31 16:41:09.849  INFO 16260 --- [restartedMain] c.mycom.more.SpringBootMoreApplication   : Started SpringBootMoreApplication in 0.308 seconds (JVM running for 908.921)
2023-10-31 16:41:09.850  INFO 16260 --- [restartedMain] .ConditionEvaluationDeltaLoggingListener : Condition evaluation unchanged
2023-10-31 16:41:10.065  INFO 16260 --- [RMI TCP Connection(2)-127.0.0.1] inMXBeanRegistrar$SpringApplicationAdmin : Application shutdown requested.
2023-10-31 16:41:10.112  INFO 16260 --- [RMI TCP Connection(2)-127.0.0.1] o.apache.catalina.core.StandardService   : Stopping service [Tomcat]
2023-10-31 16:52:54.526  INFO 11396 --- [restartedMain] c.mycom.more.SpringBootMoreApplication   : Starting SpringBootMoreApplication using Java 1.8.0_192 on DESKTOP-MDJG1NJ with PID 11396 (C:\SSAFY\SpringBoot\SpringBootMore\bin\main started by SSAFY in C:\SSAFY\SpringBoot\SpringBootMore)
2023-10-31 16:52:54.527  INFO 11396 --- [restartedMain] c.mycom.more.SpringBootMoreApplication   : No active profile set, falling back to 1 default profile: "default"
2023-10-31 16:52:54.555  INFO 11396 --- [restartedMain] .e.DevToolsPropertyDefaultsPostProcessor : Devtools property defaults active! Set 'spring.devtools.add-properties' to 'false' to disable
2023-10-31 16:52:54.555  INFO 11396 --- [restartedMain] .e.DevToolsPropertyDefaultsPostProcessor : For additional web related logging consider setting the 'logging.level.web' property to 'DEBUG'
2023-10-31 16:52:55.234  INFO 11396 --- [restartedMain] o.s.b.w.embedded.tomcat.TomcatWebServer  : Tomcat initialized with port(s): 8080 (http)
2023-10-31 16:52:55.239  INFO 11396 --- [restartedMain] o.apache.catalina.core.StandardService   : Starting service [Tomcat]
2023-10-31 16:52:55.239  INFO 11396 --- [restartedMain] org.apache.catalina.core.StandardEngine  : Starting Servlet engine: [Apache Tomcat/9.0.82]
2023-10-31 16:52:55.289  INFO 11396 --- [restartedMain] o.a.c.c.C.[Tomcat].[localhost].[/]       : Initializing Spring embedded WebApplicationContext
2023-10-31 16:52:55.290  INFO 11396 --- [restartedMain] w.s.c.ServletWebServerApplicationContext : Root WebApplicationContext: initialization completed in 734 ms
2023-10-31 16:52:55.489  WARN 11396 --- [restartedMain] ConfigServletWebServerApplicationContext : Exception encountered during context initialization - cancelling refresh attempt: org.springframework.beans.factory.BeanCreationException: Error creating bean with name 'transactionAdviceAdvisor' defined in class path resource [com/mycom/more/config/TransactionAspect.class]: Bean instantiation via factory method failed; nested exception is org.springframework.beans.BeanInstantiationException: Failed to instantiate [org.springframework.aop.Advisor]: Factory method 'transactionAdviceAdvisor' threw exception; nested exception is java.lang.NoClassDefFoundError: org/aspectj/weaver/tools/PointcutPrimitive
2023-10-31 16:52:55.491  INFO 11396 --- [restartedMain] o.apache.catalina.core.StandardService   : Stopping service [Tomcat]
2023-10-31 16:52:55.499  INFO 11396 --- [restartedMain] ConditionEvaluationReportLoggingListener : 

Error starting ApplicationContext. To display the conditions report re-run your application with 'debug' enabled.
2023-10-31 16:52:55.520 ERROR 11396 --- [restartedMain] o.s.boot.SpringApplication               : Application run failed

org.springframework.beans.factory.BeanCreationException: Error creating bean with name 'transactionAdviceAdvisor' defined in class path resource [com/mycom/more/config/TransactionAspect.class]: Bean instantiation via factory method failed; nested exception is org.springframework.beans.BeanInstantiationException: Failed to instantiate [org.springframework.aop.Advisor]: Factory method 'transactionAdviceAdvisor' threw exception; nested exception is java.lang.NoClassDefFoundError: org/aspectj/weaver/tools/PointcutPrimitive
	at org.springframework.beans.factory.support.ConstructorResolver.instantiate(ConstructorResolver.java:653) ~[spring-beans-5.3.30.jar:5.3.30]
	at org.springframework.beans.factory.support.ConstructorResolver.instantiateUsingFactoryMethod(ConstructorResolver.java:481) ~[spring-beans-5.3.30.jar:5.3.30]
	at org.springframework.beans.factory.support.AbstractAutowireCapableBeanFactory.instantiateUsingFactoryMethod(AbstractAutowireCapableBeanFactory.java:1352) ~[spring-beans-5.3.30.jar:5.3.30]
	at org.springframework.beans.factory.support.AbstractAutowireCapableBeanFactory.createBeanInstance(AbstractAutowireCapableBeanFactory.java:1195) ~[spring-beans-5.3.30.jar:5.3.30]
	at org.springframework.beans.factory.support.AbstractAutowireCapableBeanFactory.doCreateBean(AbstractAutowireCapableBeanFactory.java:582) ~[spring-beans-5.3.30.jar:5.3.30]
	at org.springframework.beans.factory.support.AbstractAutowireCapableBeanFactory.createBean(AbstractAutowireCapableBeanFactory.java:542) ~[spring-beans-5.3.30.jar:5.3.30]
	at org.springframework.beans.factory.support.AbstractBeanFactory.lambda$doGetBean$0(AbstractBeanFactory.java:335) ~[spring-beans-5.3.30.jar:5.3.30]
	at org.springframework.beans.factory.support.DefaultSingletonBeanRegistry.getSingleton(DefaultSingletonBeanRegistry.java:234) ~[spring-beans-5.3.30.jar:5.3.30]
	at org.springframework.beans.factory.support.AbstractBeanFactory.doGetBean(AbstractBeanFactory.java:333) ~[spring-beans-5.3.30.jar:5.3.30]
	at org.springframework.beans.factory.support.AbstractBeanFactory.getBean(AbstractBeanFactory.java:208) ~[spring-beans-5.3.30.jar:5.3.30]
	at org.springframework.beans.factory.support.DefaultListableBeanFactory.preInstantiateSingletons(DefaultListableBeanFactory.java:955) ~[spring-beans-5.3.30.jar:5.3.30]
	at org.springframework.context.support.AbstractApplicationContext.finishBeanFactoryInitialization(AbstractApplicationContext.java:921) ~[spring-context-5.3.30.jar:5.3.30]
	at org.springframework.context.support.AbstractApplicationContext.refresh(AbstractApplicationContext.java:583) ~[spring-context-5.3.30.jar:5.3.30]
	at org.springframework.boot.web.servlet.context.ServletWebServerApplicationContext.refresh(ServletWebServerApplicationContext.java:147) ~[spring-boot-2.7.17.jar:2.7.17]
	at org.springframework.boot.SpringApplication.refresh(SpringApplication.java:732) [spring-boot-2.7.17.jar:2.7.17]
	at org.springframework.boot.SpringApplication.refreshContext(SpringApplication.java:409) [spring-boot-2.7.17.jar:2.7.17]
	at org.springframework.boot.SpringApplication.run(SpringApplication.java:308) [spring-boot-2.7.17.jar:2.7.17]
	at org.springframework.boot.SpringApplication.run(SpringApplication.java:1300) [spring-boot-2.7.17.jar:2.7.17]
	at org.springframework.boot.SpringApplication.run(SpringApplication.java:1289) [spring-boot-2.7.17.jar:2.7.17]
	at com.mycom.more.SpringBootMoreApplication.main(SpringBootMoreApplication.java:10) [main/:na]
	at sun.reflect.NativeMethodAccessorImpl.invoke0(Native Method) ~[na:1.8.0_192]
	at sun.reflect.NativeMethodAccessorImpl.invoke(NativeMethodAccessorImpl.java:62) ~[na:1.8.0_192]
	at sun.reflect.DelegatingMethodAccessorImpl.invoke(DelegatingMethodAccessorImpl.java:43) ~[na:1.8.0_192]
	at java.lang.reflect.Method.invoke(Method.java:498) ~[na:1.8.0_192]
	at org.springframework.boot.devtools.restart.RestartLauncher.run(RestartLauncher.java:50) [spring-boot-devtools-2.7.17.jar:2.7.17]
Caused by: org.springframework.beans.BeanInstantiationException: Failed to instantiate [org.springframework.aop.Advisor]: Factory method 'transactionAdviceAdvisor' threw exception; nested exception is java.lang.NoClassDefFoundError: org/aspectj/weaver/tools/PointcutPrimitive
	at org.springframework.beans.factory.support.SimpleInstantiationStrategy.instantiate(SimpleInstantiationStrategy.java:185) ~[spring-beans-5.3.30.jar:5.3.30]
	at org.springframework.beans.factory.support.ConstructorResolver.instantiate(ConstructorResolver.java:648) ~[spring-beans-5.3.30.jar:5.3.30]
	... 24 common frames omitted
Caused by: java.lang.NoClassDefFoundError: org/aspectj/weaver/tools/PointcutPrimitive
	at org.springframework.aop.aspectj.AspectJExpressionPointcut.<clinit>(AspectJExpressionPointcut.java:91) ~[spring-aop-5.3.30.jar:5.3.30]
	at com.mycom.more.config.TransactionAspect.transactionAdviceAdvisor(TransactionAspect.java:38) ~[main/:na]
	at com.mycom.more.config.TransactionAspect$$EnhancerBySpringCGLIB$$f2cdd25e.CGLIB$transactionAdviceAdvisor$1(<generated>) ~[main/:na]
	at com.mycom.more.config.TransactionAspect$$EnhancerBySpringCGLIB$$f2cdd25e$$FastClassBySpringCGLIB$$c61e2b27.invoke(<generated>) ~[main/:na]
	at org.springframework.cglib.proxy.MethodProxy.invokeSuper(MethodProxy.java:244) ~[spring-core-5.3.30.jar:5.3.30]
	at org.springframework.context.annotation.ConfigurationClassEnhancer$BeanMethodInterceptor.intercept(ConfigurationClassEnhancer.java:331) ~[spring-context-5.3.30.jar:5.3.30]
	at com.mycom.more.config.TransactionAspect$$EnhancerBySpringCGLIB$$f2cdd25e.transactionAdviceAdvisor(<generated>) ~[main/:na]
	at sun.reflect.NativeMethodAccessorImpl.invoke0(Native Method) ~[na:1.8.0_192]
	at sun.reflect.NativeMethodAccessorImpl.invoke(NativeMethodAccessorImpl.java:62) ~[na:1.8.0_192]
	at sun.reflect.DelegatingMethodAccessorImpl.invoke(DelegatingMethodAccessorImpl.java:43) ~[na:1.8.0_192]
	at java.lang.reflect.Method.invoke(Method.java:498) ~[na:1.8.0_192]
	at org.springframework.beans.factory.support.SimpleInstantiationStrategy.instantiate(SimpleInstantiationStrategy.java:154) ~[spring-beans-5.3.30.jar:5.3.30]
	... 25 common frames omitted
Caused by: java.lang.ClassNotFoundException: org.aspectj.weaver.tools.PointcutPrimitive
	at java.net.URLClassLoader.findClass(URLClassLoader.java:382) ~[na:1.8.0_192]
	at java.lang.ClassLoader.loadClass(ClassLoader.java:424) ~[na:1.8.0_192]
	at sun.misc.Launcher$AppClassLoader.loadClass(Launcher.java:349) ~[na:1.8.0_192]
	at java.lang.ClassLoader.loadClass(ClassLoader.java:357) ~[na:1.8.0_192]
	... 37 common frames omitted

2023-10-31 16:53:29.478  INFO 12148 --- [restartedMain] c.mycom.more.SpringBootMoreApplication   : Starting SpringBootMoreApplication using Java 1.8.0_192 on DESKTOP-MDJG1NJ with PID 12148 (C:\SSAFY\SpringBoot\SpringBootMore\bin\main started by SSAFY in C:\SSAFY\SpringBoot\SpringBootMore)
2023-10-31 16:53:29.480  INFO 12148 --- [restartedMain] c.mycom.more.SpringBootMoreApplication   : No active profile set, falling back to 1 default profile: "default"
2023-10-31 16:53:29.506  INFO 12148 --- [restartedMain] .e.DevToolsPropertyDefaultsPostProcessor : Devtools property defaults active! Set 'spring.devtools.add-properties' to 'false' to disable
2023-10-31 16:53:29.507  INFO 12148 --- [restartedMain] .e.DevToolsPropertyDefaultsPostProcessor : For additional web related logging consider setting the 'logging.level.web' property to 'DEBUG'
2023-10-31 16:53:30.173  INFO 12148 --- [restartedMain] o.s.b.w.embedded.tomcat.TomcatWebServer  : Tomcat initialized with port(s): 8080 (http)
2023-10-31 16:53:30.179  INFO 12148 --- [restartedMain] o.apache.catalina.core.StandardService   : Starting service [Tomcat]
2023-10-31 16:53:30.179  INFO 12148 --- [restartedMain] org.apache.catalina.core.StandardEngine  : Starting Servlet engine: [Apache Tomcat/9.0.82]
2023-10-31 16:53:30.229  INFO 12148 --- [restartedMain] o.a.c.c.C.[Tomcat].[localhost].[/]       : Initializing Spring embedded WebApplicationContext
2023-10-31 16:53:30.229  INFO 12148 --- [restartedMain] w.s.c.ServletWebServerApplicationContext : Root WebApplicationContext: initialization completed in 722 ms
2023-10-31 16:53:30.609  INFO 12148 --- [restartedMain] o.s.b.d.a.OptionalLiveReloadServer       : LiveReload server is running on port 35729
2023-10-31 16:53:30.664  INFO 12148 --- [restartedMain] o.s.b.w.embedded.tomcat.TomcatWebServer  : Tomcat started on port(s): 8080 (http) with context path ''
2023-10-31 16:53:30.672  INFO 12148 --- [restartedMain] c.mycom.more.SpringBootMoreApplication   : Started SpringBootMoreApplication in 1.447 seconds (JVM running for 1.927)
2023-10-31 16:53:41.101  INFO 12148 --- [http-nio-8080-exec-1] o.a.c.c.C.[Tomcat].[localhost].[/]       : Initializing Spring DispatcherServlet 'dispatcherServlet'
2023-10-31 16:53:41.101  INFO 12148 --- [http-nio-8080-exec-1] o.s.web.servlet.DispatcherServlet        : Initializing Servlet 'dispatcherServlet'
2023-10-31 16:53:41.102  INFO 12148 --- [http-nio-8080-exec-1] o.s.web.servlet.DispatcherServlet        : Completed initialization in 1 ms
2023-10-31 16:56:59.801  INFO 12148 --- [File Watcher] rtingClassPathChangeChangedEventListener : Restarting due to 1 class path change (0 additions, 0 deletions, 1 modification)
2023-10-31 16:56:59.850  INFO 12148 --- [Thread-6] o.apache.catalina.core.StandardService   : Stopping service [Tomcat]
2023-10-31 16:56:59.851  INFO 12148 --- [Thread-6] o.a.c.c.C.[Tomcat].[localhost].[/]       : Destroying Spring FrameworkServlet 'dispatcherServlet'
2023-10-31 16:56:59.953  INFO 12148 --- [restartedMain] c.mycom.more.SpringBootMoreApplication   : Starting SpringBootMoreApplication using Java 1.8.0_192 on DESKTOP-MDJG1NJ with PID 12148 (C:\SSAFY\SpringBoot\SpringBootMore\bin\main started by SSAFY in C:\SSAFY\SpringBoot\SpringBootMore)
2023-10-31 16:56:59.953  INFO 12148 --- [restartedMain] c.mycom.more.SpringBootMoreApplication   : No active profile set, falling back to 1 default profile: "default"
2023-10-31 16:57:00.165  INFO 12148 --- [restartedMain] o.s.b.w.embedded.tomcat.TomcatWebServer  : Tomcat initialized with port(s): 8080 (http)
2023-10-31 16:57:00.166  INFO 12148 --- [restartedMain] o.apache.catalina.core.StandardService   : Starting service [Tomcat]
2023-10-31 16:57:00.166  INFO 12148 --- [restartedMain] org.apache.catalina.core.StandardEngine  : Starting Servlet engine: [Apache Tomcat/9.0.82]
2023-10-31 16:57:00.175  INFO 12148 --- [restartedMain] o.a.c.c.C.[Tomcat].[localhost].[/]       : Initializing Spring embedded WebApplicationContext
2023-10-31 16:57:00.175  INFO 12148 --- [restartedMain] w.s.c.ServletWebServerApplicationContext : Root WebApplicationContext: initialization completed in 220 ms
2023-10-31 16:57:00.270  INFO 12148 --- [restartedMain] o.s.b.d.a.OptionalLiveReloadServer       : LiveReload server is running on port 35729
2023-10-31 16:57:00.277  INFO 12148 --- [restartedMain] o.s.b.w.embedded.tomcat.TomcatWebServer  : Tomcat started on port(s): 8080 (http) with context path ''
2023-10-31 16:57:00.280  INFO 12148 --- [restartedMain] c.mycom.more.SpringBootMoreApplication   : Started SpringBootMoreApplication in 0.35 seconds (JVM running for 211.534)
2023-10-31 16:57:00.281  INFO 12148 --- [restartedMain] .ConditionEvaluationDeltaLoggingListener : Condition evaluation unchanged
2023-10-31 16:57:33.874  INFO 12148 --- [http-nio-8080-exec-1] o.a.c.c.C.[Tomcat].[localhost].[/]       : Initializing Spring DispatcherServlet 'dispatcherServlet'
2023-10-31 16:57:33.876  INFO 12148 --- [http-nio-8080-exec-1] o.s.web.servlet.DispatcherServlet        : Initializing Servlet 'dispatcherServlet'
2023-10-31 16:57:33.877  INFO 12148 --- [http-nio-8080-exec-1] o.s.web.servlet.DispatcherServlet        : Completed initialization in 1 ms
2023-10-31 16:57:42.472  INFO 12148 --- [RMI TCP Connection(2)-127.0.0.1] inMXBeanRegistrar$SpringApplicationAdmin : Application shutdown requested.
2023-10-31 16:57:42.521  INFO 12148 --- [RMI TCP Connection(2)-127.0.0.1] o.apache.catalina.core.StandardService   : Stopping service [Tomcat]
2023-10-31 16:57:42.523  INFO 12148 --- [RMI TCP Connection(2)-127.0.0.1] o.a.c.c.C.[Tomcat].[localhost].[/]       : Destroying Spring FrameworkServlet 'dispatcherServlet'
2023-10-31 16:57:45.989  INFO 8852 --- [restartedMain] c.mycom.more.SpringBootMoreApplication   : Starting SpringBootMoreApplication using Java 1.8.0_192 on DESKTOP-MDJG1NJ with PID 8852 (C:\SSAFY\SpringBoot\SpringBootMore\bin\main started by SSAFY in C:\SSAFY\SpringBoot\SpringBootMore)
2023-10-31 16:57:45.990  INFO 8852 --- [restartedMain] c.mycom.more.SpringBootMoreApplication   : No active profile set, falling back to 1 default profile: "default"
2023-10-31 16:57:46.018  INFO 8852 --- [restartedMain] .e.DevToolsPropertyDefaultsPostProcessor : Devtools property defaults active! Set 'spring.devtools.add-properties' to 'false' to disable
2023-10-31 16:57:46.018  INFO 8852 --- [restartedMain] .e.DevToolsPropertyDefaultsPostProcessor : For additional web related logging consider setting the 'logging.level.web' property to 'DEBUG'
2023-10-31 16:57:46.696  INFO 8852 --- [restartedMain] o.s.b.w.embedded.tomcat.TomcatWebServer  : Tomcat initialized with port(s): 8080 (http)
2023-10-31 16:57:46.701  INFO 8852 --- [restartedMain] o.apache.catalina.core.StandardService   : Starting service [Tomcat]
2023-10-31 16:57:46.701  INFO 8852 --- [restartedMain] org.apache.catalina.core.StandardEngine  : Starting Servlet engine: [Apache Tomcat/9.0.82]
2023-10-31 16:57:46.751  INFO 8852 --- [restartedMain] o.a.c.c.C.[Tomcat].[localhost].[/]       : Initializing Spring embedded WebApplicationContext
2023-10-31 16:57:46.752  INFO 8852 --- [restartedMain] w.s.c.ServletWebServerApplicationContext : Root WebApplicationContext: initialization completed in 734 ms
2023-10-31 16:57:47.157  INFO 8852 --- [restartedMain] o.s.b.d.a.OptionalLiveReloadServer       : LiveReload server is running on port 35729
2023-10-31 16:57:47.215  INFO 8852 --- [restartedMain] o.s.b.w.embedded.tomcat.TomcatWebServer  : Tomcat started on port(s): 8080 (http) with context path ''
2023-10-31 16:57:47.222  INFO 8852 --- [restartedMain] c.mycom.more.SpringBootMoreApplication   : Started SpringBootMoreApplication in 1.487 seconds (JVM running for 1.967)
2023-10-31 16:57:49.256  INFO 8852 --- [http-nio-8080-exec-1] o.a.c.c.C.[Tomcat].[localhost].[/]       : Initializing Spring DispatcherServlet 'dispatcherServlet'
2023-10-31 16:57:49.256  INFO 8852 --- [http-nio-8080-exec-1] o.s.web.servlet.DispatcherServlet        : Initializing Servlet 'dispatcherServlet'
2023-10-31 16:57:49.257  INFO 8852 --- [http-nio-8080-exec-1] o.s.web.servlet.DispatcherServlet        : Completed initialization in 1 ms
2023-10-31 16:59:09.430  INFO 8852 --- [File Watcher] rtingClassPathChangeChangedEventListener : Restarting due to 1 class path change (0 additions, 0 deletions, 1 modification)
2023-10-31 16:59:09.482  INFO 8852 --- [Thread-6] o.apache.catalina.core.StandardService   : Stopping service [Tomcat]
2023-10-31 16:59:09.483  INFO 8852 --- [Thread-6] o.a.c.c.C.[Tomcat].[localhost].[/]       : Destroying Spring FrameworkServlet 'dispatcherServlet'
2023-10-31 16:59:09.584  INFO 8852 --- [restartedMain] c.mycom.more.SpringBootMoreApplication   : Starting SpringBootMoreApplication using Java 1.8.0_192 on DESKTOP-MDJG1NJ with PID 8852 (C:\SSAFY\SpringBoot\SpringBootMore\bin\main started by SSAFY in C:\SSAFY\SpringBoot\SpringBootMore)
2023-10-31 16:59:09.584  INFO 8852 --- [restartedMain] c.mycom.more.SpringBootMoreApplication   : No active profile set, falling back to 1 default profile: "default"
2023-10-31 16:59:09.792  INFO 8852 --- [restartedMain] o.s.b.w.embedded.tomcat.TomcatWebServer  : Tomcat initialized with port(s): 8080 (http)
2023-10-31 16:59:09.793  INFO 8852 --- [restartedMain] o.apache.catalina.core.StandardService   : Starting service [Tomcat]
2023-10-31 16:59:09.793  INFO 8852 --- [restartedMain] org.apache.catalina.core.StandardEngine  : Starting Servlet engine: [Apache Tomcat/9.0.82]
2023-10-31 16:59:09.803  INFO 8852 --- [restartedMain] o.a.c.c.C.[Tomcat].[localhost].[/]       : Initializing Spring embedded WebApplicationContext
2023-10-31 16:59:09.803  INFO 8852 --- [restartedMain] w.s.c.ServletWebServerApplicationContext : Root WebApplicationContext: initialization completed in 217 ms
2023-10-31 16:59:09.896  INFO 8852 --- [restartedMain] o.s.b.d.a.OptionalLiveReloadServer       : LiveReload server is running on port 35729
2023-10-31 16:59:09.902  INFO 8852 --- [restartedMain] o.s.b.w.embedded.tomcat.TomcatWebServer  : Tomcat started on port(s): 8080 (http) with context path ''
2023-10-31 16:59:09.905  INFO 8852 --- [restartedMain] c.mycom.more.SpringBootMoreApplication   : Started SpringBootMoreApplication in 0.345 seconds (JVM running for 84.65)
2023-10-31 16:59:09.907  INFO 8852 --- [restartedMain] .ConditionEvaluationDeltaLoggingListener : Condition evaluation unchanged
2023-10-31 17:00:34.101  INFO 8852 --- [File Watcher] rtingClassPathChangeChangedEventListener : Restarting due to 1 class path change (0 additions, 0 deletions, 1 modification)
2023-10-31 17:00:34.153  INFO 8852 --- [Thread-8] o.apache.catalina.core.StandardService   : Stopping service [Tomcat]
2023-10-31 17:00:34.256  INFO 8852 --- [restartedMain] c.mycom.more.SpringBootMoreApplication   : Starting SpringBootMoreApplication using Java 1.8.0_192 on DESKTOP-MDJG1NJ with PID 8852 (C:\SSAFY\SpringBoot\SpringBootMore\bin\main started by SSAFY in C:\SSAFY\SpringBoot\SpringBootMore)
2023-10-31 17:00:34.256  INFO 8852 --- [restartedMain] c.mycom.more.SpringBootMoreApplication   : No active profile set, falling back to 1 default profile: "default"
2023-10-31 17:00:34.450  INFO 8852 --- [restartedMain] o.s.b.w.embedded.tomcat.TomcatWebServer  : Tomcat initialized with port(s): 8080 (http)
2023-10-31 17:00:34.451  INFO 8852 --- [restartedMain] o.apache.catalina.core.StandardService   : Starting service [Tomcat]
2023-10-31 17:00:34.451  INFO 8852 --- [restartedMain] org.apache.catalina.core.StandardEngine  : Starting Servlet engine: [Apache Tomcat/9.0.82]
2023-10-31 17:00:34.460  INFO 8852 --- [restartedMain] o.a.c.c.C.[Tomcat].[localhost].[/]       : Initializing Spring embedded WebApplicationContext
2023-10-31 17:00:34.460  INFO 8852 --- [restartedMain] w.s.c.ServletWebServerApplicationContext : Root WebApplicationContext: initialization completed in 202 ms
2023-10-31 17:00:34.548  INFO 8852 --- [restartedMain] o.s.b.d.a.OptionalLiveReloadServer       : LiveReload server is running on port 35729
2023-10-31 17:00:34.554  INFO 8852 --- [restartedMain] o.s.b.w.embedded.tomcat.TomcatWebServer  : Tomcat started on port(s): 8080 (http) with context path ''
2023-10-31 17:00:34.557  INFO 8852 --- [restartedMain] c.mycom.more.SpringBootMoreApplication   : Started SpringBootMoreApplication in 0.322 seconds (JVM running for 169.301)
2023-10-31 17:00:34.558  INFO 8852 --- [restartedMain] .ConditionEvaluationDeltaLoggingListener : Condition evaluation unchanged
2023-10-31 17:00:39.983  INFO 8852 --- [RMI TCP Connection(2)-127.0.0.1] inMXBeanRegistrar$SpringApplicationAdmin : Application shutdown requested.
2023-10-31 17:00:40.034  INFO 8852 --- [RMI TCP Connection(2)-127.0.0.1] o.apache.catalina.core.StandardService   : Stopping service [Tomcat]
