2023-11-16 16:14:21.604  INFO 10516 --- [restartedMain] BoardFileUploadBootMybatisVueApplication : Starting BoardFileUploadBootMybatisVueApplication using Java 1.8.0_192 on DESKTOP-MDJG1NJ with PID 10516 (C:\SSAFY\SpringBoot\BoardFileUploadBootMybatisVue\bin\main started by SSAFY in C:\SSAFY\SpringBoot\BoardFileUploadBootMybatisVue)
2023-11-16 16:14:21.607  INFO 10516 --- [restartedMain] BoardFileUploadBootMybatisVueApplication : No active profile set, falling back to 1 default profile: "default"
2023-11-16 16:14:21.637  INFO 10516 --- [restartedMain] .e.DevToolsPropertyDefaultsPostProcessor : Devtools property defaults active! Set 'spring.devtools.add-properties' to 'false' to disable
2023-11-16 16:14:21.638  INFO 10516 --- [restartedMain] .e.DevToolsPropertyDefaultsPostProcessor : For additional web related logging consider setting the 'logging.level.web' property to 'DEBUG'
2023-11-16 16:14:22.397  INFO 10516 --- [restartedMain] o.s.b.w.embedded.tomcat.TomcatWebServer  : Tomcat initialized with port(s): 8080 (http)
2023-11-16 16:14:22.402  INFO 10516 --- [restartedMain] o.apache.catalina.core.StandardService   : Starting service [Tomcat]
2023-11-16 16:14:22.402  INFO 10516 --- [restartedMain] org.apache.catalina.core.StandardEngine  : Starting Servlet engine: [Apache Tomcat/9.0.82]
2023-11-16 16:14:22.456  INFO 10516 --- [restartedMain] o.a.c.c.C.[Tomcat].[localhost].[/]       : Initializing Spring embedded WebApplicationContext
2023-11-16 16:14:22.456  INFO 10516 --- [restartedMain] w.s.c.ServletWebServerApplicationContext : Root WebApplicationContext: initialization completed in 818 ms
2023-11-16 16:14:22.949  WARN 10516 --- [restartedMain] o.s.b.d.a.OptionalLiveReloadServer       : Unable to start LiveReload server
2023-11-16 16:14:22.962  WARN 10516 --- [restartedMain] ConfigServletWebServerApplicationContext : Exception encountered during context initialization - cancelling refresh attempt: org.springframework.context.ApplicationContextException: Failed to start bean 'webServerStartStop'; nested exception is org.springframework.boot.web.server.PortInUseException: Port 8080 is already in use
2023-11-16 16:14:22.966  INFO 10516 --- [restartedMain] o.apache.catalina.core.StandardService   : Stopping service [Tomcat]
2023-11-16 16:14:22.974  INFO 10516 --- [restartedMain] ConditionEvaluationReportLoggingListener : 

Error starting ApplicationContext. To display the conditions report re-run your application with 'debug' enabled.
2023-11-16 16:14:22.990 ERROR 10516 --- [restartedMain] o.s.b.d.LoggingFailureAnalysisReporter   : 

***************************
APPLICATION FAILED TO START
***************************

Description:

Web server failed to start. Port 8080 was already in use.

Action:

Identify and stop the process that's listening on port 8080 or configure this application to listen on another port.

2023-11-16 16:14:31.773  INFO 18420 --- [restartedMain] BoardFileUploadBootMybatisVueApplication : Starting BoardFileUploadBootMybatisVueApplication using Java 1.8.0_192 on DESKTOP-MDJG1NJ with PID 18420 (C:\SSAFY\SpringBoot\BoardFileUploadBootMybatisVue\bin\main started by SSAFY in C:\SSAFY\SpringBoot\BoardFileUploadBootMybatisVue)
2023-11-16 16:14:31.774  INFO 18420 --- [restartedMain] BoardFileUploadBootMybatisVueApplication : No active profile set, falling back to 1 default profile: "default"
2023-11-16 16:14:31.802  INFO 18420 --- [restartedMain] .e.DevToolsPropertyDefaultsPostProcessor : Devtools property defaults active! Set 'spring.devtools.add-properties' to 'false' to disable
2023-11-16 16:14:31.802  INFO 18420 --- [restartedMain] .e.DevToolsPropertyDefaultsPostProcessor : For additional web related logging consider setting the 'logging.level.web' property to 'DEBUG'
2023-11-16 16:14:32.497  INFO 18420 --- [restartedMain] o.s.b.w.embedded.tomcat.TomcatWebServer  : Tomcat initialized with port(s): 8080 (http)
2023-11-16 16:14:32.502  INFO 18420 --- [restartedMain] o.apache.catalina.core.StandardService   : Starting service [Tomcat]
2023-11-16 16:14:32.502  INFO 18420 --- [restartedMain] org.apache.catalina.core.StandardEngine  : Starting Servlet engine: [Apache Tomcat/9.0.82]
2023-11-16 16:14:32.556  INFO 18420 --- [restartedMain] o.a.c.c.C.[Tomcat].[localhost].[/]       : Initializing Spring embedded WebApplicationContext
2023-11-16 16:14:32.556  INFO 18420 --- [restartedMain] w.s.c.ServletWebServerApplicationContext : Root WebApplicationContext: initialization completed in 754 ms
2023-11-16 16:14:33.015  INFO 18420 --- [restartedMain] o.s.b.d.a.OptionalLiveReloadServer       : LiveReload server is running on port 35729
2023-11-16 16:14:33.037  INFO 18420 --- [restartedMain] o.s.b.w.embedded.tomcat.TomcatWebServer  : Tomcat started on port(s): 8080 (http) with context path ''
2023-11-16 16:14:33.044  INFO 18420 --- [restartedMain] BoardFileUploadBootMybatisVueApplication : Started BoardFileUploadBootMybatisVueApplication in 1.522 seconds (JVM running for 2.004)
2023-11-16 16:14:40.345  INFO 18420 --- [http-nio-8080-exec-1] o.a.c.c.C.[Tomcat].[localhost].[/]       : Initializing Spring DispatcherServlet 'dispatcherServlet'
2023-11-16 16:14:40.346  INFO 18420 --- [http-nio-8080-exec-1] o.s.web.servlet.DispatcherServlet        : Initializing Servlet 'dispatcherServlet'
2023-11-16 16:14:40.346  INFO 18420 --- [http-nio-8080-exec-1] o.s.web.servlet.DispatcherServlet        : Completed initialization in 0 ms
2023-11-16 16:14:40.404  INFO 18420 --- [http-nio-8080-exec-2] com.zaxxer.hikari.HikariDataSource       : HikariPool-1 - Starting...
2023-11-16 16:14:40.549  INFO 18420 --- [http-nio-8080-exec-2] com.zaxxer.hikari.HikariDataSource       : HikariPool-1 - Start completed.
2023-11-16 17:04:25.433  WARN 18420 --- [http-nio-8080-exec-9] .w.s.m.s.DefaultHandlerExceptionResolver : Resolved [org.springframework.web.HttpRequestMethodNotSupportedException: Request method 'POST' not supported]
2023-11-16 17:14:09.998  INFO 18420 --- [File Watcher] rtingClassPathChangeChangedEventListener : Restarting due to 1 class path change (0 additions, 0 deletions, 1 modification)
2023-11-16 17:14:10.049  INFO 18420 --- [Thread-6] o.apache.catalina.core.StandardService   : Stopping service [Tomcat]
2023-11-16 17:14:10.050  INFO 18420 --- [Thread-6] o.a.c.c.C.[Tomcat].[localhost].[/]       : Destroying Spring FrameworkServlet 'dispatcherServlet'
2023-11-16 17:14:10.054  WARN 18420 --- [Thread-6] o.a.c.loader.WebappClassLoaderBase       : The web application [ROOT] appears to have started a thread named [HikariPool-1 housekeeper] but has failed to stop it. This is very likely to create a memory leak. Stack trace of thread:
 sun.misc.Unsafe.park(Native Method)
 java.util.concurrent.locks.LockSupport.parkNanos(LockSupport.java:215)
 java.util.concurrent.locks.AbstractQueuedSynchronizer$ConditionObject.awaitNanos(AbstractQueuedSynchronizer.java:2078)
 java.util.concurrent.ScheduledThreadPoolExecutor$DelayedWorkQueue.take(ScheduledThreadPoolExecutor.java:1093)
 java.util.concurrent.ScheduledThreadPoolExecutor$DelayedWorkQueue.take(ScheduledThreadPoolExecutor.java:809)
 java.util.concurrent.ThreadPoolExecutor.getTask(ThreadPoolExecutor.java:1074)
 java.util.concurrent.ThreadPoolExecutor.runWorker(ThreadPoolExecutor.java:1134)
 java.util.concurrent.ThreadPoolExecutor$Worker.run(ThreadPoolExecutor.java:624)
 java.lang.Thread.run(Thread.java:748)
2023-11-16 17:14:10.058  INFO 18420 --- [Thread-6] com.zaxxer.hikari.HikariDataSource       : HikariPool-1 - Shutdown initiated...
2023-11-16 17:14:10.064  INFO 18420 --- [Thread-6] com.zaxxer.hikari.HikariDataSource       : HikariPool-1 - Shutdown completed.
2023-11-16 17:14:10.168  INFO 18420 --- [restartedMain] BoardFileUploadBootMybatisVueApplication : Starting BoardFileUploadBootMybatisVueApplication using Java 1.8.0_192 on DESKTOP-MDJG1NJ with PID 18420 (C:\SSAFY\SpringBoot\BoardFileUploadBootMybatisVue\bin\main started by SSAFY in C:\SSAFY\SpringBoot\BoardFileUploadBootMybatisVue)
2023-11-16 17:14:10.168  INFO 18420 --- [restartedMain] BoardFileUploadBootMybatisVueApplication : No active profile set, falling back to 1 default profile: "default"
2023-11-16 17:14:10.408  INFO 18420 --- [restartedMain] o.s.b.w.embedded.tomcat.TomcatWebServer  : Tomcat initialized with port(s): 8080 (http)
2023-11-16 17:14:10.409  INFO 18420 --- [restartedMain] o.apache.catalina.core.StandardService   : Starting service [Tomcat]
2023-11-16 17:14:10.409  INFO 18420 --- [restartedMain] org.apache.catalina.core.StandardEngine  : Starting Servlet engine: [Apache Tomcat/9.0.82]
2023-11-16 17:14:10.419  INFO 18420 --- [restartedMain] o.a.c.c.C.[Tomcat].[localhost].[/]       : Initializing Spring embedded WebApplicationContext
2023-11-16 17:14:10.419  INFO 18420 --- [restartedMain] w.s.c.ServletWebServerApplicationContext : Root WebApplicationContext: initialization completed in 249 ms
2023-11-16 17:14:10.535  INFO 18420 --- [restartedMain] o.s.b.d.a.OptionalLiveReloadServer       : LiveReload server is running on port 35729
2023-11-16 17:14:10.542  INFO 18420 --- [restartedMain] o.s.b.w.embedded.tomcat.TomcatWebServer  : Tomcat started on port(s): 8080 (http) with context path ''
2023-11-16 17:14:10.544  INFO 18420 --- [restartedMain] BoardFileUploadBootMybatisVueApplication : Started BoardFileUploadBootMybatisVueApplication in 0.402 seconds (JVM running for 3579.505)
2023-11-16 17:14:10.545  INFO 18420 --- [restartedMain] .ConditionEvaluationDeltaLoggingListener : Condition evaluation unchanged
2023-11-16 17:14:17.140  INFO 18420 --- [File Watcher] rtingClassPathChangeChangedEventListener : Restarting due to 1 class path change (0 additions, 0 deletions, 1 modification)
2023-11-16 17:14:17.193  INFO 18420 --- [Thread-8] o.apache.catalina.core.StandardService   : Stopping service [Tomcat]
2023-11-16 17:14:17.312  INFO 18420 --- [restartedMain] BoardFileUploadBootMybatisVueApplication : Starting BoardFileUploadBootMybatisVueApplication using Java 1.8.0_192 on DESKTOP-MDJG1NJ with PID 18420 (C:\SSAFY\SpringBoot\BoardFileUploadBootMybatisVue\bin\main started by SSAFY in C:\SSAFY\SpringBoot\BoardFileUploadBootMybatisVue)
2023-11-16 17:14:17.312  INFO 18420 --- [restartedMain] BoardFileUploadBootMybatisVueApplication : No active profile set, falling back to 1 default profile: "default"
2023-11-16 17:14:17.528  INFO 18420 --- [restartedMain] o.s.b.w.embedded.tomcat.TomcatWebServer  : Tomcat initialized with port(s): 8080 (http)
2023-11-16 17:14:17.529  INFO 18420 --- [restartedMain] o.apache.catalina.core.StandardService   : Starting service [Tomcat]
2023-11-16 17:14:17.529  INFO 18420 --- [restartedMain] org.apache.catalina.core.StandardEngine  : Starting Servlet engine: [Apache Tomcat/9.0.82]
2023-11-16 17:14:17.538  INFO 18420 --- [restartedMain] o.a.c.c.C.[Tomcat].[localhost].[/]       : Initializing Spring embedded WebApplicationContext
2023-11-16 17:14:17.539  INFO 18420 --- [restartedMain] w.s.c.ServletWebServerApplicationContext : Root WebApplicationContext: initialization completed in 225 ms
2023-11-16 17:14:17.643  INFO 18420 --- [restartedMain] o.s.b.d.a.OptionalLiveReloadServer       : LiveReload server is running on port 35729
2023-11-16 17:14:17.650  INFO 18420 --- [restartedMain] o.s.b.w.embedded.tomcat.TomcatWebServer  : Tomcat started on port(s): 8080 (http) with context path ''
2023-11-16 17:14:17.653  INFO 18420 --- [restartedMain] BoardFileUploadBootMybatisVueApplication : Started BoardFileUploadBootMybatisVueApplication in 0.365 seconds (JVM running for 3586.614)
2023-11-16 17:14:17.654  INFO 18420 --- [restartedMain] .ConditionEvaluationDeltaLoggingListener : Condition evaluation unchanged
2023-11-16 17:14:40.813  INFO 18420 --- [RMI TCP Connection(2)-127.0.0.1] inMXBeanRegistrar$SpringApplicationAdmin : Application shutdown requested.
2023-11-16 17:14:40.866  INFO 18420 --- [RMI TCP Connection(2)-127.0.0.1] o.apache.catalina.core.StandardService   : Stopping service [Tomcat]
2023-11-16 17:42:34.388  INFO 10972 --- [restartedMain] BoardFileUploadBootMybatisVueApplication : Starting BoardFileUploadBootMybatisVueApplication using Java 1.8.0_192 on DESKTOP-MDJG1NJ with PID 10972 (C:\SSAFY\SpringBoot\BoardFileUploadBootMybatisVue\bin\main started by SSAFY in C:\SSAFY\SpringBoot\BoardFileUploadBootMybatisVue)
2023-11-16 17:42:34.389  INFO 10972 --- [restartedMain] BoardFileUploadBootMybatisVueApplication : No active profile set, falling back to 1 default profile: "default"
2023-11-16 17:42:34.418  INFO 10972 --- [restartedMain] .e.DevToolsPropertyDefaultsPostProcessor : Devtools property defaults active! Set 'spring.devtools.add-properties' to 'false' to disable
2023-11-16 17:42:34.418  INFO 10972 --- [restartedMain] .e.DevToolsPropertyDefaultsPostProcessor : For additional web related logging consider setting the 'logging.level.web' property to 'DEBUG'
2023-11-16 17:42:35.137  INFO 10972 --- [restartedMain] o.s.b.w.embedded.tomcat.TomcatWebServer  : Tomcat initialized with port(s): 8080 (http)
2023-11-16 17:42:35.142  INFO 10972 --- [restartedMain] o.apache.catalina.core.StandardService   : Starting service [Tomcat]
2023-11-16 17:42:35.143  INFO 10972 --- [restartedMain] org.apache.catalina.core.StandardEngine  : Starting Servlet engine: [Apache Tomcat/9.0.82]
2023-11-16 17:42:35.196  INFO 10972 --- [restartedMain] o.a.c.c.C.[Tomcat].[localhost].[/]       : Initializing Spring embedded WebApplicationContext
2023-11-16 17:42:35.196  INFO 10972 --- [restartedMain] w.s.c.ServletWebServerApplicationContext : Root WebApplicationContext: initialization completed in 778 ms
2023-11-16 17:42:35.681  INFO 10972 --- [restartedMain] o.s.b.d.a.OptionalLiveReloadServer       : LiveReload server is running on port 35729
2023-11-16 17:42:35.703  INFO 10972 --- [restartedMain] o.s.b.w.embedded.tomcat.TomcatWebServer  : Tomcat started on port(s): 8080 (http) with context path ''
2023-11-16 17:42:35.710  INFO 10972 --- [restartedMain] BoardFileUploadBootMybatisVueApplication : Started BoardFileUploadBootMybatisVueApplication in 1.58 seconds (JVM running for 2.263)
2023-11-16 17:46:16.740  INFO 10972 --- [File Watcher] rtingClassPathChangeChangedEventListener : Restarting due to 1 class path change (0 additions, 0 deletions, 1 modification)
2023-11-16 17:46:16.795  INFO 10972 --- [Thread-6] o.apache.catalina.core.StandardService   : Stopping service [Tomcat]
2023-11-16 17:46:16.895  INFO 10972 --- [restartedMain] BoardFileUploadBootMybatisVueApplication : Starting BoardFileUploadBootMybatisVueApplication using Java 1.8.0_192 on DESKTOP-MDJG1NJ with PID 10972 (C:\SSAFY\SpringBoot\BoardFileUploadBootMybatisVue\bin\main started by SSAFY in C:\SSAFY\SpringBoot\BoardFileUploadBootMybatisVue)
2023-11-16 17:46:16.895  INFO 10972 --- [restartedMain] BoardFileUploadBootMybatisVueApplication : No active profile set, falling back to 1 default profile: "default"
2023-11-16 17:46:17.124  INFO 10972 --- [restartedMain] o.s.b.w.embedded.tomcat.TomcatWebServer  : Tomcat initialized with port(s): 8080 (http)
2023-11-16 17:46:17.124  INFO 10972 --- [restartedMain] o.apache.catalina.core.StandardService   : Starting service [Tomcat]
2023-11-16 17:46:17.124  INFO 10972 --- [restartedMain] org.apache.catalina.core.StandardEngine  : Starting Servlet engine: [Apache Tomcat/9.0.82]
2023-11-16 17:46:17.135  INFO 10972 --- [restartedMain] o.a.c.c.C.[Tomcat].[localhost].[/]       : Initializing Spring embedded WebApplicationContext
2023-11-16 17:46:17.135  INFO 10972 --- [restartedMain] w.s.c.ServletWebServerApplicationContext : Root WebApplicationContext: initialization completed in 238 ms
2023-11-16 17:46:17.260  INFO 10972 --- [restartedMain] o.s.b.d.a.OptionalLiveReloadServer       : LiveReload server is running on port 35729
2023-11-16 17:46:17.267  INFO 10972 --- [restartedMain] o.s.b.w.embedded.tomcat.TomcatWebServer  : Tomcat started on port(s): 8080 (http) with context path ''
2023-11-16 17:46:17.270  INFO 10972 --- [restartedMain] BoardFileUploadBootMybatisVueApplication : Started BoardFileUploadBootMybatisVueApplication in 0.398 seconds (JVM running for 223.821)
2023-11-16 17:46:17.271  INFO 10972 --- [restartedMain] .ConditionEvaluationDeltaLoggingListener : Condition evaluation unchanged
2023-11-16 17:47:14.097  INFO 10972 --- [File Watcher] rtingClassPathChangeChangedEventListener : Restarting due to 1 class path change (0 additions, 0 deletions, 1 modification)
2023-11-16 17:47:14.150  INFO 10972 --- [Thread-8] o.apache.catalina.core.StandardService   : Stopping service [Tomcat]
2023-11-16 17:47:14.251  INFO 10972 --- [restartedMain] BoardFileUploadBootMybatisVueApplication : Starting BoardFileUploadBootMybatisVueApplication using Java 1.8.0_192 on DESKTOP-MDJG1NJ with PID 10972 (C:\SSAFY\SpringBoot\BoardFileUploadBootMybatisVue\bin\main started by SSAFY in C:\SSAFY\SpringBoot\BoardFileUploadBootMybatisVue)
2023-11-16 17:47:14.251  INFO 10972 --- [restartedMain] BoardFileUploadBootMybatisVueApplication : No active profile set, falling back to 1 default profile: "default"
2023-11-16 17:47:14.468  INFO 10972 --- [restartedMain] o.s.b.w.embedded.tomcat.TomcatWebServer  : Tomcat initialized with port(s): 8080 (http)
2023-11-16 17:47:14.468  INFO 10972 --- [restartedMain] o.apache.catalina.core.StandardService   : Starting service [Tomcat]
2023-11-16 17:47:14.468  INFO 10972 --- [restartedMain] org.apache.catalina.core.StandardEngine  : Starting Servlet engine: [Apache Tomcat/9.0.82]
2023-11-16 17:47:14.478  INFO 10972 --- [restartedMain] o.a.c.c.C.[Tomcat].[localhost].[/]       : Initializing Spring embedded WebApplicationContext
2023-11-16 17:47:14.478  INFO 10972 --- [restartedMain] w.s.c.ServletWebServerApplicationContext : Root WebApplicationContext: initialization completed in 225 ms
2023-11-16 17:47:14.581  INFO 10972 --- [restartedMain] o.s.b.d.a.OptionalLiveReloadServer       : LiveReload server is running on port 35729
2023-11-16 17:47:14.587  INFO 10972 --- [restartedMain] o.s.b.w.embedded.tomcat.TomcatWebServer  : Tomcat started on port(s): 8080 (http) with context path ''
2023-11-16 17:47:14.590  INFO 10972 --- [restartedMain] BoardFileUploadBootMybatisVueApplication : Started BoardFileUploadBootMybatisVueApplication in 0.361 seconds (JVM running for 281.141)
2023-11-16 17:47:14.590  INFO 10972 --- [restartedMain] .ConditionEvaluationDeltaLoggingListener : Condition evaluation unchanged
2023-11-16 17:47:20.165  INFO 10972 --- [File Watcher] rtingClassPathChangeChangedEventListener : Restarting due to 1 class path change (0 additions, 0 deletions, 1 modification)
2023-11-16 17:47:20.216  INFO 10972 --- [Thread-12] o.apache.catalina.core.StandardService   : Stopping service [Tomcat]
2023-11-16 17:47:20.309  INFO 10972 --- [restartedMain] BoardFileUploadBootMybatisVueApplication : Starting BoardFileUploadBootMybatisVueApplication using Java 1.8.0_192 on DESKTOP-MDJG1NJ with PID 10972 (C:\SSAFY\SpringBoot\BoardFileUploadBootMybatisVue\bin\main started by SSAFY in C:\SSAFY\SpringBoot\BoardFileUploadBootMybatisVue)
2023-11-16 17:47:20.309  INFO 10972 --- [restartedMain] BoardFileUploadBootMybatisVueApplication : No active profile set, falling back to 1 default profile: "default"
2023-11-16 17:47:20.493  INFO 10972 --- [restartedMain] o.s.b.w.embedded.tomcat.TomcatWebServer  : Tomcat initialized with port(s): 8080 (http)
2023-11-16 17:47:20.493  INFO 10972 --- [restartedMain] o.apache.catalina.core.StandardService   : Starting service [Tomcat]
2023-11-16 17:47:20.494  INFO 10972 --- [restartedMain] org.apache.catalina.core.StandardEngine  : Starting Servlet engine: [Apache Tomcat/9.0.82]
2023-11-16 17:47:20.507  INFO 10972 --- [restartedMain] o.a.c.c.C.[Tomcat].[localhost].[/]       : Initializing Spring embedded WebApplicationContext
2023-11-16 17:47:20.508  INFO 10972 --- [restartedMain] w.s.c.ServletWebServerApplicationContext : Root WebApplicationContext: initialization completed in 198 ms
2023-11-16 17:47:20.606  INFO 10972 --- [restartedMain] o.s.b.d.a.OptionalLiveReloadServer       : LiveReload server is running on port 35729
2023-11-16 17:47:20.612  INFO 10972 --- [restartedMain] o.s.b.w.embedded.tomcat.TomcatWebServer  : Tomcat started on port(s): 8080 (http) with context path ''
2023-11-16 17:47:20.614  INFO 10972 --- [restartedMain] BoardFileUploadBootMybatisVueApplication : Started BoardFileUploadBootMybatisVueApplication in 0.328 seconds (JVM running for 287.167)
2023-11-16 17:47:20.615  INFO 10972 --- [restartedMain] .ConditionEvaluationDeltaLoggingListener : Condition evaluation unchanged
2023-11-16 17:47:27.188  INFO 10972 --- [File Watcher] rtingClassPathChangeChangedEventListener : Restarting due to 1 class path change (0 additions, 0 deletions, 1 modification)
2023-11-16 17:47:27.239  INFO 10972 --- [Thread-16] o.apache.catalina.core.StandardService   : Stopping service [Tomcat]
2023-11-16 17:47:27.324  INFO 10972 --- [restartedMain] BoardFileUploadBootMybatisVueApplication : Starting BoardFileUploadBootMybatisVueApplication using Java 1.8.0_192 on DESKTOP-MDJG1NJ with PID 10972 (C:\SSAFY\SpringBoot\BoardFileUploadBootMybatisVue\bin\main started by SSAFY in C:\SSAFY\SpringBoot\BoardFileUploadBootMybatisVue)
2023-11-16 17:47:27.324  INFO 10972 --- [restartedMain] BoardFileUploadBootMybatisVueApplication : No active profile set, falling back to 1 default profile: "default"
2023-11-16 17:47:27.505  INFO 10972 --- [restartedMain] o.s.b.w.embedded.tomcat.TomcatWebServer  : Tomcat initialized with port(s): 8080 (http)
2023-11-16 17:47:27.506  INFO 10972 --- [restartedMain] o.apache.catalina.core.StandardService   : Starting service [Tomcat]
2023-11-16 17:47:27.506  INFO 10972 --- [restartedMain] org.apache.catalina.core.StandardEngine  : Starting Servlet engine: [Apache Tomcat/9.0.82]
2023-11-16 17:47:27.515  INFO 10972 --- [restartedMain] o.a.c.c.C.[Tomcat].[localhost].[/]       : Initializing Spring embedded WebApplicationContext
2023-11-16 17:47:27.515  INFO 10972 --- [restartedMain] w.s.c.ServletWebServerApplicationContext : Root WebApplicationContext: initialization completed in 189 ms
2023-11-16 17:47:27.613  INFO 10972 --- [restartedMain] o.s.b.d.a.OptionalLiveReloadServer       : LiveReload server is running on port 35729
2023-11-16 17:47:27.618  INFO 10972 --- [restartedMain] o.s.b.w.embedded.tomcat.TomcatWebServer  : Tomcat started on port(s): 8080 (http) with context path ''
2023-11-16 17:47:27.621  INFO 10972 --- [restartedMain] BoardFileUploadBootMybatisVueApplication : Started BoardFileUploadBootMybatisVueApplication in 0.318 seconds (JVM running for 294.173)
2023-11-16 17:47:27.622  INFO 10972 --- [restartedMain] .ConditionEvaluationDeltaLoggingListener : Condition evaluation unchanged
2023-11-16 17:47:59.864  INFO 10972 --- [File Watcher] rtingClassPathChangeChangedEventListener : Restarting due to 1 class path change (0 additions, 0 deletions, 1 modification)
2023-11-16 17:47:59.916  INFO 10972 --- [Thread-20] o.apache.catalina.core.StandardService   : Stopping service [Tomcat]
2023-11-16 17:47:59.982  INFO 10972 --- [restartedMain] BoardFileUploadBootMybatisVueApplication : Starting BoardFileUploadBootMybatisVueApplication using Java 1.8.0_192 on DESKTOP-MDJG1NJ with PID 10972 (C:\SSAFY\SpringBoot\BoardFileUploadBootMybatisVue\bin\main started by SSAFY in C:\SSAFY\SpringBoot\BoardFileUploadBootMybatisVue)
2023-11-16 17:47:59.982  INFO 10972 --- [restartedMain] BoardFileUploadBootMybatisVueApplication : No active profile set, falling back to 1 default profile: "default"
2023-11-16 17:48:00.186  INFO 10972 --- [restartedMain] o.s.b.w.embedded.tomcat.TomcatWebServer  : Tomcat initialized with port(s): 8080 (http)
2023-11-16 17:48:00.187  INFO 10972 --- [restartedMain] o.apache.catalina.core.StandardService   : Starting service [Tomcat]
2023-11-16 17:48:00.187  INFO 10972 --- [restartedMain] org.apache.catalina.core.StandardEngine  : Starting Servlet engine: [Apache Tomcat/9.0.82]
2023-11-16 17:48:00.200  INFO 10972 --- [restartedMain] o.a.c.c.C.[Tomcat].[localhost].[/]       : Initializing Spring embedded WebApplicationContext
2023-11-16 17:48:00.200  INFO 10972 --- [restartedMain] w.s.c.ServletWebServerApplicationContext : Root WebApplicationContext: initialization completed in 216 ms
2023-11-16 17:48:00.294  INFO 10972 --- [restartedMain] o.s.b.d.a.OptionalLiveReloadServer       : LiveReload server is running on port 35729
2023-11-16 17:48:00.300  INFO 10972 --- [restartedMain] o.s.b.w.embedded.tomcat.TomcatWebServer  : Tomcat started on port(s): 8080 (http) with context path ''
2023-11-16 17:48:00.302  INFO 10972 --- [restartedMain] BoardFileUploadBootMybatisVueApplication : Started BoardFileUploadBootMybatisVueApplication in 0.341 seconds (JVM running for 326.854)
2023-11-16 17:48:00.303  INFO 10972 --- [restartedMain] .ConditionEvaluationDeltaLoggingListener : Condition evaluation unchanged
2023-11-16 17:48:06.890  INFO 10972 --- [File Watcher] rtingClassPathChangeChangedEventListener : Restarting due to 1 class path change (0 additions, 0 deletions, 1 modification)
2023-11-16 17:48:06.937  INFO 10972 --- [Thread-24] o.apache.catalina.core.StandardService   : Stopping service [Tomcat]
2023-11-16 17:48:07.023  INFO 10972 --- [restartedMain] BoardFileUploadBootMybatisVueApplication : Starting BoardFileUploadBootMybatisVueApplication using Java 1.8.0_192 on DESKTOP-MDJG1NJ with PID 10972 (C:\SSAFY\SpringBoot\BoardFileUploadBootMybatisVue\bin\main started by SSAFY in C:\SSAFY\SpringBoot\BoardFileUploadBootMybatisVue)
2023-11-16 17:48:07.024  INFO 10972 --- [restartedMain] BoardFileUploadBootMybatisVueApplication : No active profile set, falling back to 1 default profile: "default"
2023-11-16 17:48:07.202  INFO 10972 --- [restartedMain] o.s.b.w.embedded.tomcat.TomcatWebServer  : Tomcat initialized with port(s): 8080 (http)
2023-11-16 17:48:07.202  INFO 10972 --- [restartedMain] o.apache.catalina.core.StandardService   : Starting service [Tomcat]
2023-11-16 17:48:07.203  INFO 10972 --- [restartedMain] org.apache.catalina.core.StandardEngine  : Starting Servlet engine: [Apache Tomcat/9.0.82]
2023-11-16 17:48:07.212  INFO 10972 --- [restartedMain] o.a.c.c.C.[Tomcat].[localhost].[/]       : Initializing Spring embedded WebApplicationContext
2023-11-16 17:48:07.212  INFO 10972 --- [restartedMain] w.s.c.ServletWebServerApplicationContext : Root WebApplicationContext: initialization completed in 187 ms
2023-11-16 17:48:07.305  INFO 10972 --- [restartedMain] o.s.b.d.a.OptionalLiveReloadServer       : LiveReload server is running on port 35729
2023-11-16 17:48:07.311  INFO 10972 --- [restartedMain] o.s.b.w.embedded.tomcat.TomcatWebServer  : Tomcat started on port(s): 8080 (http) with context path ''
2023-11-16 17:48:07.313  INFO 10972 --- [restartedMain] BoardFileUploadBootMybatisVueApplication : Started BoardFileUploadBootMybatisVueApplication in 0.311 seconds (JVM running for 333.866)
2023-11-16 17:48:07.314  INFO 10972 --- [restartedMain] .ConditionEvaluationDeltaLoggingListener : Condition evaluation unchanged
2023-11-16 17:48:24.026  INFO 3716 --- [restartedMain] BoardFileUploadBootMybatisVueApplication : Starting BoardFileUploadBootMybatisVueApplication using Java 1.8.0_192 on DESKTOP-MDJG1NJ with PID 3716 (C:\SSAFY\SpringBoot\BoardFileUploadBootMybatisVue\bin\main started by SSAFY in C:\SSAFY\SpringBoot\BoardFileUploadBootMybatisVue)
2023-11-16 17:48:24.027  INFO 3716 --- [restartedMain] BoardFileUploadBootMybatisVueApplication : No active profile set, falling back to 1 default profile: "default"
2023-11-16 17:48:24.054  INFO 3716 --- [restartedMain] .e.DevToolsPropertyDefaultsPostProcessor : Devtools property defaults active! Set 'spring.devtools.add-properties' to 'false' to disable
2023-11-16 17:48:24.055  INFO 3716 --- [restartedMain] .e.DevToolsPropertyDefaultsPostProcessor : For additional web related logging consider setting the 'logging.level.web' property to 'DEBUG'
2023-11-16 17:48:24.766  INFO 3716 --- [restartedMain] o.s.b.w.embedded.tomcat.TomcatWebServer  : Tomcat initialized with port(s): 8080 (http)
2023-11-16 17:48:24.771  INFO 3716 --- [restartedMain] o.apache.catalina.core.StandardService   : Starting service [Tomcat]
2023-11-16 17:48:24.771  INFO 3716 --- [restartedMain] org.apache.catalina.core.StandardEngine  : Starting Servlet engine: [Apache Tomcat/9.0.82]
2023-11-16 17:48:24.823  INFO 3716 --- [restartedMain] o.a.c.c.C.[Tomcat].[localhost].[/]       : Initializing Spring embedded WebApplicationContext
2023-11-16 17:48:24.824  INFO 3716 --- [restartedMain] w.s.c.ServletWebServerApplicationContext : Root WebApplicationContext: initialization completed in 769 ms
2023-11-16 17:48:25.294  WARN 3716 --- [restartedMain] o.s.b.d.a.OptionalLiveReloadServer       : Unable to start LiveReload server
2023-11-16 17:48:25.308  WARN 3716 --- [restartedMain] ConfigServletWebServerApplicationContext : Exception encountered during context initialization - cancelling refresh attempt: org.springframework.context.ApplicationContextException: Failed to start bean 'webServerStartStop'; nested exception is org.springframework.boot.web.server.PortInUseException: Port 8080 is already in use
2023-11-16 17:48:25.311  INFO 3716 --- [restartedMain] o.apache.catalina.core.StandardService   : Stopping service [Tomcat]
2023-11-16 17:48:25.319  INFO 3716 --- [restartedMain] ConditionEvaluationReportLoggingListener : 

Error starting ApplicationContext. To display the conditions report re-run your application with 'debug' enabled.
2023-11-16 17:48:25.335 ERROR 3716 --- [restartedMain] o.s.b.d.LoggingFailureAnalysisReporter   : 

***************************
APPLICATION FAILED TO START
***************************

Description:

Web server failed to start. Port 8080 was already in use.

Action:

Identify and stop the process that's listening on port 8080 or configure this application to listen on another port.

2023-11-16 17:48:29.095  INFO 10972 --- [RMI TCP Connection(2)-127.0.0.1] inMXBeanRegistrar$SpringApplicationAdmin : Application shutdown requested.
2023-11-16 17:48:29.147  INFO 10972 --- [RMI TCP Connection(2)-127.0.0.1] o.apache.catalina.core.StandardService   : Stopping service [Tomcat]
2023-11-16 17:48:34.963  INFO 8160 --- [restartedMain] BoardFileUploadBootMybatisVueApplication : Starting BoardFileUploadBootMybatisVueApplication using Java 1.8.0_192 on DESKTOP-MDJG1NJ with PID 8160 (C:\SSAFY\SpringBoot\BoardFileUploadBootMybatisVue\bin\main started by SSAFY in C:\SSAFY\SpringBoot\BoardFileUploadBootMybatisVue)
2023-11-16 17:48:34.964  INFO 8160 --- [restartedMain] BoardFileUploadBootMybatisVueApplication : No active profile set, falling back to 1 default profile: "default"
2023-11-16 17:48:34.991  INFO 8160 --- [restartedMain] .e.DevToolsPropertyDefaultsPostProcessor : Devtools property defaults active! Set 'spring.devtools.add-properties' to 'false' to disable
2023-11-16 17:48:34.992  INFO 8160 --- [restartedMain] .e.DevToolsPropertyDefaultsPostProcessor : For additional web related logging consider setting the 'logging.level.web' property to 'DEBUG'
2023-11-16 17:48:35.690  INFO 8160 --- [restartedMain] o.s.b.w.embedded.tomcat.TomcatWebServer  : Tomcat initialized with port(s): 8080 (http)
2023-11-16 17:48:35.695  INFO 8160 --- [restartedMain] o.apache.catalina.core.StandardService   : Starting service [Tomcat]
2023-11-16 17:48:35.696  INFO 8160 --- [restartedMain] org.apache.catalina.core.StandardEngine  : Starting Servlet engine: [Apache Tomcat/9.0.82]
2023-11-16 17:48:35.748  INFO 8160 --- [restartedMain] o.a.c.c.C.[Tomcat].[localhost].[/]       : Initializing Spring embedded WebApplicationContext
2023-11-16 17:48:35.748  INFO 8160 --- [restartedMain] w.s.c.ServletWebServerApplicationContext : Root WebApplicationContext: initialization completed in 756 ms
2023-11-16 17:48:36.210  INFO 8160 --- [restartedMain] o.s.b.d.a.OptionalLiveReloadServer       : LiveReload server is running on port 35729
2023-11-16 17:48:36.232  INFO 8160 --- [restartedMain] o.s.b.w.embedded.tomcat.TomcatWebServer  : Tomcat started on port(s): 8080 (http) with context path ''
2023-11-16 17:48:36.239  INFO 8160 --- [restartedMain] BoardFileUploadBootMybatisVueApplication : Started BoardFileUploadBootMybatisVueApplication in 1.528 seconds (JVM running for 2.012)
2023-11-16 17:48:42.753  INFO 8160 --- [http-nio-8080-exec-1] o.a.c.c.C.[Tomcat].[localhost].[/]       : Initializing Spring DispatcherServlet 'dispatcherServlet'
2023-11-16 17:48:42.754  INFO 8160 --- [http-nio-8080-exec-1] o.s.web.servlet.DispatcherServlet        : Initializing Servlet 'dispatcherServlet'
2023-11-16 17:48:42.754  INFO 8160 --- [http-nio-8080-exec-1] o.s.web.servlet.DispatcherServlet        : Completed initialization in 0 ms
2023-11-16 17:48:50.503  INFO 8160 --- [http-nio-8080-exec-5] com.zaxxer.hikari.HikariDataSource       : HikariPool-1 - Starting...
2023-11-16 17:48:50.646  INFO 8160 --- [http-nio-8080-exec-5] com.zaxxer.hikari.HikariDataSource       : HikariPool-1 - Start completed.
2023-11-16 17:52:06.692  INFO 8160 --- [File Watcher] rtingClassPathChangeChangedEventListener : Restarting due to 1 class path change (0 additions, 0 deletions, 1 modification)
2023-11-16 17:52:06.744  INFO 8160 --- [Thread-6] o.apache.catalina.core.StandardService   : Stopping service [Tomcat]
2023-11-16 17:52:06.745  INFO 8160 --- [Thread-6] o.a.c.c.C.[Tomcat].[localhost].[/]       : Destroying Spring FrameworkServlet 'dispatcherServlet'
2023-11-16 17:52:06.750  WARN 8160 --- [Thread-6] o.a.c.loader.WebappClassLoaderBase       : The web application [ROOT] appears to have started a thread named [HikariPool-1 housekeeper] but has failed to stop it. This is very likely to create a memory leak. Stack trace of thread:
 sun.misc.Unsafe.park(Native Method)
 java.util.concurrent.locks.LockSupport.parkNanos(LockSupport.java:215)
 java.util.concurrent.locks.AbstractQueuedSynchronizer$ConditionObject.awaitNanos(AbstractQueuedSynchronizer.java:2078)
 java.util.concurrent.ScheduledThreadPoolExecutor$DelayedWorkQueue.take(ScheduledThreadPoolExecutor.java:1093)
 java.util.concurrent.ScheduledThreadPoolExecutor$DelayedWorkQueue.take(ScheduledThreadPoolExecutor.java:809)
 java.util.concurrent.ThreadPoolExecutor.getTask(ThreadPoolExecutor.java:1074)
 java.util.concurrent.ThreadPoolExecutor.runWorker(ThreadPoolExecutor.java:1134)
 java.util.concurrent.ThreadPoolExecutor$Worker.run(ThreadPoolExecutor.java:624)
 java.lang.Thread.run(Thread.java:748)
2023-11-16 17:52:06.754  INFO 8160 --- [Thread-6] com.zaxxer.hikari.HikariDataSource       : HikariPool-1 - Shutdown initiated...
2023-11-16 17:52:06.760  INFO 8160 --- [Thread-6] com.zaxxer.hikari.HikariDataSource       : HikariPool-1 - Shutdown completed.
2023-11-16 17:52:06.858  INFO 8160 --- [restartedMain] BoardFileUploadBootMybatisVueApplication : Starting BoardFileUploadBootMybatisVueApplication using Java 1.8.0_192 on DESKTOP-MDJG1NJ with PID 8160 (C:\SSAFY\SpringBoot\BoardFileUploadBootMybatisVue\bin\main started by SSAFY in C:\SSAFY\SpringBoot\BoardFileUploadBootMybatisVue)
2023-11-16 17:52:06.858  INFO 8160 --- [restartedMain] BoardFileUploadBootMybatisVueApplication : No active profile set, falling back to 1 default profile: "default"
2023-11-16 17:52:07.088  INFO 8160 --- [restartedMain] o.s.b.w.embedded.tomcat.TomcatWebServer  : Tomcat initialized with port(s): 8080 (http)
2023-11-16 17:52:07.089  INFO 8160 --- [restartedMain] o.apache.catalina.core.StandardService   : Starting service [Tomcat]
2023-11-16 17:52:07.089  INFO 8160 --- [restartedMain] org.apache.catalina.core.StandardEngine  : Starting Servlet engine: [Apache Tomcat/9.0.82]
2023-11-16 17:52:07.099  INFO 8160 --- [restartedMain] o.a.c.c.C.[Tomcat].[localhost].[/]       : Initializing Spring embedded WebApplicationContext
2023-11-16 17:52:07.099  INFO 8160 --- [restartedMain] w.s.c.ServletWebServerApplicationContext : Root WebApplicationContext: initialization completed in 239 ms
2023-11-16 17:52:07.218  INFO 8160 --- [restartedMain] o.s.b.d.a.OptionalLiveReloadServer       : LiveReload server is running on port 35729
2023-11-16 17:52:07.225  INFO 8160 --- [restartedMain] o.s.b.w.embedded.tomcat.TomcatWebServer  : Tomcat started on port(s): 8080 (http) with context path ''
2023-11-16 17:52:07.228  INFO 8160 --- [restartedMain] BoardFileUploadBootMybatisVueApplication : Started BoardFileUploadBootMybatisVueApplication in 0.395 seconds (JVM running for 213.001)
2023-11-16 17:52:07.229  INFO 8160 --- [restartedMain] .ConditionEvaluationDeltaLoggingListener : Condition evaluation unchanged
2023-11-16 17:56:35.454  INFO 8160 --- [RMI TCP Connection(3)-127.0.0.1] inMXBeanRegistrar$SpringApplicationAdmin : Application shutdown requested.
2023-11-16 17:56:35.454  INFO 8160 --- [RMI TCP Connection(4)-127.0.0.1] inMXBeanRegistrar$SpringApplicationAdmin : Application shutdown requested.
2023-11-16 17:56:35.511  INFO 8160 --- [RMI TCP Connection(3)-127.0.0.1] o.apache.catalina.core.StandardService   : Stopping service [Tomcat]
